[init_project] Root: E:\Matlab\Simulink\S-Function_16
[init_project] Root: E:\Matlab\Simulink\S-Function_16
[init_project] Root: E:\Matlab\Simulink\S-Function_16

========== TCN 训练母集生成 ==========
模型: GRU_DataGen
路径数: 40
每路径 runs: 4
输出: E:\Matlab\Simulink\S-Function_16\data\tcn\TCN_train_data_v3_transition_rich_full.mat
=====================================


╔════════════════════════════════════════════════════════════╗
║     LPVMPC_AGV 模型初始化 (PreLoadFcn, V3.4, 2026-01-22)   ║
╚════════════════════════════════════════════════════════════╝

[init_project] Root: E:\Matlab\Simulink\S-Function_16
[步骤 0/5] 加载基础参数...
  ✓ parameters() 加载成功 (Ts=0.010s, m=200.0kg, L=2.00m)

[步骤 1/5] 加载 LPV 数据库...
  ✓ 文件加载成功: E:\Matlab\Simulink\S-Function_16\data\models\lin_agv_db.mat
  → 使用 db 结构体格式
  ✓ 网格: 11×15×21 (总 3465 点), nx=4, nu=2, nd=1, Ts=0.010s

[步骤 2/5] 创建 MPCPlantBus...
  ✓ MPCPlantBus 创建成功 (nu_md=3 = 2 MV + 1 MD)

[步骤 3/5] 加载优化权重 / ctrl...
  ✓ 权重加载成功 (phase2_best)
  ✓ 从 ctrl.mat 加载控制器 (Np=150)
  → 已将 21 个优化参数注入 ctrl.maps

[步骤 4/5] 加载 GRU 模型...
  ✓ GRU_model 加载成功 (E:\Matlab\Simulink\S-Function_16\data\models\GRU_model.mat)

[步骤 5/5] 初始化总结
  ════════════════════════════════════════════════
  ✓ 基础参数:     已加载 (Ts=0.010s)
  ✓ LPV 数据库:   E:\Matlab\Simulink\S-Function_16\data\models\lin_agv_db.mat (11×15×21)
  ✓ MPCPlantBus:  已创建
  ✓ GRU 模型:     就绪
  ✓ 优化权重:     已加载 (phase2_best)
  ✓ MPC 控制器:   E:\Matlab\Simulink\S-Function_16\data\models\ctrl.mat (Np=150, Nc=50)
  ════════════════════════════════════════════════

✓ 初始化成功！使用优化权重与 GRU 调度

[PreLoadFcn] 完成

[TCN] Preparing runtime workspace for GRU_DataGen
[init_project] Root: E:\Matlab\Simulink\S-Function_16

╔════════════════════════════════════════════════════════════╗
║     LPVMPC_AGV 模型初始化 (PreLoadFcn, V3.4, 2026-01-22)   ║
╚════════════════════════════════════════════════════════════╝

[init_project] Root: E:\Matlab\Simulink\S-Function_16
[步骤 0/5] 加载基础参数...
  ✓ parameters() 加载成功 (Ts=0.010s, m=200.0kg, L=2.00m)

[步骤 1/5] 加载 LPV 数据库...
  ✓ 文件加载成功: E:\Matlab\Simulink\S-Function_16\data\models\lin_agv_db.mat
  → 使用 db 结构体格式
  ✓ 网格: 11×15×21 (总 3465 点), nx=4, nu=2, nd=1, Ts=0.010s

[步骤 2/5] 创建 MPCPlantBus...
  ✓ MPCPlantBus 创建成功 (nu_md=3 = 2 MV + 1 MD)

[步骤 3/5] 加载优化权重 / ctrl...
  ✓ 权重加载成功 (phase2_best)
  ✓ 从 ctrl.mat 加载控制器 (Np=150)
  → 已将 21 个优化参数注入 ctrl.maps

[步骤 4/5] 加载 GRU 模型...
  ✓ GRU_model 加载成功 (E:\Matlab\Simulink\S-Function_16\data\models\GRU_model.mat)

[步骤 5/5] 初始化总结
  ════════════════════════════════════════════════
  ✓ 基础参数:     已加载 (Ts=0.010s)
  ✓ LPV 数据库:   E:\Matlab\Simulink\S-Function_16\data\models\lin_agv_db.mat (11×15×21)
  ✓ MPCPlantBus:  已创建
  ✓ GRU 模型:     就绪
  ✓ 优化权重:     已加载 (phase2_best)
  ✓ MPC 控制器:   E:\Matlab\Simulink\S-Function_16\data\models\ctrl.mat (Np=150, Nc=50)
  ════════════════════════════════════════════════

✓ 初始化成功！使用优化权重与 GRU 调度

[PreLoadFcn] 完成

[001/160] path_train_tcn_v3_01_flat_speed_variation | rep=1 ...    Assuming no disturbance added to measured output #1.
-->Assuming output disturbance added to measured output #2 is integrated white noise.
-->Assuming output disturbance added to measured output #3 is integrated white noise.
-->Assuming output disturbance added to measured output #4 is integrated white noise.
-->"Model.Noise" is empty. Assuming white noise on each measured output.
ok N=1801 | flat=1801 stall=0 slope=0 turn=0 slip=0 load=289
[002/160] path_train_tcn_v3_01_flat_speed_variation | rep=2 ...    Assuming no disturbance added to measured output #1.
-->Assuming output disturbance added to measured output #2 is integrated white noise.
-->Assuming output disturbance added to measured output #3 is integrated white noise.
-->Assuming output disturbance added to measured output #4 is integrated white noise.
-->"Model.Noise" is empty. Assuming white noise on each measured output.
ok N=1801 | flat=1801 stall=0 slope=0 turn=0 slip=229 load=0
[003/160] path_train_tcn_v3_01_flat_speed_variation | rep=3 ...    Assuming no disturbance added to measured output #1.
-->Assuming output disturbance added to measured output #2 is integrated white noise.
-->Assuming output disturbance added to measured output #3 is integrated white noise.
-->Assuming output disturbance added to measured output #4 is integrated white noise.
-->"Model.Noise" is empty. Assuming white noise on each measured output.
ok N=1801 | flat=1537 stall=264 slope=0 turn=0 slip=145 load=0
[004/160] path_train_tcn_v3_01_flat_speed_variation | rep=4 ...    Assuming no disturbance added to measured output #1.
-->Assuming output disturbance added to measured output #2 is integrated white noise.
-->Assuming output disturbance added to measured output #3 is integrated white noise.
-->Assuming output disturbance added to measured output #4 is integrated white noise.
-->"Model.Noise" is empty. Assuming white noise on each measured output.
ok N=1801 | flat=1801 stall=0 slope=0 turn=0 slip=207 load=241
[005/160] path_train_tcn_v3_02_left_turn_entry_exit | rep=1 ...    Assuming no disturbance added to measured output #1.
-->Assuming output disturbance added to measured output #2 is integrated white noise.
-->Assuming output disturbance added to measured output #3 is integrated white noise.
-->Assuming output disturbance added to measured output #4 is integrated white noise.
-->"Model.Noise" is empty. Assuming white noise on each measured output.
ok N=2001 | flat=1824 stall=177 slope=0 turn=931 slip=0 load=0
[006/160] path_train_tcn_v3_02_left_turn_entry_exit | rep=2 ...    Assuming no disturbance added to measured output #1.
-->Assuming output disturbance added to measured output #2 is integrated white noise.
-->Assuming output disturbance added to measured output #3 is integrated white noise.
-->Assuming output disturbance added to measured output #4 is integrated white noise.
-->"Model.Noise" is empty. Assuming white noise on each measured output.
ok N=2001 | flat=2001 stall=0 slope=0 turn=931 slip=0 load=258
[007/160] path_train_tcn_v3_02_left_turn_entry_exit | rep=3 ...    Assuming no disturbance added to measured output #1.
-->Assuming output disturbance added to measured output #2 is integrated white noise.
-->Assuming output disturbance added to measured output #3 is integrated white noise.
-->Assuming output disturbance added to measured output #4 is integrated white noise.
-->"Model.Noise" is empty. Assuming white noise on each measured output.
ok N=2001 | flat=2001 stall=0 slope=0 turn=931 slip=188 load=0
[008/160] path_train_tcn_v3_02_left_turn_entry_exit | rep=4 ...    Assuming no disturbance added to measured output #1.
-->Assuming output disturbance added to measured output #2 is integrated white noise.
-->Assuming output disturbance added to measured output #3 is integrated white noise.
-->Assuming output disturbance added to measured output #4 is integrated white noise.
-->"Model.Noise" is empty. Assuming white noise on each measured output.
ok N=2001 | flat=2001 stall=0 slope=0 turn=931 slip=0 load=301
[009/160] path_train_tcn_v3_03_right_turn_entry_exit | rep=1 ...    Assuming no disturbance added to measured output #1.
-->Assuming output disturbance added to measured output #2 is integrated white noise.
-->Assuming output disturbance added to measured output #3 is integrated white noise.
-->Assuming output disturbance added to measured output #4 is integrated white noise.
-->"Model.Noise" is empty. Assuming white noise on each measured output.
ok N=2001 | flat=1738 stall=263 slope=0 turn=931 slip=0 load=0
[010/160] path_train_tcn_v3_03_right_turn_entry_exit | rep=2 ...    Assuming no disturbance added to measured output #1.
-->Assuming output disturbance added to measured output #2 is integrated white noise.
-->Assuming output disturbance added to measured output #3 is integrated white noise.
-->Assuming output disturbance added to measured output #4 is integrated white noise.
-->"Model.Noise" is empty. Assuming white noise on each measured output.
ok N=2001 | flat=2001 stall=0 slope=0 turn=931 slip=142 load=0
[011/160] path_train_tcn_v3_03_right_turn_entry_exit | rep=3 ...    Assuming no disturbance added to measured output #1.
-->Assuming output disturbance added to measured output #2 is integrated white noise.
-->Assuming output disturbance added to measured output #3 is integrated white noise.
-->Assuming output disturbance added to measured output #4 is integrated white noise.
-->"Model.Noise" is empty. Assuming white noise on each measured output.
ok N=2001 | flat=1795 stall=206 slope=0 turn=931 slip=0 load=0
[012/160] path_train_tcn_v3_03_right_turn_entry_exit | rep=4 ...    Assuming no disturbance added to measured output #1.
-->Assuming output disturbance added to measured output #2 is integrated white noise.
-->Assuming output disturbance added to measured output #3 is integrated white noise.
-->Assuming output disturbance added to measured output #4 is integrated white noise.
-->"Model.Noise" is empty. Assuming white noise on each measured output.
ok N=2001 | flat=1768 stall=233 slope=0 turn=931 slip=0 load=251
[013/160] path_train_tcn_v3_04_slope_up_down | rep=1 ...    Assuming no disturbance added to measured output #1.
-->Assuming output disturbance added to measured output #2 is integrated white noise.
-->Assuming output disturbance added to measured output #3 is integrated white noise.
-->Assuming output disturbance added to measured output #4 is integrated white noise.
-->"Model.Noise" is empty. Assuming white noise on each measured output.
ok N=2401 | flat=1174 stall=256 slope=971 turn=0 slip=0 load=0
[014/160] path_train_tcn_v3_04_slope_up_down | rep=2 ...    Assuming no disturbance added to measured output #1.
-->Assuming output disturbance added to measured output #2 is integrated white noise.
-->Assuming output disturbance added to measured output #3 is integrated white noise.
-->Assuming output disturbance added to measured output #4 is integrated white noise.
-->"Model.Noise" is empty. Assuming white noise on each measured output.
ok N=2401 | flat=1174 stall=162 slope=1065 turn=0 slip=0 load=165
[015/160] path_train_tcn_v3_04_slope_up_down | rep=3 ...    Assuming no disturbance added to measured output #1.
-->Assuming output disturbance added to measured output #2 is integrated white noise.
-->Assuming output disturbance added to measured output #3 is integrated white noise.
-->Assuming output disturbance added to measured output #4 is integrated white noise.
-->"Model.Noise" is empty. Assuming white noise on each measured output.
ok N=2401 | flat=1174 stall=268 slope=959 turn=0 slip=0 load=263
[016/160] path_train_tcn_v3_04_slope_up_down | rep=4 ...    Assuming no disturbance added to measured output #1.
-->Assuming output disturbance added to measured output #2 is integrated white noise.
-->Assuming output disturbance added to measured output #3 is integrated white noise.
-->Assuming output disturbance added to measured output #4 is integrated white noise.
-->"Model.Noise" is empty. Assuming white noise on each measured output.
ok N=2401 | flat=1174 stall=169 slope=1058 turn=0 slip=0 load=0
[017/160] path_train_tcn_v3_05_down_slope_recovery | rep=1 ...    Assuming no disturbance added to measured output #1.
-->Assuming output disturbance added to measured output #2 is integrated white noise.
-->Assuming output disturbance added to measured output #3 is integrated white noise.
-->Assuming output disturbance added to measured output #4 is integrated white noise.
-->"Model.Noise" is empty. Assuming white noise on each measured output.
ok N=2401 | flat=1200 stall=0 slope=1201 turn=0 slip=208 load=0
[018/160] path_train_tcn_v3_05_down_slope_recovery | rep=2 ...    Assuming no disturbance added to measured output #1.
-->Assuming output disturbance added to measured output #2 is integrated white noise.
-->Assuming output disturbance added to measured output #3 is integrated white noise.
-->Assuming output disturbance added to measured output #4 is integrated white noise.
-->"Model.Noise" is empty. Assuming white noise on each measured output.
ok N=2401 | flat=1200 stall=0 slope=1201 turn=0 slip=261 load=0
[019/160] path_train_tcn_v3_05_down_slope_recovery | rep=3 ...    Assuming no disturbance added to measured output #1.
-->Assuming output disturbance added to measured output #2 is integrated white noise.
-->Assuming output disturbance added to measured output #3 is integrated white noise.
-->Assuming output disturbance added to measured output #4 is integrated white noise.
-->"Model.Noise" is empty. Assuming white noise on each measured output.
ok N=2401 | flat=1200 stall=0 slope=1201 turn=0 slip=0 load=161
[020/160] path_train_tcn_v3_05_down_slope_recovery | rep=4 ...    Assuming no disturbance added to measured output #1.
-->Assuming output disturbance added to measured output #2 is integrated white noise.
-->Assuming output disturbance added to measured output #3 is integrated white noise.
-->Assuming output disturbance added to measured output #4 is integrated white noise.
-->"Model.Noise" is empty. Assuming white noise on each measured output.
ok N=2401 | flat=1200 stall=0 slope=1201 turn=0 slip=0 load=297
[021/160] path_train_tcn_v3_06_s_curve_balanced | rep=1 ...    Assuming no disturbance added to measured output #1.
-->Assuming output disturbance added to measured output #2 is integrated white noise.
-->Assuming output disturbance added to measured output #3 is integrated white noise.
-->Assuming output disturbance added to measured output #4 is integrated white noise.
-->"Model.Noise" is empty. Assuming white noise on each measured output.
ok N=2801 | flat=2801 stall=0 slope=0 turn=1500 slip=0 load=291
[022/160] path_train_tcn_v3_06_s_curve_balanced | rep=2 ...    Assuming no disturbance added to measured output #1.
-->Assuming output disturbance added to measured output #2 is integrated white noise.
-->Assuming output disturbance added to measured output #3 is integrated white noise.
-->Assuming output disturbance added to measured output #4 is integrated white noise.
-->"Model.Noise" is empty. Assuming white noise on each measured output.
ok N=2801 | flat=2512 stall=289 slope=0 turn=1500 slip=0 load=234
[023/160] path_train_tcn_v3_06_s_curve_balanced | rep=3 ...    Assuming no disturbance added to measured output #1.
-->Assuming output disturbance added to measured output #2 is integrated white noise.
-->Assuming output disturbance added to measured output #3 is integrated white noise.
-->Assuming output disturbance added to measured output #4 is integrated white noise.
-->"Model.Noise" is empty. Assuming white noise on each measured output.
ok N=2801 | flat=2801 stall=0 slope=0 turn=1500 slip=162 load=0
[024/160] path_train_tcn_v3_06_s_curve_balanced | rep=4 ...    Assuming no disturbance added to measured output #1.
-->Assuming output disturbance added to measured output #2 is integrated white noise.
-->Assuming output disturbance added to measured output #3 is integrated white noise.
-->Assuming output disturbance added to measured output #4 is integrated white noise.
-->"Model.Noise" is empty. Assuming white noise on each measured output.
ok N=2801 | flat=2801 stall=0 slope=0 turn=1500 slip=0 load=302
[025/160] path_train_tcn_v3_07_slope_left_turn_combo | rep=1 ...    Assuming no disturbance added to measured output #1.
-->Assuming output disturbance added to measured output #2 is integrated white noise.
-->Assuming output disturbance added to measured output #3 is integrated white noise.
-->Assuming output disturbance added to measured output #4 is integrated white noise.
-->"Model.Noise" is empty. Assuming white noise on each measured output.
ok N=3001 | flat=1086 stall=263 slope=1652 turn=1023 slip=0 load=0
[026/160] path_train_tcn_v3_07_slope_left_turn_combo | rep=2 ...    Assuming no disturbance added to measured output #1.
-->Assuming output disturbance added to measured output #2 is integrated white noise.
-->Assuming output disturbance added to measured output #3 is integrated white noise.
-->Assuming output disturbance added to measured output #4 is integrated white noise.
-->"Model.Noise" is empty. Assuming white noise on each measured output.
ok N=3001 | flat=1086 stall=231 slope=1684 turn=1023 slip=0 load=283
[027/160] path_train_tcn_v3_07_slope_left_turn_combo | rep=3 ...    Assuming no disturbance added to measured output #1.
-->Assuming output disturbance added to measured output #2 is integrated white noise.
-->Assuming output disturbance added to measured output #3 is integrated white noise.
-->Assuming output disturbance added to measured output #4 is integrated white noise.
-->"Model.Noise" is empty. Assuming white noise on each measured output.
ok N=3001 | flat=1086 stall=0 slope=1915 turn=1023 slip=239 load=258
[028/160] path_train_tcn_v3_07_slope_left_turn_combo | rep=4 ...    Assuming no disturbance added to measured output #1.
-->Assuming output disturbance added to measured output #2 is integrated white noise.
-->Assuming output disturbance added to measured output #3 is integrated white noise.
-->Assuming output disturbance added to measured output #4 is integrated white noise.
-->"Model.Noise" is empty. Assuming white noise on each measured output.
ok N=3001 | flat=1086 stall=0 slope=1915 turn=1023 slip=0 load=303
[029/160] path_train_tcn_v3_08_slope_right_turn_combo | rep=1 ...    Assuming no disturbance added to measured output #1.
-->Assuming output disturbance added to measured output #2 is integrated white noise.
-->Assuming output disturbance added to measured output #3 is integrated white noise.
-->Assuming output disturbance added to measured output #4 is integrated white noise.
-->"Model.Noise" is empty. Assuming white noise on each measured output.
ok N=3001 | flat=1086 stall=0 slope=1915 turn=1023 slip=0 load=253
[030/160] path_train_tcn_v3_08_slope_right_turn_combo | rep=2 ...    Assuming no disturbance added to measured output #1.
-->Assuming output disturbance added to measured output #2 is integrated white noise.
-->Assuming output disturbance added to measured output #3 is integrated white noise.
-->Assuming output disturbance added to measured output #4 is integrated white noise.
-->"Model.Noise" is empty. Assuming white noise on each measured output.
ok N=3001 | flat=1086 stall=172 slope=1743 turn=1023 slip=0 load=289
[031/160] path_train_tcn_v3_08_slope_right_turn_combo | rep=3 ...    Assuming no disturbance added to measured output #1.
-->Assuming output disturbance added to measured output #2 is integrated white noise.
-->Assuming output disturbance added to measured output #3 is integrated white noise.
-->Assuming output disturbance added to measured output #4 is integrated white noise.
-->"Model.Noise" is empty. Assuming white noise on each measured output.
ok N=3001 | flat=1086 stall=0 slope=1915 turn=1023 slip=252 load=0
[032/160] path_train_tcn_v3_08_slope_right_turn_combo | rep=4 ...    Assuming no disturbance added to measured output #1.
-->Assuming output disturbance added to measured output #2 is integrated white noise.
-->Assuming output disturbance added to measured output #3 is integrated white noise.
-->Assuming output disturbance added to measured output #4 is integrated white noise.
-->"Model.Noise" is empty. Assuming white noise on each measured output.
ok N=3001 | flat=1086 stall=179 slope=1736 turn=1023 slip=0 load=264
[033/160] path_train_tcn_v3_09_load_change_candidate | rep=1 ...    Assuming no disturbance added to measured output #1.
-->Assuming output disturbance added to measured output #2 is integrated white noise.
-->Assuming output disturbance added to measured output #3 is integrated white noise.
-->Assuming output disturbance added to measured output #4 is integrated white noise.
-->"Model.Noise" is empty. Assuming white noise on each measured output.
ok N=2201 | flat=1446 stall=0 slope=755 turn=0 slip=216 load=0
[034/160] path_train_tcn_v3_09_load_change_candidate | rep=2 ...    Assuming no disturbance added to measured output #1.
-->Assuming output disturbance added to measured output #2 is integrated white noise.
-->Assuming output disturbance added to measured output #3 is integrated white noise.
-->Assuming output disturbance added to measured output #4 is integrated white noise.
-->"Model.Noise" is empty. Assuming white noise on each measured output.
ok N=2201 | flat=1446 stall=0 slope=755 turn=0 slip=244 load=0
[035/160] path_train_tcn_v3_09_load_change_candidate | rep=3 ...    Assuming no disturbance added to measured output #1.
-->Assuming output disturbance added to measured output #2 is integrated white noise.
-->Assuming output disturbance added to measured output #3 is integrated white noise.
-->Assuming output disturbance added to measured output #4 is integrated white noise.
-->"Model.Noise" is empty. Assuming white noise on each measured output.
ok N=2201 | flat=1160 stall=286 slope=755 turn=0 slip=189 load=0
[036/160] path_train_tcn_v3_09_load_change_candidate | rep=4 ...    Assuming no disturbance added to measured output #1.
-->Assuming output disturbance added to measured output #2 is integrated white noise.
-->Assuming output disturbance added to measured output #3 is integrated white noise.
-->Assuming output disturbance added to measured output #4 is integrated white noise.
-->"Model.Noise" is empty. Assuming white noise on each measured output.
ok N=2201 | flat=1446 stall=0 slope=755 turn=0 slip=0 load=165
[037/160] path_train_tcn_v3_10_stall_candidate_low_speed | rep=1 ...    Assuming no disturbance added to measured output #1.
-->Assuming output disturbance added to measured output #2 is integrated white noise.
-->Assuming output disturbance added to measured output #3 is integrated white noise.
-->Assuming output disturbance added to measured output #4 is integrated white noise.
-->"Model.Noise" is empty. Assuming white noise on each measured output.
ok N=2001 | flat=2001 stall=0 slope=0 turn=0 slip=0 load=152
[038/160] path_train_tcn_v3_10_stall_candidate_low_speed | rep=2 ...    Assuming no disturbance added to measured output #1.
-->Assuming output disturbance added to measured output #2 is integrated white noise.
-->Assuming output disturbance added to measured output #3 is integrated white noise.
-->Assuming output disturbance added to measured output #4 is integrated white noise.
-->"Model.Noise" is empty. Assuming white noise on each measured output.
ok N=2001 | flat=1759 stall=242 slope=0 turn=0 slip=0 load=0
[039/160] path_train_tcn_v3_10_stall_candidate_low_speed | rep=3 ...    Assuming no disturbance added to measured output #1.
-->Assuming output disturbance added to measured output #2 is integrated white noise.
-->Assuming output disturbance added to measured output #3 is integrated white noise.
-->Assuming output disturbance added to measured output #4 is integrated white noise.
-->"Model.Noise" is empty. Assuming white noise on each measured output.
ok N=2001 | flat=2001 stall=0 slope=0 turn=0 slip=0 load=194
[040/160] path_train_tcn_v3_10_stall_candidate_low_speed | rep=4 ...    Assuming no disturbance added to measured output #1.
-->Assuming output disturbance added to measured output #2 is integrated white noise.
-->Assuming output disturbance added to measured output #3 is integrated white noise.
-->Assuming output disturbance added to measured output #4 is integrated white noise.
-->"Model.Noise" is empty. Assuming white noise on each measured output.
ok N=2001 | flat=2001 stall=0 slope=0 turn=0 slip=0 load=222
[041/160] path_train_tcn_v3_11_multi_turn_left_variable_radius | rep=1 ...    Assuming no disturbance added to measured output #1.
-->Assuming output disturbance added to measured output #2 is integrated white noise.
-->Assuming output disturbance added to measured output #3 is integrated white noise.
-->Assuming output disturbance added to measured output #4 is integrated white noise.
-->"Model.Noise" is empty. Assuming white noise on each measured output.
ok N=3201 | flat=3201 stall=0 slope=0 turn=2237 slip=195 load=0
[042/160] path_train_tcn_v3_11_multi_turn_left_variable_radius | rep=2 ...    Assuming no disturbance added to measured output #1.
-->Assuming output disturbance added to measured output #2 is integrated white noise.
-->Assuming output disturbance added to measured output #3 is integrated white noise.
-->Assuming output disturbance added to measured output #4 is integrated white noise.
-->"Model.Noise" is empty. Assuming white noise on each measured output.
ok N=3201 | flat=3201 stall=0 slope=0 turn=2237 slip=262 load=0
[043/160] path_train_tcn_v3_11_multi_turn_left_variable_radius | rep=3 ...    Assuming no disturbance added to measured output #1.
-->Assuming output disturbance added to measured output #2 is integrated white noise.
-->Assuming output disturbance added to measured output #3 is integrated white noise.
-->Assuming output disturbance added to measured output #4 is integrated white noise.
-->"Model.Noise" is empty. Assuming white noise on each measured output.
ok N=3201 | flat=3201 stall=0 slope=0 turn=2237 slip=0 load=241
[044/160] path_train_tcn_v3_11_multi_turn_left_variable_radius | rep=4 ...    Assuming no disturbance added to measured output #1.
-->Assuming output disturbance added to measured output #2 is integrated white noise.
-->Assuming output disturbance added to measured output #3 is integrated white noise.
-->Assuming output disturbance added to measured output #4 is integrated white noise.
-->"Model.Noise" is empty. Assuming white noise on each measured output.
ok N=3201 | flat=3201 stall=0 slope=0 turn=2237 slip=233 load=0
[045/160] path_train_tcn_v3_12_multi_turn_right_variable_radius | rep=1 ...    Assuming no disturbance added to measured output #1.
-->Assuming output disturbance added to measured output #2 is integrated white noise.
-->Assuming output disturbance added to measured output #3 is integrated white noise.
-->Assuming output disturbance added to measured output #4 is integrated white noise.
-->"Model.Noise" is empty. Assuming white noise on each measured output.
ok N=3201 | flat=3201 stall=0 slope=0 turn=2237 slip=193 load=0
[046/160] path_train_tcn_v3_12_multi_turn_right_variable_radius | rep=2 ...    Assuming no disturbance added to measured output #1.
-->Assuming output disturbance added to measured output #2 is integrated white noise.
-->Assuming output disturbance added to measured output #3 is integrated white noise.
-->Assuming output disturbance added to measured output #4 is integrated white noise.
-->"Model.Noise" is empty. Assuming white noise on each measured output.
ok N=3201 | flat=2973 stall=228 slope=0 turn=2237 slip=0 load=167
[047/160] path_train_tcn_v3_12_multi_turn_right_variable_radius | rep=3 ...    Assuming no disturbance added to measured output #1.
-->Assuming output disturbance added to measured output #2 is integrated white noise.
-->Assuming output disturbance added to measured output #3 is integrated white noise.
-->Assuming output disturbance added to measured output #4 is integrated white noise.
-->"Model.Noise" is empty. Assuming white noise on each measured output.
ok N=3201 | flat=2935 stall=266 slope=0 turn=2237 slip=0 load=276
[048/160] path_train_tcn_v3_12_multi_turn_right_variable_radius | rep=4 ...    Assuming no disturbance added to measured output #1.
-->Assuming output disturbance added to measured output #2 is integrated white noise.
-->Assuming output disturbance added to measured output #3 is integrated white noise.
-->Assuming output disturbance added to measured output #4 is integrated white noise.
-->"Model.Noise" is empty. Assuming white noise on each measured output.
ok N=3201 | flat=2947 stall=254 slope=0 turn=2237 slip=0 load=193
[049/160] path_train_tcn_v3_13_steep_slope_transition | rep=1 ...    Assuming no disturbance added to measured output #1.
-->Assuming output disturbance added to measured output #2 is integrated white noise.
-->Assuming output disturbance added to measured output #3 is integrated white noise.
-->Assuming output disturbance added to measured output #4 is integrated white noise.
-->"Model.Noise" is empty. Assuming white noise on each measured output.
ok N=2801 | flat=1237 stall=280 slope=1284 turn=0 slip=0 load=0
[050/160] path_train_tcn_v3_13_steep_slope_transition | rep=2 ...    Assuming no disturbance added to measured output #1.
-->Assuming output disturbance added to measured output #2 is integrated white noise.
-->Assuming output disturbance added to measured output #3 is integrated white noise.
-->Assuming output disturbance added to measured output #4 is integrated white noise.
-->"Model.Noise" is empty. Assuming white noise on each measured output.
ok N=2801 | flat=1237 stall=197 slope=1367 turn=0 slip=0 load=213
[051/160] path_train_tcn_v3_13_steep_slope_transition | rep=3 ...    Assuming no disturbance added to measured output #1.
-->Assuming output disturbance added to measured output #2 is integrated white noise.
-->Assuming output disturbance added to measured output #3 is integrated white noise.
-->Assuming output disturbance added to measured output #4 is integrated white noise.
-->"Model.Noise" is empty. Assuming white noise on each measured output.
ok N=2801 | flat=1237 stall=0 slope=1564 turn=0 slip=122 load=0
[052/160] path_train_tcn_v3_13_steep_slope_transition | rep=4 ...    Assuming no disturbance added to measured output #1.
-->Assuming output disturbance added to measured output #2 is integrated white noise.
-->Assuming output disturbance added to measured output #3 is integrated white noise.
-->Assuming output disturbance added to measured output #4 is integrated white noise.
-->"Model.Noise" is empty. Assuming white noise on each measured output.
ok N=2801 | flat=1237 stall=292 slope=1272 turn=0 slip=0 load=0
[053/160] path_train_tcn_v3_14_downhill_turn_transition | rep=1 ...    Assuming no disturbance added to measured output #1.
-->Assuming output disturbance added to measured output #2 is integrated white noise.
-->Assuming output disturbance added to measured output #3 is integrated white noise.
-->Assuming output disturbance added to measured output #4 is integrated white noise.
-->"Model.Noise" is empty. Assuming white noise on each measured output.
ok N=3001 | flat=1144 stall=182 slope=1675 turn=931 slip=122 load=0
[054/160] path_train_tcn_v3_14_downhill_turn_transition | rep=2 ...    Assuming no disturbance added to measured output #1.
-->Assuming output disturbance added to measured output #2 is integrated white noise.
-->Assuming output disturbance added to measured output #3 is integrated white noise.
-->Assuming output disturbance added to measured output #4 is integrated white noise.
-->"Model.Noise" is empty. Assuming white noise on each measured output.
ok N=3001 | flat=1144 stall=246 slope=1611 turn=931 slip=0 load=0
[055/160] path_train_tcn_v3_14_downhill_turn_transition | rep=3 ...    Assuming no disturbance added to measured output #1.
-->Assuming output disturbance added to measured output #2 is integrated white noise.
-->Assuming output disturbance added to measured output #3 is integrated white noise.
-->Assuming output disturbance added to measured output #4 is integrated white noise.
-->"Model.Noise" is empty. Assuming white noise on each measured output.
ok N=3001 | flat=1144 stall=0 slope=1857 turn=931 slip=218 load=0
[056/160] path_train_tcn_v3_14_downhill_turn_transition | rep=4 ...    Assuming no disturbance added to measured output #1.
-->Assuming output disturbance added to measured output #2 is integrated white noise.
-->Assuming output disturbance added to measured output #3 is integrated white noise.
-->Assuming output disturbance added to measured output #4 is integrated white noise.
-->"Model.Noise" is empty. Assuming white noise on each measured output.
ok N=3001 | flat=1144 stall=0 slope=1857 turn=931 slip=226 load=0
[057/160] path_train_tcn_v3_15_bumpy_theta_local | rep=1 ...    Assuming no disturbance added to measured output #1.
-->Assuming output disturbance added to measured output #2 is integrated white noise.
-->Assuming output disturbance added to measured output #3 is integrated white noise.
-->Assuming output disturbance added to measured output #4 is integrated white noise.
-->"Model.Noise" is empty. Assuming white noise on each measured output.
ok N=3001 | flat=2150 stall=0 slope=851 turn=0 slip=174 load=0
[058/160] path_train_tcn_v3_15_bumpy_theta_local | rep=2 ...    Assuming no disturbance added to measured output #1.
-->Assuming output disturbance added to measured output #2 is integrated white noise.
-->Assuming output disturbance added to measured output #3 is integrated white noise.
-->Assuming output disturbance added to measured output #4 is integrated white noise.
-->"Model.Noise" is empty. Assuming white noise on each measured output.
ok N=3001 | flat=2150 stall=0 slope=851 turn=0 slip=0 load=472
[059/160] path_train_tcn_v3_15_bumpy_theta_local | rep=3 ...    Assuming no disturbance added to measured output #1.
-->Assuming output disturbance added to measured output #2 is integrated white noise.
-->Assuming output disturbance added to measured output #3 is integrated white noise.
-->Assuming output disturbance added to measured output #4 is integrated white noise.
-->"Model.Noise" is empty. Assuming white noise on each measured output.
ok N=3001 | flat=2150 stall=0 slope=851 turn=0 slip=0 load=155
[060/160] path_train_tcn_v3_15_bumpy_theta_local | rep=4 ...    Assuming no disturbance added to measured output #1.
-->Assuming output disturbance added to measured output #2 is integrated white noise.
-->Assuming output disturbance added to measured output #3 is integrated white noise.
-->Assuming output disturbance added to measured output #4 is integrated white noise.
-->"Model.Noise" is empty. Assuming white noise on each measured output.
ok N=3001 | flat=2046 stall=168 slope=787 turn=0 slip=232 load=0
[061/160] path_train_tcn_v3_16_disturbance_transition_meta | rep=1 ...    Assuming no disturbance added to measured output #1.
-->Assuming output disturbance added to measured output #2 is integrated white noise.
-->Assuming output disturbance added to measured output #3 is integrated white noise.
-->Assuming output disturbance added to measured output #4 is integrated white noise.
-->"Model.Noise" is empty. Assuming white noise on each measured output.
ok N=2601 | flat=1352 stall=223 slope=1026 turn=1118 slip=201 load=0
[062/160] path_train_tcn_v3_16_disturbance_transition_meta | rep=2 ...    Assuming no disturbance added to measured output #1.
-->Assuming output disturbance added to measured output #2 is integrated white noise.
-->Assuming output disturbance added to measured output #3 is integrated white noise.
-->Assuming output disturbance added to measured output #4 is integrated white noise.
-->"Model.Noise" is empty. Assuming white noise on each measured output.
ok N=2601 | flat=1575 stall=0 slope=1026 turn=1118 slip=0 load=301
[063/160] path_train_tcn_v3_16_disturbance_transition_meta | rep=3 ...    Assuming no disturbance added to measured output #1.
-->Assuming output disturbance added to measured output #2 is integrated white noise.
-->Assuming output disturbance added to measured output #3 is integrated white noise.
-->Assuming output disturbance added to measured output #4 is integrated white noise.
-->"Model.Noise" is empty. Assuming white noise on each measured output.
ok N=2601 | flat=1575 stall=0 slope=1026 turn=1118 slip=127 load=0
[064/160] path_train_tcn_v3_16_disturbance_transition_meta | rep=4 ...    Assuming no disturbance added to measured output #1.
-->Assuming output disturbance added to measured output #2 is integrated white noise.
-->Assuming output disturbance added to measured output #3 is integrated white noise.
-->Assuming output disturbance added to measured output #4 is integrated white noise.
-->"Model.Noise" is empty. Assuming white noise on each measured output.
ok N=2601 | flat=1575 stall=0 slope=1026 turn=1118 slip=139 load=201
[065/160] path_train_tcn_v3_17_challenge_fast_s_curve | rep=1 ...    Assuming no disturbance added to measured output #1.
-->Assuming output disturbance added to measured output #2 is integrated white noise.
-->Assuming output disturbance added to measured output #3 is integrated white noise.
-->Assuming output disturbance added to measured output #4 is integrated white noise.
-->"Model.Noise" is empty. Assuming white noise on each measured output.
ok N=2601 | flat=2198 stall=403 slope=0 turn=1336 slip=0 load=0
[066/160] path_train_tcn_v3_17_challenge_fast_s_curve | rep=2 ...    Assuming no disturbance added to measured output #1.
-->Assuming output disturbance added to measured output #2 is integrated white noise.
-->Assuming output disturbance added to measured output #3 is integrated white noise.
-->Assuming output disturbance added to measured output #4 is integrated white noise.
-->"Model.Noise" is empty. Assuming white noise on each measured output.
ok N=2601 | flat=2162 stall=439 slope=0 turn=1336 slip=0 load=0
[067/160] path_train_tcn_v3_17_challenge_fast_s_curve | rep=3 ...    Assuming no disturbance added to measured output #1.
-->Assuming output disturbance added to measured output #2 is integrated white noise.
-->Assuming output disturbance added to measured output #3 is integrated white noise.
-->Assuming output disturbance added to measured output #4 is integrated white noise.
-->"Model.Noise" is empty. Assuming white noise on each measured output.
ok N=2601 | flat=2390 stall=211 slope=0 turn=1336 slip=0 load=0
[068/160] path_train_tcn_v3_17_challenge_fast_s_curve | rep=4 ...    Assuming no disturbance added to measured output #1.
-->Assuming output disturbance added to measured output #2 is integrated white noise.
-->Assuming output disturbance added to measured output #3 is integrated white noise.
-->Assuming output disturbance added to measured output #4 is integrated white noise.
-->"Model.Noise" is empty. Assuming white noise on each measured output.
ok N=2601 | flat=2601 stall=0 slope=0 turn=1336 slip=212 load=0
[069/160] path_train_tcn_v3_18_challenge_steep_combo | rep=1 ...    Assuming no disturbance added to measured output #1.
-->Assuming output disturbance added to measured output #2 is integrated white noise.
-->Assuming output disturbance added to measured output #3 is integrated white noise.
-->Assuming output disturbance added to measured output #4 is integrated white noise.
-->"Model.Noise" is empty. Assuming white noise on each measured output.
ok N=3401 | flat=802 stall=174 slope=2425 turn=1718 slip=212 load=0
[070/160] path_train_tcn_v3_18_challenge_steep_combo | rep=2 ...    Assuming no disturbance added to measured output #1.
-->Assuming output disturbance added to measured output #2 is integrated white noise.
-->Assuming output disturbance added to measured output #3 is integrated white noise.
-->Assuming output disturbance added to measured output #4 is integrated white noise.
-->"Model.Noise" is empty. Assuming white noise on each measured output.
ok N=3401 | flat=802 stall=0 slope=2599 turn=1718 slip=0 load=284
[071/160] path_train_tcn_v3_18_challenge_steep_combo | rep=3 ...    Assuming no disturbance added to measured output #1.
-->Assuming output disturbance added to measured output #2 is integrated white noise.
-->Assuming output disturbance added to measured output #3 is integrated white noise.
-->Assuming output disturbance added to measured output #4 is integrated white noise.
-->"Model.Noise" is empty. Assuming white noise on each measured output.
ok N=3401 | flat=802 stall=0 slope=2599 turn=1718 slip=0 load=183
[072/160] path_train_tcn_v3_18_challenge_steep_combo | rep=4 ...    Assuming no disturbance added to measured output #1.
-->Assuming output disturbance added to measured output #2 is integrated white noise.
-->Assuming output disturbance added to measured output #3 is integrated white noise.
-->Assuming output disturbance added to measured output #4 is integrated white noise.
-->"Model.Noise" is empty. Assuming white noise on each measured output.
ok N=3401 | flat=802 stall=0 slope=2599 turn=1718 slip=163 load=0
[073/160] path_train_tcn_v3_19_v3_uphill_left_overlap_entry | rep=1 ...    Assuming no disturbance added to measured output #1.
-->Assuming output disturbance added to measured output #2 is integrated white noise.
-->Assuming output disturbance added to measured output #3 is integrated white noise.
-->Assuming output disturbance added to measured output #4 is integrated white noise.
-->"Model.Noise" is empty. Assuming white noise on each measured output.
ok N=3201 | flat=1428 stall=0 slope=1773 turn=1101 slip=0 load=195
[074/160] path_train_tcn_v3_19_v3_uphill_left_overlap_entry | rep=2 ...    Assuming no disturbance added to measured output #1.
-->Assuming output disturbance added to measured output #2 is integrated white noise.
-->Assuming output disturbance added to measured output #3 is integrated white noise.
-->Assuming output disturbance added to measured output #4 is integrated white noise.
-->"Model.Noise" is empty. Assuming white noise on each measured output.
ok N=3201 | flat=1428 stall=0 slope=1773 turn=1101 slip=0 load=208
[075/160] path_train_tcn_v3_19_v3_uphill_left_overlap_entry | rep=3 ...    Assuming no disturbance added to measured output #1.
-->Assuming output disturbance added to measured output #2 is integrated white noise.
-->Assuming output disturbance added to measured output #3 is integrated white noise.
-->Assuming output disturbance added to measured output #4 is integrated white noise.
-->"Model.Noise" is empty. Assuming white noise on each measured output.
ok N=3201 | flat=1428 stall=0 slope=1773 turn=1101 slip=0 load=307
[076/160] path_train_tcn_v3_19_v3_uphill_left_overlap_entry | rep=4 ...    Assuming no disturbance added to measured output #1.
-->Assuming output disturbance added to measured output #2 is integrated white noise.
-->Assuming output disturbance added to measured output #3 is integrated white noise.
-->Assuming output disturbance added to measured output #4 is integrated white noise.
-->"Model.Noise" is empty. Assuming white noise on each measured output.
ok N=3201 | flat=1428 stall=0 slope=1773 turn=1101 slip=233 load=0
[077/160] path_train_tcn_v3_20_v3_uphill_right_overlap_entry | rep=1 ...    Assuming no disturbance added to measured output #1.
-->Assuming output disturbance added to measured output #2 is integrated white noise.
-->Assuming output disturbance added to measured output #3 is integrated white noise.
-->Assuming output disturbance added to measured output #4 is integrated white noise.
-->"Model.Noise" is empty. Assuming white noise on each measured output.
ok N=3201 | flat=1428 stall=167 slope=1606 turn=1101 slip=0 load=0
[078/160] path_train_tcn_v3_20_v3_uphill_right_overlap_entry | rep=2 ...    Assuming no disturbance added to measured output #1.
-->Assuming output disturbance added to measured output #2 is integrated white noise.
-->Assuming output disturbance added to measured output #3 is integrated white noise.
-->Assuming output disturbance added to measured output #4 is integrated white noise.
-->"Model.Noise" is empty. Assuming white noise on each measured output.
ok N=3201 | flat=1393 stall=407 slope=1401 turn=1101 slip=0 load=0
[079/160] path_train_tcn_v3_20_v3_uphill_right_overlap_entry | rep=3 ...    Assuming no disturbance added to measured output #1.
-->Assuming output disturbance added to measured output #2 is integrated white noise.
-->Assuming output disturbance added to measured output #3 is integrated white noise.
-->Assuming output disturbance added to measured output #4 is integrated white noise.
-->"Model.Noise" is empty. Assuming white noise on each measured output.
ok N=3201 | flat=1372 stall=286 slope=1543 turn=1101 slip=0 load=0
[080/160] path_train_tcn_v3_20_v3_uphill_right_overlap_entry | rep=4 ...    Assuming no disturbance added to measured output #1.
-->Assuming output disturbance added to measured output #2 is integrated white noise.
-->Assuming output disturbance added to measured output #3 is integrated white noise.
-->Assuming output disturbance added to measured output #4 is integrated white noise.
-->"Model.Noise" is empty. Assuming white noise on each measured output.
ok N=3201 | flat=1428 stall=0 slope=1773 turn=1101 slip=0 load=227
[081/160] path_train_tcn_v3_21_v3_downhill_left_overlap_entry | rep=1 ...    Assuming no disturbance added to measured output #1.
-->Assuming output disturbance added to measured output #2 is integrated white noise.
-->Assuming output disturbance added to measured output #3 is integrated white noise.
-->Assuming output disturbance added to measured output #4 is integrated white noise.
-->"Model.Noise" is empty. Assuming white noise on each measured output.
ok N=3201 | flat=1428 stall=157 slope=1616 turn=1101 slip=0 load=309
[082/160] path_train_tcn_v3_21_v3_downhill_left_overlap_entry | rep=2 ...    Assuming no disturbance added to measured output #1.
-->Assuming output disturbance added to measured output #2 is integrated white noise.
-->Assuming output disturbance added to measured output #3 is integrated white noise.
-->Assuming output disturbance added to measured output #4 is integrated white noise.
-->"Model.Noise" is empty. Assuming white noise on each measured output.
ok N=3201 | flat=1428 stall=0 slope=1773 turn=1101 slip=0 load=285
[083/160] path_train_tcn_v3_21_v3_downhill_left_overlap_entry | rep=3 ...    Assuming no disturbance added to measured output #1.
-->Assuming output disturbance added to measured output #2 is integrated white noise.
-->Assuming output disturbance added to measured output #3 is integrated white noise.
-->Assuming output disturbance added to measured output #4 is integrated white noise.
-->"Model.Noise" is empty. Assuming white noise on each measured output.
ok N=3201 | flat=1324 stall=230 slope=1647 turn=1101 slip=0 load=176
[084/160] path_train_tcn_v3_21_v3_downhill_left_overlap_entry | rep=4 ...    Assuming no disturbance added to measured output #1.
-->Assuming output disturbance added to measured output #2 is integrated white noise.
-->Assuming output disturbance added to measured output #3 is integrated white noise.
-->Assuming output disturbance added to measured output #4 is integrated white noise.
-->"Model.Noise" is empty. Assuming white noise on each measured output.
ok N=3201 | flat=1428 stall=0 slope=1773 turn=1101 slip=0 load=386
[085/160] path_train_tcn_v3_22_v3_downhill_right_overlap_entry | rep=1 ...    Assuming no disturbance added to measured output #1.
-->Assuming output disturbance added to measured output #2 is integrated white noise.
-->Assuming output disturbance added to measured output #3 is integrated white noise.
-->Assuming output disturbance added to measured output #4 is integrated white noise.
-->"Model.Noise" is empty. Assuming white noise on each measured output.
ok N=3201 | flat=1428 stall=0 slope=1773 turn=1101 slip=210 load=0
[086/160] path_train_tcn_v3_22_v3_downhill_right_overlap_entry | rep=2 ...    Assuming no disturbance added to measured output #1.
-->Assuming output disturbance added to measured output #2 is integrated white noise.
-->Assuming output disturbance added to measured output #3 is integrated white noise.
-->Assuming output disturbance added to measured output #4 is integrated white noise.
-->"Model.Noise" is empty. Assuming white noise on each measured output.
ok N=3201 | flat=1428 stall=0 slope=1773 turn=1101 slip=185 load=0
[087/160] path_train_tcn_v3_22_v3_downhill_right_overlap_entry | rep=3 ...    Assuming no disturbance added to measured output #1.
-->Assuming output disturbance added to measured output #2 is integrated white noise.
-->Assuming output disturbance added to measured output #3 is integrated white noise.
-->Assuming output disturbance added to measured output #4 is integrated white noise.
-->"Model.Noise" is empty. Assuming white noise on each measured output.
ok N=3201 | flat=1428 stall=211 slope=1562 turn=1101 slip=0 load=0
[088/160] path_train_tcn_v3_22_v3_downhill_right_overlap_entry | rep=4 ...    Assuming no disturbance added to measured output #1.
-->Assuming output disturbance added to measured output #2 is integrated white noise.
-->Assuming output disturbance added to measured output #3 is integrated white noise.
-->Assuming output disturbance added to measured output #4 is integrated white noise.
-->"Model.Noise" is empty. Assuming white noise on each measured output.
ok N=3201 | flat=1428 stall=0 slope=1773 turn=1101 slip=0 load=200
[089/160] path_train_tcn_v3_23_v3_uphill_left_overlap_exit | rep=1 ...    Assuming no disturbance added to measured output #1.
-->Assuming output disturbance added to measured output #2 is integrated white noise.
-->Assuming output disturbance added to measured output #3 is integrated white noise.
-->Assuming output disturbance added to measured output #4 is integrated white noise.
-->"Model.Noise" is empty. Assuming white noise on each measured output.
ok N=3401 | flat=2123 stall=162 slope=1116 turn=726 slip=0 load=0
[090/160] path_train_tcn_v3_23_v3_uphill_left_overlap_exit | rep=2 ...    Assuming no disturbance added to measured output #1.
-->Assuming output disturbance added to measured output #2 is integrated white noise.
-->Assuming output disturbance added to measured output #3 is integrated white noise.
-->Assuming output disturbance added to measured output #4 is integrated white noise.
-->"Model.Noise" is empty. Assuming white noise on each measured output.
ok N=3401 | flat=2183 stall=0 slope=1218 turn=726 slip=207 load=0
[091/160] path_train_tcn_v3_23_v3_uphill_left_overlap_exit | rep=3 ...    Assuming no disturbance added to measured output #1.
-->Assuming output disturbance added to measured output #2 is integrated white noise.
-->Assuming output disturbance added to measured output #3 is integrated white noise.
-->Assuming output disturbance added to measured output #4 is integrated white noise.
-->"Model.Noise" is empty. Assuming white noise on each measured output.
ok N=3401 | flat=2002 stall=181 slope=1218 turn=726 slip=0 load=249
[092/160] path_train_tcn_v3_23_v3_uphill_left_overlap_exit | rep=4 ...    Assuming no disturbance added to measured output #1.
-->Assuming output disturbance added to measured output #2 is integrated white noise.
-->Assuming output disturbance added to measured output #3 is integrated white noise.
-->Assuming output disturbance added to measured output #4 is integrated white noise.
-->"Model.Noise" is empty. Assuming white noise on each measured output.
ok N=3401 | flat=2183 stall=0 slope=1218 turn=726 slip=221 load=0
[093/160] path_train_tcn_v3_24_v3_downhill_right_overlap_exit | rep=1 ...    Assuming no disturbance added to measured output #1.
-->Assuming output disturbance added to measured output #2 is integrated white noise.
-->Assuming output disturbance added to measured output #3 is integrated white noise.
-->Assuming output disturbance added to measured output #4 is integrated white noise.
-->"Model.Noise" is empty. Assuming white noise on each measured output.
ok N=3401 | flat=2183 stall=0 slope=1218 turn=726 slip=205 load=225
[094/160] path_train_tcn_v3_24_v3_downhill_right_overlap_exit | rep=2 ...    Assuming no disturbance added to measured output #1.
-->Assuming output disturbance added to measured output #2 is integrated white noise.
-->Assuming output disturbance added to measured output #3 is integrated white noise.
-->Assuming output disturbance added to measured output #4 is integrated white noise.
-->"Model.Noise" is empty. Assuming white noise on each measured output.
ok N=3401 | flat=2183 stall=221 slope=997 turn=726 slip=169 load=0
[095/160] path_train_tcn_v3_24_v3_downhill_right_overlap_exit | rep=3 ...    Assuming no disturbance added to measured output #1.
-->Assuming output disturbance added to measured output #2 is integrated white noise.
-->Assuming output disturbance added to measured output #3 is integrated white noise.
-->Assuming output disturbance added to measured output #4 is integrated white noise.
-->"Model.Noise" is empty. Assuming white noise on each measured output.
ok N=3401 | flat=2183 stall=223 slope=995 turn=726 slip=0 load=0
[096/160] path_train_tcn_v3_24_v3_downhill_right_overlap_exit | rep=4 ...    Assuming no disturbance added to measured output #1.
-->Assuming output disturbance added to measured output #2 is integrated white noise.
-->Assuming output disturbance added to measured output #3 is integrated white noise.
-->Assuming output disturbance added to measured output #4 is integrated white noise.
-->"Model.Noise" is empty. Assuming white noise on each measured output.
ok N=3401 | flat=2183 stall=0 slope=1218 turn=726 slip=167 load=234
[097/160] path_train_tcn_v3_25_v3_long_ramp_up_left_turn | rep=1 ...    Assuming no disturbance added to measured output #1.
-->Assuming output disturbance added to measured output #2 is integrated white noise.
-->Assuming output disturbance added to measured output #3 is integrated white noise.
-->Assuming output disturbance added to measured output #4 is integrated white noise.
-->"Model.Noise" is empty. Assuming white noise on each measured output.
ok N=3601 | flat=1475 stall=0 slope=2126 turn=1239 slip=0 load=628
[098/160] path_train_tcn_v3_25_v3_long_ramp_up_left_turn | rep=2 ...    Assuming no disturbance added to measured output #1.
-->Assuming output disturbance added to measured output #2 is integrated white noise.
-->Assuming output disturbance added to measured output #3 is integrated white noise.
-->Assuming output disturbance added to measured output #4 is integrated white noise.
-->"Model.Noise" is empty. Assuming white noise on each measured output.
ok N=3601 | flat=1475 stall=208 slope=1918 turn=1239 slip=0 load=0
[099/160] path_train_tcn_v3_25_v3_long_ramp_up_left_turn | rep=3 ...    Assuming no disturbance added to measured output #1.
-->Assuming output disturbance added to measured output #2 is integrated white noise.
-->Assuming output disturbance added to measured output #3 is integrated white noise.
-->Assuming output disturbance added to measured output #4 is integrated white noise.
-->"Model.Noise" is empty. Assuming white noise on each measured output.
ok N=3601 | flat=1475 stall=0 slope=2126 turn=1239 slip=172 load=251
[100/160] path_train_tcn_v3_25_v3_long_ramp_up_left_turn | rep=4 ...    Assuming no disturbance added to measured output #1.
-->Assuming output disturbance added to measured output #2 is integrated white noise.
-->Assuming output disturbance added to measured output #3 is integrated white noise.
-->Assuming output disturbance added to measured output #4 is integrated white noise.
-->"Model.Noise" is empty. Assuming white noise on each measured output.
ok N=3601 | flat=1475 stall=0 slope=2126 turn=1239 slip=0 load=196
[101/160] path_train_tcn_v3_26_v3_long_ramp_down_right_turn | rep=1 ...    Assuming no disturbance added to measured output #1.
-->Assuming output disturbance added to measured output #2 is integrated white noise.
-->Assuming output disturbance added to measured output #3 is integrated white noise.
-->Assuming output disturbance added to measured output #4 is integrated white noise.
-->"Model.Noise" is empty. Assuming white noise on each measured output.
ok N=3601 | flat=1475 stall=0 slope=2126 turn=1239 slip=0 load=198
[102/160] path_train_tcn_v3_26_v3_long_ramp_down_right_turn | rep=2 ...    Assuming no disturbance added to measured output #1.
-->Assuming output disturbance added to measured output #2 is integrated white noise.
-->Assuming output disturbance added to measured output #3 is integrated white noise.
-->Assuming output disturbance added to measured output #4 is integrated white noise.
-->"Model.Noise" is empty. Assuming white noise on each measured output.
ok N=3601 | flat=1443 stall=156 slope=2002 turn=1239 slip=0 load=173
[103/160] path_train_tcn_v3_26_v3_long_ramp_down_right_turn | rep=3 ...    Assuming no disturbance added to measured output #1.
-->Assuming output disturbance added to measured output #2 is integrated white noise.
-->Assuming output disturbance added to measured output #3 is integrated white noise.
-->Assuming output disturbance added to measured output #4 is integrated white noise.
-->"Model.Noise" is empty. Assuming white noise on each measured output.
ok N=3601 | flat=1475 stall=203 slope=1923 turn=1239 slip=0 load=0
[104/160] path_train_tcn_v3_26_v3_long_ramp_down_right_turn | rep=4 ...    Assuming no disturbance added to measured output #1.
-->Assuming output disturbance added to measured output #2 is integrated white noise.
-->Assuming output disturbance added to measured output #3 is integrated white noise.
-->Assuming output disturbance added to measured output #4 is integrated white noise.
-->"Model.Noise" is empty. Assuming white noise on each measured output.
ok N=3601 | flat=1475 stall=0 slope=2126 turn=1239 slip=195 load=0
[105/160] path_train_tcn_v3_27_v3_theta_reversal_s_curve | rep=1 ...    Assuming no disturbance added to measured output #1.
-->Assuming output disturbance added to measured output #2 is integrated white noise.
-->Assuming output disturbance added to measured output #3 is integrated white noise.
-->Assuming output disturbance added to measured output #4 is integrated white noise.
-->"Model.Noise" is empty. Assuming white noise on each measured output.
ok N=4001 | flat=1499 stall=450 slope=2052 turn=1990 slip=0 load=0
[106/160] path_train_tcn_v3_27_v3_theta_reversal_s_curve | rep=2 ...    Assuming no disturbance added to measured output #1.
-->Assuming output disturbance added to measured output #2 is integrated white noise.
-->Assuming output disturbance added to measured output #3 is integrated white noise.
-->Assuming output disturbance added to measured output #4 is integrated white noise.
-->"Model.Noise" is empty. Assuming white noise on each measured output.
ok N=4001 | flat=1624 stall=240 slope=2137 turn=1990 slip=0 load=0
[107/160] path_train_tcn_v3_27_v3_theta_reversal_s_curve | rep=3 ...    Assuming no disturbance added to measured output #1.
-->Assuming output disturbance added to measured output #2 is integrated white noise.
-->Assuming output disturbance added to measured output #3 is integrated white noise.
-->Assuming output disturbance added to measured output #4 is integrated white noise.
-->"Model.Noise" is empty. Assuming white noise on each measured output.
ok N=4001 | flat=1537 stall=170 slope=2294 turn=1990 slip=0 load=0
[108/160] path_train_tcn_v3_27_v3_theta_reversal_s_curve | rep=4 ...    Assuming no disturbance added to measured output #1.
-->Assuming output disturbance added to measured output #2 is integrated white noise.
-->Assuming output disturbance added to measured output #3 is integrated white noise.
-->Assuming output disturbance added to measured output #4 is integrated white noise.
-->"Model.Noise" is empty. Assuming white noise on each measured output.
ok N=4001 | flat=1550 stall=258 slope=2193 turn=1990 slip=205 load=0
[109/160] path_train_tcn_v3_28_v3_theta_sine_left_turn | rep=1 ...    Assuming no disturbance added to measured output #1.
-->Assuming output disturbance added to measured output #2 is integrated white noise.
-->Assuming output disturbance added to measured output #3 is integrated white noise.
-->Assuming output disturbance added to measured output #4 is integrated white noise.
-->"Model.Noise" is empty. Assuming white noise on each measured output.
ok N=3401 | flat=1838 stall=271 slope=1292 turn=1345 slip=0 load=0
[110/160] path_train_tcn_v3_28_v3_theta_sine_left_turn | rep=2 ...    Assuming no disturbance added to measured output #1.
-->Assuming output disturbance added to measured output #2 is integrated white noise.
-->Assuming output disturbance added to measured output #3 is integrated white noise.
-->Assuming output disturbance added to measured output #4 is integrated white noise.
-->"Model.Noise" is empty. Assuming white noise on each measured output.
ok N=3401 | flat=1877 stall=235 slope=1289 turn=1345 slip=133 load=0
[111/160] path_train_tcn_v3_28_v3_theta_sine_left_turn | rep=3 ...    Assuming no disturbance added to measured output #1.
-->Assuming output disturbance added to measured output #2 is integrated white noise.
-->Assuming output disturbance added to measured output #3 is integrated white noise.
-->Assuming output disturbance added to measured output #4 is integrated white noise.
-->"Model.Noise" is empty. Assuming white noise on each measured output.
ok N=3401 | flat=1929 stall=0 slope=1472 turn=1345 slip=229 load=301
[112/160] path_train_tcn_v3_28_v3_theta_sine_left_turn | rep=4 ...    Assuming no disturbance added to measured output #1.
-->Assuming output disturbance added to measured output #2 is integrated white noise.
-->Assuming output disturbance added to measured output #3 is integrated white noise.
-->Assuming output disturbance added to measured output #4 is integrated white noise.
-->"Model.Noise" is empty. Assuming white noise on each measured output.
ok N=3401 | flat=1839 stall=166 slope=1396 turn=1345 slip=178 load=0
[113/160] path_train_tcn_v3_29_v3_theta_sine_right_turn | rep=1 ...    Assuming no disturbance added to measured output #1.
-->Assuming output disturbance added to measured output #2 is integrated white noise.
-->Assuming output disturbance added to measured output #3 is integrated white noise.
-->Assuming output disturbance added to measured output #4 is integrated white noise.
-->"Model.Noise" is empty. Assuming white noise on each measured output.
ok N=3401 | flat=1929 stall=0 slope=1472 turn=1345 slip=0 load=189
[114/160] path_train_tcn_v3_29_v3_theta_sine_right_turn | rep=2 ...    Assuming no disturbance added to measured output #1.
-->Assuming output disturbance added to measured output #2 is integrated white noise.
-->Assuming output disturbance added to measured output #3 is integrated white noise.
-->Assuming output disturbance added to measured output #4 is integrated white noise.
-->"Model.Noise" is empty. Assuming white noise on each measured output.
ok N=3401 | flat=1831 stall=282 slope=1288 turn=1345 slip=0 load=156
[115/160] path_train_tcn_v3_29_v3_theta_sine_right_turn | rep=3 ...    Assuming no disturbance added to measured output #1.
-->Assuming output disturbance added to measured output #2 is integrated white noise.
-->Assuming output disturbance added to measured output #3 is integrated white noise.
-->Assuming output disturbance added to measured output #4 is integrated white noise.
-->"Model.Noise" is empty. Assuming white noise on each measured output.
ok N=3401 | flat=1858 stall=210 slope=1333 turn=1345 slip=147 load=0
[116/160] path_train_tcn_v3_29_v3_theta_sine_right_turn | rep=4 ...    Assuming no disturbance added to measured output #1.
-->Assuming output disturbance added to measured output #2 is integrated white noise.
-->Assuming output disturbance added to measured output #3 is integrated white noise.
-->Assuming output disturbance added to measured output #4 is integrated white noise.
-->"Model.Noise" is empty. Assuming white noise on each measured output.
ok N=3401 | flat=1881 stall=212 slope=1308 turn=1345 slip=0 load=280
[117/160] path_train_tcn_v3_30_v3_fast_slope_step_left | rep=1 ...    Assuming no disturbance added to measured output #1.
-->Assuming output disturbance added to measured output #2 is integrated white noise.
-->Assuming output disturbance added to measured output #3 is integrated white noise.
-->Assuming output disturbance added to measured output #4 is integrated white noise.
-->"Model.Noise" is empty. Assuming white noise on each measured output.
ok N=3001 | flat=1404 stall=242 slope=1355 turn=853 slip=0 load=0
[118/160] path_train_tcn_v3_30_v3_fast_slope_step_left | rep=2 ...    Assuming no disturbance added to measured output #1.
-->Assuming output disturbance added to measured output #2 is integrated white noise.
-->Assuming output disturbance added to measured output #3 is integrated white noise.
-->Assuming output disturbance added to measured output #4 is integrated white noise.
-->"Model.Noise" is empty. Assuming white noise on each measured output.
ok N=3001 | flat=1494 stall=0 slope=1507 turn=853 slip=141 load=0
[119/160] path_train_tcn_v3_30_v3_fast_slope_step_left | rep=3 ...    Assuming no disturbance added to measured output #1.
-->Assuming output disturbance added to measured output #2 is integrated white noise.
-->Assuming output disturbance added to measured output #3 is integrated white noise.
-->Assuming output disturbance added to measured output #4 is integrated white noise.
-->"Model.Noise" is empty. Assuming white noise on each measured output.
ok N=3001 | flat=1494 stall=0 slope=1507 turn=853 slip=169 load=171
[120/160] path_train_tcn_v3_30_v3_fast_slope_step_left | rep=4 ...    Assuming no disturbance added to measured output #1.
-->Assuming output disturbance added to measured output #2 is integrated white noise.
-->Assuming output disturbance added to measured output #3 is integrated white noise.
-->Assuming output disturbance added to measured output #4 is integrated white noise.
-->"Model.Noise" is empty. Assuming white noise on each measured output.
ok N=3001 | flat=1441 stall=192 slope=1368 turn=853 slip=0 load=150
[121/160] path_train_tcn_v3_31_v3_slow_slope_step_right | rep=1 ...    Assuming no disturbance added to measured output #1.
-->Assuming output disturbance added to measured output #2 is integrated white noise.
-->Assuming output disturbance added to measured output #3 is integrated white noise.
-->Assuming output disturbance added to measured output #4 is integrated white noise.
-->"Model.Noise" is empty. Assuming white noise on each measured output.
ok N=3801 | flat=1633 stall=188 slope=1980 turn=1385 slip=196 load=0
[122/160] path_train_tcn_v3_31_v3_slow_slope_step_right | rep=2 ...    Assuming no disturbance added to measured output #1.
-->Assuming output disturbance added to measured output #2 is integrated white noise.
-->Assuming output disturbance added to measured output #3 is integrated white noise.
-->Assuming output disturbance added to measured output #4 is integrated white noise.
-->"Model.Noise" is empty. Assuming white noise on each measured output.
ok N=3801 | flat=1633 stall=0 slope=2168 turn=1385 slip=189 load=0
[123/160] path_train_tcn_v3_31_v3_slow_slope_step_right | rep=3 ...    Assuming no disturbance added to measured output #1.
-->Assuming output disturbance added to measured output #2 is integrated white noise.
-->Assuming output disturbance added to measured output #3 is integrated white noise.
-->Assuming output disturbance added to measured output #4 is integrated white noise.
-->"Model.Noise" is empty. Assuming white noise on each measured output.
ok N=3801 | flat=1633 stall=273 slope=1895 turn=1385 slip=0 load=0
[124/160] path_train_tcn_v3_31_v3_slow_slope_step_right | rep=4 ...    Assuming no disturbance added to measured output #1.
-->Assuming output disturbance added to measured output #2 is integrated white noise.
-->Assuming output disturbance added to measured output #3 is integrated white noise.
-->Assuming output disturbance added to measured output #4 is integrated white noise.
-->"Model.Noise" is empty. Assuming white noise on each measured output.
ok N=3801 | flat=1633 stall=240 slope=1928 turn=1385 slip=0 load=235
[125/160] path_train_tcn_v3_32_v3_speed_slope_turn_coupled | rep=1 ...    Assuming no disturbance added to measured output #1.
-->Assuming output disturbance added to measured output #2 is integrated white noise.
-->Assuming output disturbance added to measured output #3 is integrated white noise.
-->Assuming output disturbance added to measured output #4 is integrated white noise.
-->"Model.Noise" is empty. Assuming white noise on each measured output.
ok N=3601 | flat=1109 stall=296 slope=2196 turn=1132 slip=0 load=0
[126/160] path_train_tcn_v3_32_v3_speed_slope_turn_coupled | rep=2 ...    Assuming no disturbance added to measured output #1.
-->Assuming output disturbance added to measured output #2 is integrated white noise.
-->Assuming output disturbance added to measured output #3 is integrated white noise.
-->Assuming output disturbance added to measured output #4 is integrated white noise.
-->"Model.Noise" is empty. Assuming white noise on each measured output.
ok N=3601 | flat=1160 stall=0 slope=2441 turn=1132 slip=0 load=261
[127/160] path_train_tcn_v3_32_v3_speed_slope_turn_coupled | rep=3 ...    Assuming no disturbance added to measured output #1.
-->Assuming output disturbance added to measured output #2 is integrated white noise.
-->Assuming output disturbance added to measured output #3 is integrated white noise.
-->Assuming output disturbance added to measured output #4 is integrated white noise.
-->"Model.Noise" is empty. Assuming white noise on each measured output.
ok N=3601 | flat=1160 stall=154 slope=2287 turn=1132 slip=0 load=0
[128/160] path_train_tcn_v3_32_v3_speed_slope_turn_coupled | rep=4 ...    Assuming no disturbance added to measured output #1.
-->Assuming output disturbance added to measured output #2 is integrated white noise.
-->Assuming output disturbance added to measured output #3 is integrated white noise.
-->Assuming output disturbance added to measured output #4 is integrated white noise.
-->"Model.Noise" is empty. Assuming white noise on each measured output.
ok N=3601 | flat=1160 stall=0 slope=2441 turn=1132 slip=0 load=174
[129/160] path_train_tcn_v3_33_v3_flat_low_load_left_turn | rep=1 ...    Assuming no disturbance added to measured output #1.
-->Assuming output disturbance added to measured output #2 is integrated white noise.
-->Assuming output disturbance added to measured output #3 is integrated white noise.
-->Assuming output disturbance added to measured output #4 is integrated white noise.
-->"Model.Noise" is empty. Assuming white noise on each measured output.
ok N=2801 | flat=2801 stall=0 slope=0 turn=1399 slip=186 load=0
[130/160] path_train_tcn_v3_33_v3_flat_low_load_left_turn | rep=2 ...    Assuming no disturbance added to measured output #1.
-->Assuming output disturbance added to measured output #2 is integrated white noise.
-->Assuming output disturbance added to measured output #3 is integrated white noise.
-->Assuming output disturbance added to measured output #4 is integrated white noise.
-->"Model.Noise" is empty. Assuming white noise on each measured output.
ok N=2801 | flat=2618 stall=183 slope=0 turn=1399 slip=0 load=0
[131/160] path_train_tcn_v3_33_v3_flat_low_load_left_turn | rep=3 ...    Assuming no disturbance added to measured output #1.
-->Assuming output disturbance added to measured output #2 is integrated white noise.
-->Assuming output disturbance added to measured output #3 is integrated white noise.
-->Assuming output disturbance added to measured output #4 is integrated white noise.
-->"Model.Noise" is empty. Assuming white noise on each measured output.
ok N=2801 | flat=2547 stall=254 slope=0 turn=1399 slip=0 load=0
[132/160] path_train_tcn_v3_33_v3_flat_low_load_left_turn | rep=4 ...    Assuming no disturbance added to measured output #1.
-->Assuming output disturbance added to measured output #2 is integrated white noise.
-->Assuming output disturbance added to measured output #3 is integrated white noise.
-->Assuming output disturbance added to measured output #4 is integrated white noise.
-->"Model.Noise" is empty. Assuming white noise on each measured output.
ok N=2801 | flat=2554 stall=247 slope=0 turn=1399 slip=0 load=174
[133/160] path_train_tcn_v3_34_v3_flat_low_load_right_turn | rep=1 ...    Assuming no disturbance added to measured output #1.
-->Assuming output disturbance added to measured output #2 is integrated white noise.
-->Assuming output disturbance added to measured output #3 is integrated white noise.
-->Assuming output disturbance added to measured output #4 is integrated white noise.
-->"Model.Noise" is empty. Assuming white noise on each measured output.
ok N=2801 | flat=2505 stall=296 slope=0 turn=1399 slip=0 load=0
[134/160] path_train_tcn_v3_34_v3_flat_low_load_right_turn | rep=2 ...    Assuming no disturbance added to measured output #1.
-->Assuming output disturbance added to measured output #2 is integrated white noise.
-->Assuming output disturbance added to measured output #3 is integrated white noise.
-->Assuming output disturbance added to measured output #4 is integrated white noise.
-->"Model.Noise" is empty. Assuming white noise on each measured output.
ok N=2801 | flat=2801 stall=0 slope=0 turn=1399 slip=0 load=169
[135/160] path_train_tcn_v3_34_v3_flat_low_load_right_turn | rep=3 ...    Assuming no disturbance added to measured output #1.
-->Assuming output disturbance added to measured output #2 is integrated white noise.
-->Assuming output disturbance added to measured output #3 is integrated white noise.
-->Assuming output disturbance added to measured output #4 is integrated white noise.
-->"Model.Noise" is empty. Assuming white noise on each measured output.
ok N=2801 | flat=2546 stall=255 slope=0 turn=1399 slip=0 load=161
[136/160] path_train_tcn_v3_34_v3_flat_low_load_right_turn | rep=4 ...    Assuming no disturbance added to measured output #1.
-->Assuming output disturbance added to measured output #2 is integrated white noise.
-->Assuming output disturbance added to measured output #3 is integrated white noise.
-->Assuming output disturbance added to measured output #4 is integrated white noise.
-->"Model.Noise" is empty. Assuming white noise on each measured output.
ok N=2801 | flat=2801 stall=0 slope=0 turn=1399 slip=210 load=0
[137/160] path_train_tcn_v3_35_v3_flat_low_load_s_curve | rep=1 ...    Assuming no disturbance added to measured output #1.
-->Assuming output disturbance added to measured output #2 is integrated white noise.
-->Assuming output disturbance added to measured output #3 is integrated white noise.
-->Assuming output disturbance added to measured output #4 is integrated white noise.
-->"Model.Noise" is empty. Assuming white noise on each measured output.
ok N=3401 | flat=3152 stall=249 slope=0 turn=1806 slip=0 load=0
[138/160] path_train_tcn_v3_35_v3_flat_low_load_s_curve | rep=2 ...    Assuming no disturbance added to measured output #1.
-->Assuming output disturbance added to measured output #2 is integrated white noise.
-->Assuming output disturbance added to measured output #3 is integrated white noise.
-->Assuming output disturbance added to measured output #4 is integrated white noise.
-->"Model.Noise" is empty. Assuming white noise on each measured output.
ok N=3401 | flat=3401 stall=0 slope=0 turn=1806 slip=0 load=201
[139/160] path_train_tcn_v3_35_v3_flat_low_load_s_curve | rep=3 ...    Assuming no disturbance added to measured output #1.
-->Assuming output disturbance added to measured output #2 is integrated white noise.
-->Assuming output disturbance added to measured output #3 is integrated white noise.
-->Assuming output disturbance added to measured output #4 is integrated white noise.
-->"Model.Noise" is empty. Assuming white noise on each measured output.
ok N=3401 | flat=3401 stall=0 slope=0 turn=1806 slip=0 load=292
[140/160] path_train_tcn_v3_35_v3_flat_low_load_s_curve | rep=4 ...    Assuming no disturbance added to measured output #1.
-->Assuming output disturbance added to measured output #2 is integrated white noise.
-->Assuming output disturbance added to measured output #3 is integrated white noise.
-->Assuming output disturbance added to measured output #4 is integrated white noise.
-->"Model.Noise" is empty. Assuming white noise on each measured output.
ok N=3401 | flat=3235 stall=166 slope=0 turn=1806 slip=166 load=0
[141/160] path_train_tcn_v3_36_v3_flat_left_turn_speed_sweep | rep=1 ...    Assuming no disturbance added to measured output #1.
-->Assuming output disturbance added to measured output #2 is integrated white noise.
-->Assuming output disturbance added to measured output #3 is integrated white noise.
-->Assuming output disturbance added to measured output #4 is integrated white noise.
-->"Model.Noise" is empty. Assuming white noise on each measured output.
ok N=3401 | flat=3111 stall=290 slope=0 turn=1367 slip=170 load=0
[142/160] path_train_tcn_v3_36_v3_flat_left_turn_speed_sweep | rep=2 ...    Assuming no disturbance added to measured output #1.
-->Assuming output disturbance added to measured output #2 is integrated white noise.
-->Assuming output disturbance added to measured output #3 is integrated white noise.
-->Assuming output disturbance added to measured output #4 is integrated white noise.
-->"Model.Noise" is empty. Assuming white noise on each measured output.
ok N=3401 | flat=2975 stall=426 slope=0 turn=1367 slip=0 load=0
[143/160] path_train_tcn_v3_36_v3_flat_left_turn_speed_sweep | rep=3 ...    Assuming no disturbance added to measured output #1.
-->Assuming output disturbance added to measured output #2 is integrated white noise.
-->Assuming output disturbance added to measured output #3 is integrated white noise.
-->Assuming output disturbance added to measured output #4 is integrated white noise.
-->"Model.Noise" is empty. Assuming white noise on each measured output.
ok N=3401 | flat=3230 stall=171 slope=0 turn=1367 slip=0 load=0
[144/160] path_train_tcn_v3_36_v3_flat_left_turn_speed_sweep | rep=4 ...    Assuming no disturbance added to measured output #1.
-->Assuming output disturbance added to measured output #2 is integrated white noise.
-->Assuming output disturbance added to measured output #3 is integrated white noise.
-->Assuming output disturbance added to measured output #4 is integrated white noise.
-->"Model.Noise" is empty. Assuming white noise on each measured output.
ok N=3401 | flat=3191 stall=210 slope=0 turn=1367 slip=207 load=0
[145/160] path_train_tcn_v3_37_v3_flat_right_turn_speed_sweep | rep=1 ...    Assuming no disturbance added to measured output #1.
-->Assuming output disturbance added to measured output #2 is integrated white noise.
-->Assuming output disturbance added to measured output #3 is integrated white noise.
-->Assuming output disturbance added to measured output #4 is integrated white noise.
-->"Model.Noise" is empty. Assuming white noise on each measured output.
ok N=3401 | flat=3136 stall=265 slope=0 turn=1367 slip=0 load=0
[146/160] path_train_tcn_v3_37_v3_flat_right_turn_speed_sweep | rep=2 ...    Assuming no disturbance added to measured output #1.
-->Assuming output disturbance added to measured output #2 is integrated white noise.
-->Assuming output disturbance added to measured output #3 is integrated white noise.
-->Assuming output disturbance added to measured output #4 is integrated white noise.
-->"Model.Noise" is empty. Assuming white noise on each measured output.
ok N=3401 | flat=3187 stall=214 slope=0 turn=1367 slip=0 load=226
[147/160] path_train_tcn_v3_37_v3_flat_right_turn_speed_sweep | rep=3 ...    Assuming no disturbance added to measured output #1.
-->Assuming output disturbance added to measured output #2 is integrated white noise.
-->Assuming output disturbance added to measured output #3 is integrated white noise.
-->Assuming output disturbance added to measured output #4 is integrated white noise.
-->"Model.Noise" is empty. Assuming white noise on each measured output.
ok N=3401 | flat=3138 stall=263 slope=0 turn=1367 slip=0 load=304
[148/160] path_train_tcn_v3_37_v3_flat_right_turn_speed_sweep | rep=4 ...    Assuming no disturbance added to measured output #1.
-->Assuming output disturbance added to measured output #2 is integrated white noise.
-->Assuming output disturbance added to measured output #3 is integrated white noise.
-->Assuming output disturbance added to measured output #4 is integrated white noise.
-->"Model.Noise" is empty. Assuming white noise on each measured output.
ok N=3401 | flat=3104 stall=297 slope=0 turn=1367 slip=144 load=0
[149/160] path_train_tcn_v3_38_v3_mild_slope_low_load_left_turn | rep=1 ...    Assuming no disturbance added to measured output #1.
-->Assuming output disturbance added to measured output #2 is integrated white noise.
-->Assuming output disturbance added to measured output #3 is integrated white noise.
-->Assuming output disturbance added to measured output #4 is integrated white noise.
-->"Model.Noise" is empty. Assuming white noise on each measured output.
ok N=3401 | flat=1462 stall=0 slope=1939 turn=1067 slip=0 load=235
[150/160] path_train_tcn_v3_38_v3_mild_slope_low_load_left_turn | rep=2 ...    Assuming no disturbance added to measured output #1.
-->Assuming output disturbance added to measured output #2 is integrated white noise.
-->Assuming output disturbance added to measured output #3 is integrated white noise.
-->Assuming output disturbance added to measured output #4 is integrated white noise.
-->"Model.Noise" is empty. Assuming white noise on each measured output.
ok N=3401 | flat=1462 stall=0 slope=1939 turn=1067 slip=0 load=155
[151/160] path_train_tcn_v3_38_v3_mild_slope_low_load_left_turn | rep=3 ...    Assuming no disturbance added to measured output #1.
-->Assuming output disturbance added to measured output #2 is integrated white noise.
-->Assuming output disturbance added to measured output #3 is integrated white noise.
-->Assuming output disturbance added to measured output #4 is integrated white noise.
-->"Model.Noise" is empty. Assuming white noise on each measured output.
ok N=3401 | flat=1415 stall=208 slope=1778 turn=1067 slip=0 load=0
[152/160] path_train_tcn_v3_38_v3_mild_slope_low_load_left_turn | rep=4 ...    Assuming no disturbance added to measured output #1.
-->Assuming output disturbance added to measured output #2 is integrated white noise.
-->Assuming output disturbance added to measured output #3 is integrated white noise.
-->Assuming output disturbance added to measured output #4 is integrated white noise.
-->"Model.Noise" is empty. Assuming white noise on each measured output.
ok N=3401 | flat=1462 stall=0 slope=1939 turn=1067 slip=163 load=0
[153/160] path_train_tcn_v3_39_v3_mild_slope_low_load_right_turn | rep=1 ...    Assuming no disturbance added to measured output #1.
-->Assuming output disturbance added to measured output #2 is integrated white noise.
-->Assuming output disturbance added to measured output #3 is integrated white noise.
-->Assuming output disturbance added to measured output #4 is integrated white noise.
-->"Model.Noise" is empty. Assuming white noise on each measured output.
ok N=3401 | flat=1241 stall=221 slope=1939 turn=1067 slip=0 load=0
[154/160] path_train_tcn_v3_39_v3_mild_slope_low_load_right_turn | rep=2 ...    Assuming no disturbance added to measured output #1.
-->Assuming output disturbance added to measured output #2 is integrated white noise.
-->Assuming output disturbance added to measured output #3 is integrated white noise.
-->Assuming output disturbance added to measured output #4 is integrated white noise.
-->"Model.Noise" is empty. Assuming white noise on each measured output.
ok N=3401 | flat=1462 stall=0 slope=1939 turn=1067 slip=137 load=0
[155/160] path_train_tcn_v3_39_v3_mild_slope_low_load_right_turn | rep=3 ...    Assuming no disturbance added to measured output #1.
-->Assuming output disturbance added to measured output #2 is integrated white noise.
-->Assuming output disturbance added to measured output #3 is integrated white noise.
-->Assuming output disturbance added to measured output #4 is integrated white noise.
-->"Model.Noise" is empty. Assuming white noise on each measured output.
ok N=3401 | flat=1462 stall=0 slope=1939 turn=1067 slip=407 load=0
[156/160] path_train_tcn_v3_39_v3_mild_slope_low_load_right_turn | rep=4 ...    Assuming no disturbance added to measured output #1.
-->Assuming output disturbance added to measured output #2 is integrated white noise.
-->Assuming output disturbance added to measured output #3 is integrated white noise.
-->Assuming output disturbance added to measured output #4 is integrated white noise.
-->"Model.Noise" is empty. Assuming white noise on each measured output.
ok N=3401 | flat=1462 stall=0 slope=1939 turn=1067 slip=0 load=316
[157/160] path_train_tcn_v3_40_v3_flat_low_speed_closure_turn | rep=1 ...    Assuming no disturbance added to measured output #1.
-->Assuming output disturbance added to measured output #2 is integrated white noise.
-->Assuming output disturbance added to measured output #3 is integrated white noise.
-->Assuming output disturbance added to measured output #4 is integrated white noise.
-->"Model.Noise" is empty. Assuming white noise on each measured output.
ok N=3801 | flat=3620 stall=181 slope=0 turn=1211 slip=0 load=218
[158/160] path_train_tcn_v3_40_v3_flat_low_speed_closure_turn | rep=2 ...    Assuming no disturbance added to measured output #1.
-->Assuming output disturbance added to measured output #2 is integrated white noise.
-->Assuming output disturbance added to measured output #3 is integrated white noise.
-->Assuming output disturbance added to measured output #4 is integrated white noise.
-->"Model.Noise" is empty. Assuming white noise on each measured output.
ok N=3801 | flat=3510 stall=291 slope=0 turn=1211 slip=0 load=0
[159/160] path_train_tcn_v3_40_v3_flat_low_speed_closure_turn | rep=3 ...    Assuming no disturbance added to measured output #1.
-->Assuming output disturbance added to measured output #2 is integrated white noise.
-->Assuming output disturbance added to measured output #3 is integrated white noise.
-->Assuming output disturbance added to measured output #4 is integrated white noise.
-->"Model.Noise" is empty. Assuming white noise on each measured output.
ok N=3801 | flat=3644 stall=157 slope=0 turn=1211 slip=0 load=0
[160/160] path_train_tcn_v3_40_v3_flat_low_speed_closure_turn | rep=4 ...    Assuming no disturbance added to measured output #1.
-->Assuming output disturbance added to measured output #2 is integrated white noise.
-->Assuming output disturbance added to measured output #3 is integrated white noise.
-->Assuming output disturbance added to measured output #4 is integrated white noise.
-->"Model.Noise" is empty. Assuming white noise on each measured output.
ok N=3801 | flat=3801 stall=0 slope=0 turn=1211 slip=201 load=234

保存 TCN 训练母集: E:\Matlab\Simulink\S-Function_16\data\tcn\TCN_train_data_v3_transition_rich_full.mat
自检报告: E:\Matlab\Simulink\S-Function_16\data\tcn\TCN_train_data_v3_transition_rich_full_report.md
有效 runs: 160, 失败 runs: 0
=====================================
[init_project] Root: E:\Matlab\Simulink\S-Function_16
[init_project] Root: E:\Matlab\Simulink\S-Function_16

========== TCN Dataset Preprocess ==========
Input : E:\Matlab\Simulink\S-Function_16\data\tcn\TCN_train_data_v3_transition_rich_full.mat
Output: E:\Matlab\Simulink\S-Function_16\data\tcn\TCN_dataset_v3_transition_rich.mat
seq_len=128, stride=64, skip_initial_sec=1.00
===========================================


[TCN] Preprocess done.
  Train windows: 12606
  Val windows  : 2812
  Test windows : 2849
  Feature dim  : 19
  Saved dataset: E:\Matlab\Simulink\S-Function_16\data\tcn\TCN_dataset_v3_transition_rich.mat
  Saved scaler : E:\Matlab\Simulink\S-Function_16\data\tcn\TCN_scaler_v3_transition_rich.mat
  Saved report : E:\Matlab\Simulink\S-Function_16\data\tcn\TCN_prepare_dataset_v3_transition_rich_report.md
[警告: 关闭前是否保存模型工作区的内容?

模型工作区的数据源是文件 ""。] 
