[ModernTCN ONNX] 돔놔供냥
  onnx: E:\Matlab\Simulink\S-Function_16\results\modern_tcn\transition_rich_v3_seed73\modern_tcn_seed73.onnx
  sample: E:\Matlab\Simulink\S-Function_16\results\modern_tcn\transition_rich_v3_seed73\modern_tcn_seed73_pytorch_reference.mat
  meta: E:\Matlab\Simulink\S-Function_16\results\modern_tcn\transition_rich_v3_seed73\modern_tcn_seed73_onnx_export.json
[ModernTCN ONNXRuntime] pass=1
  json: E:\Matlab\Simulink\S-Function_16\results\modern_tcn\transition_rich_v3_seed73\modern_tcn_seed73_onnxruntime_consistency.json
  report: E:\Matlab\Simulink\S-Function_16\results\modern_tcn\transition_rich_v3_seed73\modern_tcn_seed73_onnxruntime_consistency.md
[ModernTCN] 뒤寧쌓뙈祁족역迦
  seed=73, device=cpu, out=E:\Matlab\Simulink\S-Function_16\results\modern_tcn\transition_rich_v3_seed73
  dataset=E:\Matlab\Simulink\S-Function_16\data\tcn\TCN_dataset_v3_transition_rich.mat
  train/val/test=12606/2812/2849
  model channels=64, blocks=5, kernel=31
  epoch 001 | train=0.6856 val=0.3555 main=0.8841 turnT=0.3021 theta=3.3588 score=1.1575
  epoch 005 | train=0.0894 val=0.1499 main=0.9651 turnT=0.5208 theta=3.6041 score=0.5714
  epoch 010 | train=0.0553 val=0.1170 main=0.9730 turnT=0.5755 theta=1.3368 score=0.4047
  epoch 015 | train=0.0494 val=0.1167 main=0.9826 turnT=0.6146 theta=1.2844 score=0.3514
  epoch 020 | train=0.0342 val=0.1017 main=0.9808 turnT=0.6432 theta=0.8771 score=0.2945
  epoch 025 | train=0.0319 val=0.0857 main=0.9826 turnT=0.6484 theta=0.6821 score=0.2561
  epoch 030 | train=0.0301 val=0.0987 main=0.9819 turnT=0.6484 theta=1.1798 score=0.2858
  epoch 035 | train=0.0232 val=0.1134 main=0.9833 turnT=0.6745 theta=0.7744 score=0.2594
  epoch 040 | train=0.0210 val=0.1187 main=0.9797 turnT=0.6797 theta=1.1464 score=0.2724
  epoch 045 | train=0.0202 val=0.0979 main=0.9876 turnT=0.6849 theta=0.6088 score=0.2224
  epoch 050 | train=0.0207 val=0.0908 main=0.9854 turnT=0.7188 theta=1.0870 score=0.1945
  epoch 055 | train=0.0207 val=0.1077 main=0.9829 turnT=0.7318 theta=0.4485 score=0.1815
  epoch 060 | train=0.0190 val=0.1264 main=0.9808 turnT=0.7188 theta=0.6827 score=0.2230
  epoch 065 | train=0.0161 val=0.0913 main=0.9883 turnT=0.7240 theta=0.5214 score=0.1696
  epoch 070 | train=0.0181 val=0.1001 main=0.9861 turnT=0.7500 theta=0.4052 score=0.1504
  epoch 075 | train=0.0122 val=0.0963 main=0.9861 turnT=0.7161 theta=0.3799 score=0.1818
  epoch 080 | train=0.0138 val=0.0897 main=0.9872 turnT=0.7214 theta=0.5561 score=0.1722
  epoch 085 | train=0.0112 val=0.1136 main=0.9840 turnT=0.7422 theta=0.5748 score=0.1781
  epoch 090 | train=0.0109 val=0.1056 main=0.9822 turnT=0.7526 theta=0.4341 score=0.1588
  epoch 095 | train=0.0100 val=0.1206 main=0.9826 turnT=0.7344 theta=0.3501 score=0.1873
  epoch 100 | train=0.0090 val=0.1138 main=0.9829 turnT=0.7604 theta=0.3404 score=0.1632
[ModernTCN] 豆界：epoch=102, best_epoch=77
[ModernTCN] 祁족供냥
  checkpoint: E:\Matlab\Simulink\S-Function_16\results\modern_tcn\transition_rich_v3_seed73\modern_tcn_seed73.pt
  summary: E:\Matlab\Simulink\S-Function_16\results\modern_tcn\transition_rich_v3_seed73\modern_tcn_seed73_summary.csv
  report: E:\Matlab\Simulink\S-Function_16\results\modern_tcn\transition_rich_v3_seed73\ModernTCN_train_report.md
  test main=0.9656, turnT=0.8170, theta=0.3132, flat=0.9464, slope=0.9923
