This is pdfTeX, Version 3.141592653-2.6-1.40.26 (TeX Live 2024) (preloaded format=pdflatex 2024.12.12)  5 JAN 2026 21:02
entering extended mode
 restricted \write18 enabled.
 file:line:error style messages enabled.
 %&-line parsing enabled.
**e:/Matlab/Simulink/S-Function_14/results/papers/papert.tex
(e:/Matlab/Simulink/S-Function_14/results/papers/papert.tex
LaTeX2e <2023-11-01> patch level 1
L3 programming layer <2024-02-20>

! LaTeX Error: File `ctacn.cls' not found.

Type X to quit or <RETURN> to proceed,
or enter new name. (Default extension: cls)

Enter file name: 
e:/Matlab/Simulink/S-Function_14/results/papers/papert.tex:6: Emergency stop.
<read *> 
         
l.6 \usepackage
               {hhline}^^M
*** (cannot \read from terminal in nonstop modes)

 
Here is how much of TeX's memory you used:
 22 strings out of 474116
 589 string characters out of 5735644
 1925190 words of memory out of 5000000
 22481 multiletter control sequences out of 15000+600000
 558069 words of font info for 36 fonts, out of 8000000 for 9000
 1141 hyphenation exceptions out of 8191
 19i,0n,29p,113b,17s stack positions out of 10000i,1000n,20000p,200000b,200000s
e:/Matlab/Simulink/S-Function_14/results/papers/papert.tex:6:  ==> Fatal error occurred, no output PDF file produced!
