
===== START modern_tcn_v4_turn_focus_A_seed11 2026-05-05 13:06:56 =====
[ModernTCN] 뒤寧쌓뙈祁족역迦
  seed=11, device=cuda, out=E:\Matlab\Simulink\S-Function_16\results\modern_tcn\modern_tcn_v4_turn_focus_A_seed11
  dataset=data\tcn\ModernTCN_dataset_v4_industrial.mat
  train/val/test=63022/13141/13596
  model channels=64, blocks=5, kernel=31
  epoch 001 | train=0.2577 val=0.1243 main=0.9635 turn=0.8915 turnL=0.9274 turnT=0.5537 theta=2.2097 score=1.3396
  epoch 005 | train=0.0599 val=0.0892 main=0.9786 turn=0.9279 turnL=0.9819 turnT=0.6606 theta=1.3011 score=0.6190
  epoch 010 | train=0.0404 val=0.0690 main=0.9835 turn=0.9352 turnL=0.9887 turnT=0.6872 theta=0.6931 score=0.4437
  epoch 015 | train=0.0330 val=0.0814 main=0.9803 turn=0.9374 turnL=0.9864 turnT=0.6999 theta=0.7922 score=0.3745
  epoch 020 | train=0.0295 val=0.0802 main=0.9826 turn=0.9435 turnL=0.9832 turnT=0.7331 theta=0.5000 score=0.2793
  epoch 025 | train=0.0259 val=0.0731 main=0.9848 turn=0.9419 turnL=0.9864 turnT=0.7150 theta=0.9374 score=0.4507
  epoch 030 | train=0.0231 val=0.0827 main=0.9846 turn=0.9418 turnL=0.9873 turnT=0.7162 theta=0.5146 score=0.2706
  epoch 035 | train=0.0214 val=0.0717 main=0.9857 turn=0.9398 turnL=0.9864 turnT=0.7277 theta=1.0831 score=0.4621
  epoch 040 | train=0.0184 val=0.0631 main=0.9866 turn=0.9499 turnL=0.9882 turnT=0.7657 theta=0.5113 score=0.1619
  epoch 045 | train=0.0174 val=0.0742 main=0.9850 turn=0.9492 turnL=0.9887 turnT=0.7536 theta=0.6320 score=0.1954
  epoch 050 | train=0.0173 val=0.0728 main=0.9852 turn=0.9502 turnL=0.9823 turnT=0.7470 theta=0.5538 score=0.2083
  epoch 055 | train=0.0157 val=0.0843 main=0.9852 turn=0.9514 turnL=0.9791 turnT=0.7736 theta=0.7103 score=0.3230
  epoch 060 | train=0.0150 val=0.0821 main=0.9870 turn=0.9505 turnL=0.9832 turnT=0.7645 theta=0.4530 score=0.1708
  epoch 065 | train=0.0142 val=0.0822 main=0.9850 turn=0.9530 turnL=0.9819 turnT=0.7832 theta=0.5884 score=0.2398
[ModernTCN] 豆界：epoch=67, best_epoch=37
[ModernTCN] 祁족供냥
  checkpoint: E:\Matlab\Simulink\S-Function_16\results\modern_tcn\modern_tcn_v4_turn_focus_A_seed11\modern_tcn_seed11.pt
  summary: E:\Matlab\Simulink\S-Function_16\results\modern_tcn\modern_tcn_v4_turn_focus_A_seed11\modern_tcn_seed11_summary.csv
  report: E:\Matlab\Simulink\S-Function_16\results\modern_tcn\modern_tcn_v4_turn_focus_A_seed11\ModernTCN_train_report.md
  test main=0.9805, turnT=0.7524, turnL=0.9446, theta=0.5390, flat=0.9864, slope=0.9767
===== END modern_tcn_v4_turn_focus_A_seed11 exit=0 2026-05-05 13:19:56 =====

===== START modern_tcn_v4_turn_focus_A_seed21 2026-05-05 13:19:56 =====
[ModernTCN] 뒤寧쌓뙈祁족역迦
  seed=21, device=cuda, out=E:\Matlab\Simulink\S-Function_16\results\modern_tcn\modern_tcn_v4_turn_focus_A_seed21
  dataset=data\tcn\ModernTCN_dataset_v4_industrial.mat
  train/val/test=63022/13141/13596
  model channels=64, blocks=5, kernel=31
  epoch 001 | train=0.2671 val=0.1227 main=0.9629 turn=0.8899 turnL=0.9429 turnT=0.5362 theta=2.1304 score=1.4634
  epoch 005 | train=0.0600 val=0.0890 main=0.9745 turn=0.9254 turnL=0.9574 turnT=0.6437 theta=0.9770 score=0.5697
  epoch 010 | train=0.0405 val=0.0670 main=0.9839 turn=0.9348 turnL=0.9823 turnT=0.6715 theta=0.6614 score=0.4232
  epoch 015 | train=0.0341 val=0.0782 main=0.9785 turn=0.9384 turnL=0.9773 turnT=0.6993 theta=0.5578 score=0.3227
  epoch 020 | train=0.0303 val=0.0787 main=0.9809 turn=0.9399 turnL=0.9814 turnT=0.7095 theta=0.6763 score=0.3104
  epoch 025 | train=0.0259 val=0.0825 main=0.9805 turn=0.9413 turnL=0.9683 turnT=0.7313 theta=0.8516 score=0.2806
  epoch 030 | train=0.0232 val=0.0861 main=0.9811 turn=0.9421 turnL=0.9605 turnT=0.7252 theta=0.5880 score=0.2446
  epoch 035 | train=0.0208 val=0.0831 main=0.9820 turn=0.9454 turnL=0.9800 turnT=0.7585 theta=0.5253 score=0.4022
  epoch 040 | train=0.0191 val=0.0905 main=0.9840 turn=0.9450 turnL=0.9692 turnT=0.7518 theta=0.5158 score=0.2227
  epoch 045 | train=0.0187 val=0.0877 main=0.9829 turn=0.9475 turnL=0.9678 turnT=0.7579 theta=0.5794 score=0.2301
  epoch 050 | train=0.0163 val=0.0834 main=0.9845 turn=0.9489 turnL=0.9760 turnT=0.7615 theta=0.5477 score=0.2283
  epoch 055 | train=0.0159 val=0.0948 main=0.9830 turn=0.9496 turnL=0.9701 turnT=0.7717 theta=0.7488 score=0.3180
  epoch 060 | train=0.0147 val=0.0865 main=0.9848 turn=0.9530 turnL=0.9651 turnT=0.7917 theta=0.5115 score=0.2469
  epoch 065 | train=0.0136 val=0.0861 main=0.9843 turn=0.9537 turnL=0.9705 turnT=0.8031 theta=0.9459 score=0.2148
  epoch 070 | train=0.0124 val=0.0962 main=0.9834 turn=0.9521 turnL=0.9660 turnT=0.7814 theta=0.4686 score=0.1774
  epoch 075 | train=0.0124 val=0.0889 main=0.9851 turn=0.9523 turnL=0.9519 turnT=0.7959 theta=0.4512 score=0.1751
  epoch 080 | train=0.0103 val=0.0943 main=0.9849 turn=0.9538 turnL=0.9610 turnT=0.8001 theta=0.4149 score=0.2224
  epoch 085 | train=0.0102 val=0.0934 main=0.9850 turn=0.9557 turnL=0.9705 turnT=0.8068 theta=0.4554 score=0.1909
  epoch 090 | train=0.0097 val=0.1030 main=0.9823 turn=0.9509 turnL=0.9542 turnT=0.7911 theta=0.4683 score=0.1920
  epoch 095 | train=0.0091 val=0.1001 main=0.9840 turn=0.9542 turnL=0.9537 turnT=0.8080 theta=0.4182 score=0.2268
  epoch 100 | train=0.0081 val=0.1042 main=0.9848 turn=0.9541 turnL=0.9669 turnT=0.8062 theta=0.5233 score=0.2417
  epoch 105 | train=0.0080 val=0.0993 main=0.9840 turn=0.9531 turnL=0.9546 turnT=0.8128 theta=0.3869 score=0.1641
[ModernTCN] 豆界：epoch=107, best_epoch=77
[ModernTCN] 祁족供냥
  checkpoint: E:\Matlab\Simulink\S-Function_16\results\modern_tcn\modern_tcn_v4_turn_focus_A_seed21\modern_tcn_seed21.pt
  summary: E:\Matlab\Simulink\S-Function_16\results\modern_tcn\modern_tcn_v4_turn_focus_A_seed21\modern_tcn_seed21_summary.csv
  report: E:\Matlab\Simulink\S-Function_16\results\modern_tcn\modern_tcn_v4_turn_focus_A_seed21\ModernTCN_train_report.md
  test main=0.9867, turnT=0.7624, turnL=0.9469, theta=0.3603, flat=0.9876, slope=0.9890
===== END modern_tcn_v4_turn_focus_A_seed21 exit=0 2026-05-05 13:37:33 =====

===== START modern_tcn_v4_turn_focus_A_seed42 2026-05-05 13:37:33 =====
[ModernTCN] 뒤寧쌓뙈祁족역迦
  seed=42, device=cuda, out=E:\Matlab\Simulink\S-Function_16\results\modern_tcn\modern_tcn_v4_turn_focus_A_seed42
  dataset=data\tcn\ModernTCN_dataset_v4_industrial.mat
  train/val/test=63022/13141/13596
  model channels=64, blocks=5, kernel=31
  epoch 001 | train=0.2743 val=0.1215 main=0.9641 turn=0.8887 turnL=0.9320 turnT=0.5199 theta=2.9165 score=1.6851
  epoch 005 | train=0.0584 val=0.0765 main=0.9754 turn=0.9218 turnL=0.9900 turnT=0.6449 theta=0.9079 score=0.5300
  epoch 010 | train=0.0391 val=0.0688 main=0.9829 turn=0.9390 turnL=0.9619 turnT=0.7077 theta=0.7115 score=0.3710
  epoch 015 | train=0.0327 val=0.0660 main=0.9833 turn=0.9426 turnL=0.9782 turnT=0.7107 theta=0.5336 score=0.2366
  epoch 020 | train=0.0282 val=0.0645 main=0.9826 turn=0.9429 turnL=0.9859 turnT=0.7053 theta=0.6435 score=0.3818
  epoch 025 | train=0.0245 val=0.0702 main=0.9843 turn=0.9479 turnL=0.9864 turnT=0.7609 theta=0.5442 score=0.2432
  epoch 030 | train=0.0228 val=0.0649 main=0.9858 turn=0.9472 turnL=0.9773 turnT=0.7367 theta=0.5422 score=0.2331
  epoch 035 | train=0.0212 val=0.0638 main=0.9868 turn=0.9518 turnL=0.9424 turnT=0.7736 theta=1.0085 score=0.4126
  epoch 040 | train=0.0189 val=0.0701 main=0.9852 turn=0.9519 turnL=0.9723 turnT=0.7579 theta=0.7451 score=0.1758
  epoch 045 | train=0.0180 val=0.0727 main=0.9866 turn=0.9510 turnL=0.9769 turnT=0.7675 theta=0.6509 score=0.2151
  epoch 050 | train=0.0162 val=0.0644 main=0.9861 turn=0.9529 turnL=0.9642 turnT=0.7772 theta=0.9938 score=0.3123
  epoch 055 | train=0.0158 val=0.0741 main=0.9855 turn=0.9512 turnL=0.9692 turnT=0.7856 theta=0.5138 score=0.1211
  epoch 060 | train=0.0151 val=0.0651 main=0.9865 turn=0.9554 turnL=0.9673 turnT=0.7959 theta=0.6390 score=0.1620
  epoch 065 | train=0.0136 val=0.0744 main=0.9858 turn=0.9544 turnL=0.9683 turnT=0.7736 theta=0.6913 score=0.1984
  epoch 070 | train=0.0121 val=0.0734 main=0.9862 turn=0.9509 turnL=0.9673 turnT=0.7645 theta=0.4987 score=0.1337
  epoch 075 | train=0.0125 val=0.0743 main=0.9864 turn=0.9558 turnL=0.9673 turnT=0.7826 theta=0.5054 score=0.1467
  epoch 080 | train=0.0110 val=0.0757 main=0.9871 turn=0.9545 turnL=0.9732 turnT=0.7820 theta=0.6035 score=0.2845
  epoch 085 | train=0.0100 val=0.0764 main=0.9865 turn=0.9528 turnL=0.9755 turnT=0.7675 theta=0.7053 score=0.1450
[ModernTCN] 豆界：epoch=85, best_epoch=55
[ModernTCN] 祁족供냥
  checkpoint: E:\Matlab\Simulink\S-Function_16\results\modern_tcn\modern_tcn_v4_turn_focus_A_seed42\modern_tcn_seed42.pt
  summary: E:\Matlab\Simulink\S-Function_16\results\modern_tcn\modern_tcn_v4_turn_focus_A_seed42\modern_tcn_seed42_summary.csv
  report: E:\Matlab\Simulink\S-Function_16\results\modern_tcn\modern_tcn_v4_turn_focus_A_seed42\ModernTCN_train_report.md
  test main=0.9847, turnT=0.7630, turnL=0.9479, theta=0.4669, flat=0.9886, slope=0.9821
  seed42 gate pass=1
===== END modern_tcn_v4_turn_focus_A_seed42 exit=0 2026-05-05 13:51:20 =====
