
===== START modern_tcn_v4_turn_focus_A_theta_head_B_seed21 2026-05-05 14:00:51 =====
[ModernTCN theta finetune] start
  base=results\modern_tcn\modern_tcn_v4_turn_focus_A_seed21\modern_tcn_seed21.pt
  dataset=data\tcn\ModernTCN_dataset_v4_industrial.mat
  train/val/test=63022/13141/13596
  output=E:\Matlab\Simulink\S-Function_16\results\modern_tcn\modern_tcn_v4_turn_focus_A_theta_head_B_seed21
  device=cuda
  trainable_params=288
  epoch 001 train=0.01033 val=0.08374 theta=0.5643 flat_p95=0.8949 flat_bias=0.0178 score=0.13261
  epoch 005 train=0.00930 val=0.08376 theta=0.5728 flat_p95=0.9788 flat_bias=0.1754 score=0.13289
  epoch 010 train=0.00929 val=0.08387 theta=0.6403 flat_p95=1.1873 flat_bias=-0.1791 score=0.20993
[ModernTCN theta finetune] early stop epoch=13, best_epoch=1
[ModernTCN theta finetune] done
  checkpoint=E:\Matlab\Simulink\S-Function_16\results\modern_tcn\modern_tcn_v4_turn_focus_A_theta_head_B_seed21\modern_tcn_seed21.pt
  theta=0.4868 deg
  flat_p95=0.9533 deg
  flat_bias=0.0073 deg
  near_flat_p95=0.7862 deg
  main=0.9867 turn=0.9529
===== END modern_tcn_v4_turn_focus_A_theta_head_B_seed21 exit=0 2026-05-05 14:02:04 =====
