[init_project] Root: E:\Matlab\Simulink\S-Function_16
[init_project] Root: E:\Matlab\Simulink\S-Function_16
[init_project] Root: E:\Matlab\Simulink\S-Function_16

========== TCN 训练母集生成 ==========
模型: GRU_DataGen
路径数: 41
每路径 runs: mixed [2, 4], total=127
输出: E:\Matlab\Simulink\S-Function_16\data\tcn\ModernTCN_train_data_v6_longrun_diag2steer_balanced.mat
=====================================


╔════════════════════════════════════════════════════════════╗
║     LPVMPC_AGV 模型初始化 (PreLoadFcn, V3.4, 2026-01-22)   ║
╚════════════════════════════════════════════════════════════╝

[init_project] Root: E:\Matlab\Simulink\S-Function_16
[步骤 0/5] 加载基础参数...
  ? parameters() 加载成功 (Ts=0.010s, m=200.0kg, L=2.00m)

[步骤 1/5] 加载 LPV 数据库...
  ? 文件加载成功: E:\Matlab\Simulink\S-Function_16\data\models\lin_agv_db.mat
  → 使用 db 结构体格式
  ? 网格: 11×15×21 (总 3465 点), nx=4, nu=2, nd=1, Ts=0.010s

[步骤 2/5] 创建 MPCPlantBus...
  ? MPCPlantBus 创建成功 (nu_md=3 = 2 MV + 1 MD)

[步骤 3/5] 加载优化权重 / ctrl...
  ? 权重加载成功 (phase2_best)
  ? 从 ctrl.mat 加载控制器 (Np=150)
  → 已将 21 个优化参数注入 ctrl.maps

[步骤 4/5] 加载 GRU 模型...
  ? GRU_model 加载成功 (E:\Matlab\Simulink\S-Function_16\data\models\GRU_model.mat)

[步骤 5/5] 初始化总结
  ════════════════════════════════════════════════
  ? 基础参数:     已加载 (Ts=0.010s)
  ? LPV 数据库:   E:\Matlab\Simulink\S-Function_16\data\models\lin_agv_db.mat (11×15×21)
  ? MPCPlantBus:  已创建
  ? GRU 模型:     就绪
  ? 优化权重:     已加载 (phase2_best)
  ? MPC 控制器:   E:\Matlab\Simulink\S-Function_16\data\models\ctrl.mat (Np=150, Nc=50)
  ════════════════════════════════════════════════

? 初始化成功！使用优化权重与 GRU 调度

[PreLoadFcn] 完成

[TCN] Preparing runtime workspace for GRU_DataGen
[init_project] Root: E:\Matlab\Simulink\S-Function_16

╔════════════════════════════════════════════════════════════╗
║     LPVMPC_AGV 模型初始化 (PreLoadFcn, V3.4, 2026-01-22)   ║
╚════════════════════════════════════════════════════════════╝

[init_project] Root: E:\Matlab\Simulink\S-Function_16
[步骤 0/5] 加载基础参数...
  ? parameters() 加载成功 (Ts=0.010s, m=200.0kg, L=2.00m)

[步骤 1/5] 加载 LPV 数据库...
  ? 文件加载成功: E:\Matlab\Simulink\S-Function_16\data\models\lin_agv_db.mat
  → 使用 db 结构体格式
  ? 网格: 11×15×21 (总 3465 点), nx=4, nu=2, nd=1, Ts=0.010s

[步骤 2/5] 创建 MPCPlantBus...
  ? MPCPlantBus 创建成功 (nu_md=3 = 2 MV + 1 MD)

[步骤 3/5] 加载优化权重 / ctrl...
  ? 权重加载成功 (phase2_best)
  ? 从 ctrl.mat 加载控制器 (Np=150)
  → 已将 21 个优化参数注入 ctrl.maps

[步骤 4/5] 加载 GRU 模型...
  ? GRU_model 加载成功 (E:\Matlab\Simulink\S-Function_16\data\models\GRU_model.mat)

[步骤 5/5] 初始化总结
  ════════════════════════════════════════════════
  ? 基础参数:     已加载 (Ts=0.010s)
  ? LPV 数据库:   E:\Matlab\Simulink\S-Function_16\data\models\lin_agv_db.mat (11×15×21)
  ? MPCPlantBus:  已创建
  ? GRU 模型:     就绪
  ? 优化权重:     已加载 (phase2_best)
  ? MPC 控制器:   E:\Matlab\Simulink\S-Function_16\data\models\ctrl.mat (Np=150, Nc=50)
  ════════════════════════════════════════════════

? 初始化成功！使用优化权重与 GRU 调度

[PreLoadFcn] 完成

[001/127] path_modern_tcn_v6_longrun_diag2steer_balanced_01_v6_long_mixed_industrial_a | rep=1 ...    Assuming no disturbance added to measured output #1.
-->Assuming output disturbance added to measured output #2 is integrated white noise.
-->Assuming output disturbance added to measured output #3 is integrated white noise.
-->Assuming output disturbance added to measured output #4 is integrated white noise.
-->"Model.Noise" is empty. Assuming white noise on each measured output.
ok N=18001 | flat=12319 stall=0 slope=5682 turn=6703 slip=0 load=325
[002/127] path_modern_tcn_v6_longrun_diag2steer_balanced_01_v6_long_mixed_industrial_a | rep=2 ...    Assuming no disturbance added to measured output #1.
-->Assuming output disturbance added to measured output #2 is integrated white noise.
-->Assuming output disturbance added to measured output #3 is integrated white noise.
-->Assuming output disturbance added to measured output #4 is integrated white noise.
-->"Model.Noise" is empty. Assuming white noise on each measured output.
ok N=18001 | flat=12319 stall=0 slope=5682 turn=6703 slip=0 load=348
[003/127] path_modern_tcn_v6_longrun_diag2steer_balanced_02_v6_long_mixed_industrial_b | rep=1 ...    Assuming no disturbance added to measured output #1.
-->Assuming output disturbance added to measured output #2 is integrated white noise.
-->Assuming output disturbance added to measured output #3 is integrated white noise.
-->Assuming output disturbance added to measured output #4 is integrated white noise.
-->"Model.Noise" is empty. Assuming white noise on each measured output.
ok N=21001 | flat=14075 stall=257 slope=6669 turn=7279 slip=0 load=0
[004/127] path_modern_tcn_v6_longrun_diag2steer_balanced_02_v6_long_mixed_industrial_b | rep=2 ...    Assuming no disturbance added to measured output #1.
-->Assuming output disturbance added to measured output #2 is integrated white noise.
-->Assuming output disturbance added to measured output #3 is integrated white noise.
-->Assuming output disturbance added to measured output #4 is integrated white noise.
-->"Model.Noise" is empty. Assuming white noise on each measured output.
ok N=21001 | flat=14074 stall=375 slope=6552 turn=7279 slip=0 load=0
[005/127] path_modern_tcn_v6_longrun_diag2steer_balanced_03_v6_long_flat_turns_hard_negative | rep=1 ...    Assuming no disturbance added to measured output #1.
-->Assuming output disturbance added to measured output #2 is integrated white noise.
-->Assuming output disturbance added to measured output #3 is integrated white noise.
-->Assuming output disturbance added to measured output #4 is integrated white noise.
-->"Model.Noise" is empty. Assuming white noise on each measured output.
