[init_project] Root: E:\Matlab\Simulink\S-Function_16
========================================
  LPV-MPC ïżœïżœïżœïżœïżœïżœïżœïżœïżœïżœïżœÌČïżœïżœïżœ
========================================

ïżœïżœïżœïżœïżœïżœ1/5ïżœïżœïżœïżœïżœŰČïżœïżœïżœ...
  ïżœïżœïżœïżœïżœïżœïżœïżœ Ts = 0.010 s
  ïżœïżœïżœïżœïżœïżœïżœïżœ m = 200.0 kg
  ïżœïżœïżœ L = 2.00 m

ïżœïżœïżœïżœïżœïżœ2/5ïżœïżœïżœïżœïżœïżœïżœïżœïżœÔ»ïżœïżœïżœïżœïżœ...
  ïżœÙ¶ïżœïżœïżœïżœïżœ: [0.02 ïżœïżœ 1.20] m/sïżœïżœ11ïżœïżœ
  ïżœïżœïżœÙ¶ïżœïżœïżœïżœïżœ: [-1.200 ïżœïżœ 1.200] rad/sïżœïżœïżœĐ·ïżœïżœĆŁïżœïżœïżœ15ïżœïżœ
  ïżœÂ¶ïżœïżœïżœïżœïżœ: [-12.00ïżœïżœ ïżœïżœ 12.00ïżœïżœ]ïżœïżœ25ïżœïżœ
  ïżœïżœïżœïżœïżœïżœïżœïżœïżœ: 11 ïżœïżœ 15 ïżœïżœ 25 = 4125

ïżœïżœïżœïżœïżœïżœ3/5ïżœïżœÖŽïżœïżœïżœïżœïżœïżœïżœïżœïżœÔ»ïżœ...
========== AGVïżœïżœïżœïżœïżœïżœïżœÔ»ïżœïżœïżœÊŒ ==========
ïżœïżœïżœïżœßŽïżœ: Nv=11, Nw=15, Nt=25
ïżœïżœïżœïżœïżœÔ»ïżœïżœïżœïżœïżœ: 4125
ïżœïżœïżœïżœÏ”: path
ïżœïżœÉąïżœïżœïżœïżœïżœïżœ: zoh
==========================================

[  5/4125] v=0.02, ïżœïżœ=-1.200, ïżœïżœ=-8.00ïżœïżœ | ïżœïżœïżœïżœ:   0.1% | ETA: 116.7s
[ 10/4125] v=0.02, ïżœïżœ=-1.200, ïżœïżœ=-3.00ïżœïżœ | ïżœïżœïżœïżœ:   0.2% | ETA: 60.0s
[ 15/4125] v=0.02, ïżœïżœ=-1.200, ïżœïżœ=2.00ïżœïżœ | ïżœïżœïżœïżœ:   0.4% | ETA: 41.2s
[ 20/4125] v=0.02, ïżœïżœ=-1.200, ïżœïżœ=7.00ïżœïżœ | ïżœïżœïżœïżœ:   0.5% | ETA: 31.4s
[ 25/4125] v=0.02, ïżœïżœ=-1.200, ïżœïżœ=12.00ïżœïżœ | ïżœïżœïżœïżœ:   0.6% | ETA: 26.1s
[ 30/4125] v=0.02, ïżœïżœ=-1.029, ïżœïżœ=-8.00ïżœïżœ | ïżœïżœïżœïżœ:   0.7% | ETA: 22.2s
[ 35/4125] v=0.02, ïżœïżœ=-1.029, ïżœïżœ=-3.00ïżœïżœ | ïżœïżœïżœïżœ:   0.8% | ETA: 19.3s
[ 40/4125] v=0.02, ïżœïżœ=-1.029, ïżœïżœ=2.00ïżœïżœ | ïżœïżœïżœïżœ:   1.0% | ETA: 17.1s
[ 45/4125] v=0.02, ïżœïżœ=-1.029, ïżœïżœ=7.00ïżœïżœ | ïżœïżœïżœïżœ:   1.1% | ETA: 15.4s
[ 50/4125] v=0.02, ïżœïżœ=-1.029, ïżœïżœ=12.00ïżœïżœ | ïżœïżœïżœïżœ:   1.2% | ETA: 14.1s
[ 55/4125] v=0.02, ïżœïżœ=-0.857, ïżœïżœ=-8.00ïżœïżœ | ïżœïżœïżœïżœ:   1.3% | ETA: 13.0s
[ 60/4125] v=0.02, ïżœïżœ=-0.857, ïżœïżœ=-3.00ïżœïżœ | ïżœïżœïżœïżœ:   1.5% | ETA: 12.1s
[ 65/4125] v=0.02, ïżœïżœ=-0.857, ïżœïżœ=2.00ïżœïżœ | ïżœïżœïżœïżœ:   1.6% | ETA: 11.3s
[ 70/4125] v=0.02, ïżœïżœ=-0.857, ïżœïżœ=7.00ïżœïżœ | ïżœïżœïżœïżœ:   1.7% | ETA: 10.7s
[ 75/4125] v=0.02, ïżœïżœ=-0.857, ïżœïżœ=12.00ïżœïżœ | ïżœïżœïżœïżœ:   1.8% | ETA: 10.1s
[ 80/4125] v=0.02, ïżœïżœ=-0.686, ïżœïżœ=-8.00ïżœïżœ | ïżœïżœïżœïżœ:   1.9% | ETA: 9.6s
[ 85/4125] v=0.02, ïżœïżœ=-0.686, ïżœïżœ=-3.00ïżœïżœ | ïżœïżœïżœïżœ:   2.1% | ETA: 9.2s
[ 90/4125] v=0.02, ïżœïżœ=-0.686, ïżœïżœ=2.00ïżœïżœ | ïżœïżœïżœïżœ:   2.2% | ETA: 8.8s
[ 95/4125] v=0.02, ïżœïżœ=-0.686, ïżœïżœ=7.00ïżœïżœ | ïżœïżœïżœïżœ:   2.3% | ETA: 8.5s
[100/4125] v=0.02, ïżœïżœ=-0.686, ïżœïżœ=12.00ïżœïżœ | ïżœïżœïżœïżœ:   2.4% | ETA: 8.2s
[105/4125] v=0.02, ïżœïżœ=-0.514, ïżœïżœ=-8.00ïżœïżœ | ïżœïżœïżœïżœ:   2.5% | ETA: 8.0s
[110/4125] v=0.02, ïżœïżœ=-0.514, ïżœïżœ=-3.00ïżœïżœ | ïżœïżœïżœïżœ:   2.7% | ETA: 7.7s
[115/4125] v=0.02, ïżœïżœ=-0.514, ïżœïżœ=2.00ïżœïżœ | ïżœïżœïżœïżœ:   2.8% | ETA: 7.5s
[120/4125] v=0.02, ïżœïżœ=-0.514, ïżœïżœ=7.00ïżœïżœ | ïżœïżœïżœïżœ:   2.9% | ETA: 7.2s
[125/4125] v=0.02, ïżœïżœ=-0.514, ïżœïżœ=12.00ïżœïżœ | ïżœïżœïżœïżœ:   3.0% | ETA: 7.0s
[130/4125] v=0.02, ïżœïżœ=-0.343, ïżœïżœ=-8.00ïżœïżœ | ïżœïżœïżœïżœ:   3.2% | ETA: 6.8s
[135/4125] v=0.02, ïżœïżœ=-0.343, ïżœïżœ=-3.00ïżœïżœ | ïżœïżœïżœïżœ:   3.3% | ETA: 6.6s
[140/4125] v=0.02, ïżœïżœ=-0.343, ïżœïżœ=2.00ïżœïżœ | ïżœïżœïżœïżœ:   3.4% | ETA: 6.5s
[145/4125] v=0.02, ïżœïżœ=-0.343, ïżœïżœ=7.00ïżœïżœ | ïżœïżœïżœïżœ:   3.5% | ETA: 6.3s
[150/4125] v=0.02, ïżœïżœ=-0.343, ïżœïżœ=12.00ïżœïżœ | ïżœïżœïżœïżœ:   3.6% | ETA: 6.1s
[155/4125] v=0.02, ïżœïżœ=-0.171, ïżœïżœ=-8.00ïżœïżœ | ïżœïżœïżœïżœ:   3.8% | ETA: 6.0s
[160/4125] v=0.02, ïżœïżœ=-0.171, ïżœïżœ=-3.00ïżœïżœ | ïżœïżœïżœïżœ:   3.9% | ETA: 5.8s
[165/4125] v=0.02, ïżœïżœ=-0.171, ïżœïżœ=2.00ïżœïżœ | ïżœïżœïżœïżœ:   4.0% | ETA: 5.7s
[170/4125] v=0.02, ïżœïżœ=-0.171, ïżœïżœ=7.00ïżœïżœ | ïżœïżœïżœïżœ:   4.1% | ETA: 5.6s
[175/4125] v=0.02, ïżœïżœ=-0.171, ïżœïżœ=12.00ïżœïżœ | ïżœïżœïżœïżœ:   4.2% | ETA: 5.5s
[180/4125] v=0.02, ïżœïżœ=0.000, ïżœïżœ=-8.00ïżœïżœ | ïżœïżœïżœïżœ:   4.4% | ETA: 5.5s
[185/4125] v=0.02, ïżœïżœ=0.000, ïżœïżœ=-3.00ïżœïżœ | ïżœïżœïżœïżœ:   4.5% | ETA: 5.4s
[190/4125] v=0.02, ïżœïżœ=0.000, ïżœïżœ=2.00ïżœïżœ | ïżœïżœïżœïżœ:   4.6% | ETA: 5.3s
[195/4125] v=0.02, ïżœïżœ=0.000, ïżœïżœ=7.00ïżœïżœ | ïżœïżœïżœïżœ:   4.7% | ETA: 5.2s
[200/4125] v=0.02, ïżœïżœ=0.000, ïżœïżœ=12.00ïżœïżœ | ïżœïżœïżœïżœ:   4.8% | ETA: 5.2s
[205/4125] v=0.02, ïżœïżœ=0.171, ïżœïżœ=-8.00ïżœïżœ | ïżœïżœïżœïżœ:   5.0% | ETA: 5.1s
[210/4125] v=0.02, ïżœïżœ=0.171, ïżœïżœ=-3.00ïżœïżœ | ïżœïżœïżœïżœ:   5.1% | ETA: 5.0s
[215/4125] v=0.02, ïżœïżœ=0.171, ïżœïżœ=2.00ïżœïżœ | ïżœïżœïżœïżœ:   5.2% | ETA: 4.9s
[220/4125] v=0.02, ïżœïżœ=0.171, ïżœïżœ=7.00ïżœïżœ | ïżœïżœïżœïżœ:   5.3% | ETA: 4.8s
[225/4125] v=0.02, ïżœïżœ=0.171, ïżœïżœ=12.00ïżœïżœ | ïżœïżœïżœïżœ:   5.5% | ETA: 4.8s
[230/4125] v=0.02, ïżœïżœ=0.343, ïżœïżœ=-8.00ïżœïżœ | ïżœïżœïżœïżœ:   5.6% | ETA: 4.7s
[235/4125] v=0.02, ïżœïżœ=0.343, ïżœïżœ=-3.00ïżœïżœ | ïżœïżœïżœïżœ:   5.7% | ETA: 4.6s
[240/4125] v=0.02, ïżœïżœ=0.343, ïżœïżœ=2.00ïżœïżœ | ïżœïżœïżœïżœ:   5.8% | ETA: 4.5s
[245/4125] v=0.02, ïżœïżœ=0.343, ïżœïżœ=7.00ïżœïżœ | ïżœïżœïżœïżœ:   5.9% | ETA: 4.5s
[250/4125] v=0.02, ïżœïżœ=0.343, ïżœïżœ=12.00ïżœïżœ | ïżœïżœïżœïżœ:   6.1% | ETA: 4.4s
[255/4125] v=0.02, ïżœïżœ=0.514, ïżœïżœ=-8.00ïżœïżœ | ïżœïżœïżœïżœ:   6.2% | ETA: 4.4s
[260/4125] v=0.02, ïżœïżœ=0.514, ïżœïżœ=-3.00ïżœïżœ | ïżœïżœïżœïżœ:   6.3% | ETA: 4.3s
[265/4125] v=0.02, ïżœïżœ=0.514, ïżœïżœ=2.00ïżœïżœ | ïżœïżœïżœïżœ:   6.4% | ETA: 4.3s
[270/4125] v=0.02, ïżœïżœ=0.514, ïżœïżœ=7.00ïżœïżœ | ïżœïżœïżœïżœ:   6.5% | ETA: 4.2s
[275/4125] v=0.02, ïżœïżœ=0.514, ïżœïżœ=12.00ïżœïżœ | ïżœïżœïżœïżœ:   6.7% | ETA: 4.2s
[280/4125] v=0.02, ïżœïżœ=0.686, ïżœïżœ=-8.00ïżœïżœ | ïżœïżœïżœïżœ:   6.8% | ETA: 4.2s
[285/4125] v=0.02, ïżœïżœ=0.686, ïżœïżœ=-3.00ïżœïżœ | ïżœïżœïżœïżœ:   6.9% | ETA: 4.1s
[290/4125] v=0.02, ïżœïżœ=0.686, ïżœïżœ=2.00ïżœïżœ | ïżœïżœïżœïżœ:   7.0% | ETA: 4.1s
[295/4125] v=0.02, ïżœïżœ=0.686, ïżœïżœ=7.00ïżœïżœ | ïżœïżœïżœïżœ:   7.2% | ETA: 4.1s
[300/4125] v=0.02, ïżœïżœ=0.686, ïżœïżœ=12.00ïżœïżœ | ïżœïżœïżœïżœ:   7.3% | ETA: 4.0s
[305/4125] v=0.02, ïżœïżœ=0.857, ïżœïżœ=-8.00ïżœïżœ | ïżœïżœïżœïżœ:   7.4% | ETA: 4.0s
[310/4125] v=0.02, ïżœïżœ=0.857, ïżœïżœ=-3.00ïżœïżœ | ïżœïżœïżœïżœ:   7.5% | ETA: 3.9s
[315/4125] v=0.02, ïżœïżœ=0.857, ïżœïżœ=2.00ïżœïżœ | ïżœïżœïżœïżœ:   7.6% | ETA: 3.9s
[320/4125] v=0.02, ïżœïżœ=0.857, ïżœïżœ=7.00ïżœïżœ | ïżœïżœïżœïżœ:   7.8% | ETA: 3.8s
[325/4125] v=0.02, ïżœïżœ=0.857, ïżœïżœ=12.00ïżœïżœ | ïżœïżœïżœïżœ:   7.9% | ETA: 3.8s
[330/4125] v=0.02, ïżœïżœ=1.029, ïżœïżœ=-8.00ïżœïżœ | ïżœïżœïżœïżœ:   8.0% | ETA: 3.8s
[335/4125] v=0.02, ïżœïżœ=1.029, ïżœïżœ=-3.00ïżœïżœ | ïżœïżœïżœïżœ:   8.1% | ETA: 3.7s
[340/4125] v=0.02, ïżœïżœ=1.029, ïżœïżœ=2.00ïżœïżœ | ïżœïżœïżœïżœ:   8.2% | ETA: 3.7s
[345/4125] v=0.02, ïżœïżœ=1.029, ïżœïżœ=7.00ïżœïżœ | ïżœïżœïżœïżœ:   8.4% | ETA: 3.7s
[350/4125] v=0.02, ïżœïżœ=1.029, ïżœïżœ=12.00ïżœïżœ | ïżœïżœïżœïżœ:   8.5% | ETA: 3.6s
[355/4125] v=0.02, ïżœïżœ=1.200, ïżœïżœ=-8.00ïżœïżœ | ïżœïżœïżœïżœ:   8.6% | ETA: 3.6s
[360/4125] v=0.02, ïżœïżœ=1.200, ïżœïżœ=-3.00ïżœïżœ | ïżœïżœïżœïżœ:   8.7% | ETA: 3.6s
[365/4125] v=0.02, ïżœïżœ=1.200, ïżœïżœ=2.00ïżœïżœ | ïżœïżœïżœïżœ:   8.8% | ETA: 3.6s
[370/4125] v=0.02, ïżœïżœ=1.200, ïżœïżœ=7.00ïżœïżœ | ïżœïżœïżœïżœ:   9.0% | ETA: 3.5s
[375/4125] v=0.02, ïżœïżœ=1.200, ïżœïżœ=12.00ïżœïżœ | ïżœïżœïżœïżœ:   9.1% | ETA: 3.5s
[380/4125] v=0.04, ïżœïżœ=-1.200, ïżœïżœ=-8.00ïżœïżœ | ïżœïżœïżœïżœ:   9.2% | ETA: 3.5s
[385/4125] v=0.04, ïżœïżœ=-1.200, ïżœïżœ=-3.00ïżœïżœ | ïżœïżœïżœïżœ:   9.3% | ETA: 3.5s
[390/4125] v=0.04, ïżœïżœ=-1.200, ïżœïżœ=2.00ïżœïżœ | ïżœïżœïżœïżœ:   9.5% | ETA: 3.5s
[395/4125] v=0.04, ïżœïżœ=-1.200, ïżœïżœ=7.00ïżœïżœ | ïżœïżœïżœïżœ:   9.6% | ETA: 3.5s
[400/4125] v=0.04, ïżœïżœ=-1.200, ïżœïżœ=12.00ïżœïżœ | ïżœïżœïżœïżœ:   9.7% | ETA: 3.4s
[405/4125] v=0.04, ïżœïżœ=-1.029, ïżœïżœ=-8.00ïżœïżœ | ïżœïżœïżœïżœ:   9.8% | ETA: 3.4s
[410/4125] v=0.04, ïżœïżœ=-1.029, ïżœïżœ=-3.00ïżœïżœ | ïżœïżœïżœïżœ:   9.9% | ETA: 3.4s
[415/4125] v=0.04, ïżœïżœ=-1.029, ïżœïżœ=2.00ïżœïżœ | ïżœïżœïżœïżœ:  10.1% | ETA: 3.4s
[420/4125] v=0.04, ïżœïżœ=-1.029, ïżœïżœ=7.00ïżœïżœ | ïżœïżœïżœïżœ:  10.2% | ETA: 3.4s
[425/4125] v=0.04, ïżœïżœ=-1.029, ïżœïżœ=12.00ïżœïżœ | ïżœïżœïżœïżœ:  10.3% | ETA: 3.4s
[430/4125] v=0.04, ïżœïżœ=-0.857, ïżœïżœ=-8.00ïżœïżœ | ïżœïżœïżœïżœ:  10.4% | ETA: 3.3s
[435/4125] v=0.04, ïżœïżœ=-0.857, ïżœïżœ=-3.00ïżœïżœ | ïżœïżœïżœïżœ:  10.5% | ETA: 3.3s
[440/4125] v=0.04, ïżœïżœ=-0.857, ïżœïżœ=2.00ïżœïżœ | ïżœïżœïżœïżœ:  10.7% | ETA: 3.3s
[445/4125] v=0.04, ïżœïżœ=-0.857, ïżœïżœ=7.00ïżœïżœ | ïżœïżœïżœïżœ:  10.8% | ETA: 3.3s
[450/4125] v=0.04, ïżœïżœ=-0.857, ïżœïżœ=12.00ïżœïżœ | ïżœïżœïżœïżœ:  10.9% | ETA: 3.3s
[455/4125] v=0.04, ïżœïżœ=-0.686, ïżœïżœ=-8.00ïżœïżœ | ïżœïżœïżœïżœ:  11.0% | ETA: 3.2s
[460/4125] v=0.04, ïżœïżœ=-0.686, ïżœïżœ=-3.00ïżœïżœ | ïżœïżœïżœïżœ:  11.2% | ETA: 3.2s
[465/4125] v=0.04, ïżœïżœ=-0.686, ïżœïżœ=2.00ïżœïżœ | ïżœïżœïżœïżœ:  11.3% | ETA: 3.2s
[470/4125] v=0.04, ïżœïżœ=-0.686, ïżœïżœ=7.00ïżœïżœ | ïżœïżœïżœïżœ:  11.4% | ETA: 3.2s
[475/4125] v=0.04, ïżœïżœ=-0.686, ïżœïżœ=12.00ïżœïżœ | ïżœïżœïżœïżœ:  11.5% | ETA: 3.2s
[480/4125] v=0.04, ïżœïżœ=-0.514, ïżœïżœ=-8.00ïżœïżœ | ïżœïżœïżœïżœ:  11.6% | ETA: 3.2s
[485/4125] v=0.04, ïżœïżœ=-0.514, ïżœïżœ=-3.00ïżœïżœ | ïżœïżœïżœïżœ:  11.8% | ETA: 3.1s
[490/4125] v=0.04, ïżœïżœ=-0.514, ïżœïżœ=2.00ïżœïżœ | ïżœïżœïżœïżœ:  11.9% | ETA: 3.1s
[495/4125] v=0.04, ïżœïżœ=-0.514, ïżœïżœ=7.00ïżœïżœ | ïżœïżœïżœïżœ:  12.0% | ETA: 3.1s
[500/4125] v=0.04, ïżœïżœ=-0.514, ïżœïżœ=12.00ïżœïżœ | ïżœïżœïżœïżœ:  12.1% | ETA: 3.1s
[505/4125] v=0.04, ïżœïżœ=-0.343, ïżœïżœ=-8.00ïżœïżœ | ïżœïżœïżœïżœ:  12.2% | ETA: 3.1s
[510/4125] v=0.04, ïżœïżœ=-0.343, ïżœïżœ=-3.00ïżœïżœ | ïżœïżœïżœïżœ:  12.4% | ETA: 3.1s
[515/4125] v=0.04, ïżœïżœ=-0.343, ïżœïżœ=2.00ïżœïżœ | ïżœïżœïżœïżœ:  12.5% | ETA: 3.0s
[520/4125] v=0.04, ïżœïżœ=-0.343, ïżœïżœ=7.00ïżœïżœ | ïżœïżœïżœïżœ:  12.6% | ETA: 3.0s
[525/4125] v=0.04, ïżœïżœ=-0.343, ïżœïżœ=12.00ïżœïżœ | ïżœïżœïżœïżœ:  12.7% | ETA: 3.0s
[530/4125] v=0.04, ïżœïżœ=-0.171, ïżœïżœ=-8.00ïżœïżœ | ïżœïżœïżœïżœ:  12.8% | ETA: 3.0s
[535/4125] v=0.04, ïżœïżœ=-0.171, ïżœïżœ=-3.00ïżœïżœ | ïżœïżœïżœïżœ:  13.0% | ETA: 3.0s
[540/4125] v=0.04, ïżœïżœ=-0.171, ïżœïżœ=2.00ïżœïżœ | ïżœïżœïżœïżœ:  13.1% | ETA: 3.0s
[545/4125] v=0.04, ïżœïżœ=-0.171, ïżœïżœ=7.00ïżœïżœ | ïżœïżœïżœïżœ:  13.2% | ETA: 3.0s
[550/4125] v=0.04, ïżœïżœ=-0.171, ïżœïżœ=12.00ïżœïżœ | ïżœïżœïżœïżœ:  13.3% | ETA: 2.9s
[555/4125] v=0.04, ïżœïżœ=0.000, ïżœïżœ=-8.00ïżœïżœ | ïżœïżœïżœïżœ:  13.5% | ETA: 2.9s
[560/4125] v=0.04, ïżœïżœ=0.000, ïżœïżœ=-3.00ïżœïżœ | ïżœïżœïżœïżœ:  13.6% | ETA: 2.9s
[565/4125] v=0.04, ïżœïżœ=0.000, ïżœïżœ=2.00ïżœïżœ | ïżœïżœïżœïżœ:  13.7% | ETA: 2.9s
[570/4125] v=0.04, ïżœïżœ=0.000, ïżœïżœ=7.00ïżœïżœ | ïżœïżœïżœïżœ:  13.8% | ETA: 2.9s
[575/4125] v=0.04, ïżœïżœ=0.000, ïżœïżœ=12.00ïżœïżœ | ïżœïżœïżœïżœ:  13.9% | ETA: 2.9s
[580/4125] v=0.04, ïżœïżœ=0.171, ïżœïżœ=-8.00ïżœïżœ | ïżœïżœïżœïżœ:  14.1% | ETA: 2.9s
[585/4125] v=0.04, ïżœïżœ=0.171, ïżœïżœ=-3.00ïżœïżœ | ïżœïżœïżœïżœ:  14.2% | ETA: 2.8s
[590/4125] v=0.04, ïżœïżœ=0.171, ïżœïżœ=2.00ïżœïżœ | ïżœïżœïżœïżœ:  14.3% | ETA: 2.8s
[595/4125] v=0.04, ïżœïżœ=0.171, ïżœïżœ=7.00ïżœïżœ | ïżœïżœïżœïżœ:  14.4% | ETA: 2.8s
[600/4125] v=0.04, ïżœïżœ=0.171, ïżœïżœ=12.00ïżœïżœ | ïżœïżœïżœïżœ:  14.5% | ETA: 2.8s
[605/4125] v=0.04, ïżœïżœ=0.343, ïżœïżœ=-8.00ïżœïżœ | ïżœïżœïżœïżœ:  14.7% | ETA: 2.8s
[610/4125] v=0.04, ïżœïżœ=0.343, ïżœïżœ=-3.00ïżœïżœ | ïżœïżœïżœïżœ:  14.8% | ETA: 2.8s
[615/4125] v=0.04, ïżœïżœ=0.343, ïżœïżœ=2.00ïżœïżœ | ïżœïżœïżœïżœ:  14.9% | ETA: 2.8s
[620/4125] v=0.04, ïżœïżœ=0.343, ïżœïżœ=7.00ïżœïżœ | ïżœïżœïżœïżœ:  15.0% | ETA: 2.8s
[625/4125] v=0.04, ïżœïżœ=0.343, ïżœïżœ=12.00ïżœïżœ | ïżœïżœïżœïżœ:  15.2% | ETA: 2.7s
[630/4125] v=0.04, ïżœïżœ=0.514, ïżœïżœ=-8.00ïżœïżœ | ïżœïżœïżœïżœ:  15.3% | ETA: 2.7s
[635/4125] v=0.04, ïżœïżœ=0.514, ïżœïżœ=-3.00ïżœïżœ | ïżœïżœïżœïżœ:  15.4% | ETA: 2.7s
[640/4125] v=0.04, ïżœïżœ=0.514, ïżœïżœ=2.00ïżœïżœ | ïżœïżœïżœïżœ:  15.5% | ETA: 2.7s
[645/4125] v=0.04, ïżœïżœ=0.514, ïżœïżœ=7.00ïżœïżœ | ïżœïżœïżœïżœ:  15.6% | ETA: 2.7s
[650/4125] v=0.04, ïżœïżœ=0.514, ïżœïżœ=12.00ïżœïżœ | ïżœïżœïżœïżœ:  15.8% | ETA: 2.7s
[655/4125] v=0.04, ïżœïżœ=0.686, ïżœïżœ=-8.00ïżœïżœ | ïżœïżœïżœïżœ:  15.9% | ETA: 2.7s
[660/4125] v=0.04, ïżœïżœ=0.686, ïżœïżœ=-3.00ïżœïżœ | ïżœïżœïżœïżœ:  16.0% | ETA: 2.7s
[665/4125] v=0.04, ïżœïżœ=0.686, ïżœïżœ=2.00ïżœïżœ | ïżœïżœïżœïżœ:  16.1% | ETA: 2.7s
[670/4125] v=0.04, ïżœïżœ=0.686, ïżœïżœ=7.00ïżœïżœ | ïżœïżœïżœïżœ:  16.2% | ETA: 2.6s
[675/4125] v=0.04, ïżœïżœ=0.686, ïżœïżœ=12.00ïżœïżœ | ïżœïżœïżœïżœ:  16.4% | ETA: 2.6s
[680/4125] v=0.04, ïżœïżœ=0.857, ïżœïżœ=-8.00ïżœïżœ | ïżœïżœïżœïżœ:  16.5% | ETA: 2.6s
[685/4125] v=0.04, ïżœïżœ=0.857, ïżœïżœ=-3.00ïżœïżœ | ïżœïżœïżœïżœ:  16.6% | ETA: 2.6s
[690/4125] v=0.04, ïżœïżœ=0.857, ïżœïżœ=2.00ïżœïżœ | ïżœïżœïżœïżœ:  16.7% | ETA: 2.6s
[695/4125] v=0.04, ïżœïżœ=0.857, ïżœïżœ=7.00ïżœïżœ | ïżœïżœïżœïżœ:  16.8% | ETA: 2.6s
[700/4125] v=0.04, ïżœïżœ=0.857, ïżœïżœ=12.00ïżœïżœ | ïżœïżœïżœïżœ:  17.0% | ETA: 2.6s
[705/4125] v=0.04, ïżœïżœ=1.029, ïżœïżœ=-8.00ïżœïżœ | ïżœïżœïżœïżœ:  17.1% | ETA: 2.6s
[710/4125] v=0.04, ïżœïżœ=1.029, ïżœïżœ=-3.00ïżœïżœ | ïżœïżœïżœïżœ:  17.2% | ETA: 2.6s
[715/4125] v=0.04, ïżœïżœ=1.029, ïżœïżœ=2.00ïżœïżœ | ïżœïżœïżœïżœ:  17.3% | ETA: 2.6s
[720/4125] v=0.04, ïżœïżœ=1.029, ïżœïżœ=7.00ïżœïżœ | ïżœïżœïżœïżœ:  17.5% | ETA: 2.6s
[725/4125] v=0.04, ïżœïżœ=1.029, ïżœïżœ=12.00ïżœïżœ | ïżœïżœïżœïżœ:  17.6% | ETA: 2.6s
[730/4125] v=0.04, ïżœïżœ=1.200, ïżœïżœ=-8.00ïżœïżœ | ïżœïżœïżœïżœ:  17.7% | ETA: 2.5s
[735/4125] v=0.04, ïżœïżœ=1.200, ïżœïżœ=-3.00ïżœïżœ | ïżœïżœïżœïżœ:  17.8% | ETA: 2.5s
[740/4125] v=0.04, ïżœïżœ=1.200, ïżœïżœ=2.00ïżœïżœ | ïżœïżœïżœïżœ:  17.9% | ETA: 2.5s
[745/4125] v=0.04, ïżœïżœ=1.200, ïżœïżœ=7.00ïżœïżœ | ïżœïżœïżœïżœ:  18.1% | ETA: 2.5s
[750/4125] v=0.04, ïżœïżœ=1.200, ïżœïżœ=12.00ïżœïżœ | ïżœïżœïżœïżœ:  18.2% | ETA: 2.5s
[755/4125] v=0.06, ïżœïżœ=-1.200, ïżœïżœ=-8.00ïżœïżœ | ïżœïżœïżœïżœ:  18.3% | ETA: 2.9s
[760/4125] v=0.06, ïżœïżœ=-1.200, ïżœïżœ=-3.00ïżœïżœ | ïżœïżœïżœïżœ:  18.4% | ETA: 3.2s
[765/4125] v=0.06, ïżœïżœ=-1.200, ïżœïżœ=2.00ïżœïżœ | ïżœïżœïżœïżœ:  18.5% | ETA: 3.5s
[770/4125] v=0.06, ïżœïżœ=-1.200, ïżœïżœ=7.00ïżœïżœ | ïżœïżœïżœïżœ:  18.7% | ETA: 3.7s
[775/4125] v=0.06, ïżœïżœ=-1.200, ïżœïżœ=12.00ïżœïżœ | ïżœïżœïżœïżœ:  18.8% | ETA: 4.0s
[780/4125] v=0.06, ïżœïżœ=-1.029, ïżœïżœ=-8.00ïżœïżœ | ïżœïżœïżœïżœ:  18.9% | ETA: 4.3s
[785/4125] v=0.06, ïżœïżœ=-1.029, ïżœïżœ=-3.00ïżœïżœ | ïżœïżœïżœïżœ:  19.0% | ETA: 4.5s
[790/4125] v=0.06, ïżœïżœ=-1.029, ïżœïżœ=2.00ïżœïżœ | ïżœïżœïżœïżœ:  19.2% | ETA: 4.8s
[795/4125] v=0.06, ïżœïżœ=-1.029, ïżœïżœ=7.00ïżœïżœ | ïżœïżœïżœïżœ:  19.3% | ETA: 5.0s
[800/4125] v=0.06, ïżœïżœ=-1.029, ïżœïżœ=12.00ïżœïżœ | ïżœïżœïżœïżœ:  19.4% | ETA: 5.3s
[805/4125] v=0.06, ïżœïżœ=-0.857, ïżœïżœ=-8.00ïżœïżœ | ïżœïżœïżœïżœ:  19.5% | ETA: 5.6s
[810/4125] v=0.06, ïżœïżœ=-0.857, ïżœïżœ=-3.00ïżœïżœ | ïżœïżœïżœïżœ:  19.6% | ETA: 5.8s
[815/4125] v=0.06, ïżœïżœ=-0.857, ïżœïżœ=2.00ïżœïżœ | ïżœïżœïżœïżœ:  19.8% | ETA: 6.0s
[820/4125] v=0.06, ïżœïżœ=-0.857, ïżœïżœ=7.00ïżœïżœ | ïżœïżœïżœïżœ:  19.9% | ETA: 6.2s
[825/4125] v=0.06, ïżœïżœ=-0.857, ïżœïżœ=12.00ïżœïżœ | ïżœïżœïżœïżœ:  20.0% | ETA: 6.3s
[830/4125] v=0.06, ïżœïżœ=-0.686, ïżœïżœ=-8.00ïżœïżœ | ïżœïżœïżœïżœ:  20.1% | ETA: 6.5s
[835/4125] v=0.06, ïżœïżœ=-0.686, ïżœïżœ=-3.00ïżœïżœ | ïżœïżœïżœïżœ:  20.2% | ETA: 6.7s
[840/4125] v=0.06, ïżœïżœ=-0.686, ïżœïżœ=2.00ïżœïżœ | ïżœïżœïżœïżœ:  20.4% | ETA: 7.0s
[845/4125] v=0.06, ïżœïżœ=-0.686, ïżœïżœ=7.00ïżœïżœ | ïżœïżœïżœïżœ:  20.5% | ETA: 7.3s
[850/4125] v=0.06, ïżœïżœ=-0.686, ïżœïżœ=12.00ïżœïżœ | ïżœïżœïżœïżœ:  20.6% | ETA: 7.5s
[855/4125] v=0.06, ïżœïżœ=-0.514, ïżœïżœ=-8.00ïżœïżœ | ïżœïżœïżœïżœ:  20.7% | ETA: 7.6s
[860/4125] v=0.06, ïżœïżœ=-0.514, ïżœïżœ=-3.00ïżœïżœ | ïżœïżœïżœïżœ:  20.8% | ETA: 7.8s
[865/4125] v=0.06, ïżœïżœ=-0.514, ïżœïżœ=2.00ïżœïżœ | ïżœïżœïżœïżœ:  21.0% | ETA: 8.0s
[870/4125] v=0.06, ïżœïżœ=-0.514, ïżœïżœ=7.00ïżœïżœ | ïżœïżœïżœïżœ:  21.1% | ETA: 8.1s
[875/4125] v=0.06, ïżœïżœ=-0.514, ïżœïżœ=12.00ïżœïżœ | ïżœïżœïżœïżœ:  21.2% | ETA: 8.3s
[880/4125] v=0.06, ïżœïżœ=-0.343, ïżœïżœ=-8.00ïżœïżœ | ïżœïżœïżœïżœ:  21.3% | ETA: 8.4s
[885/4125] v=0.06, ïżœïżœ=-0.343, ïżœïżœ=-3.00ïżœïżœ | ïżœïżœïżœïżœ:  21.5% | ETA: 8.6s
[890/4125] v=0.06, ïżœïżœ=-0.343, ïżœïżœ=2.00ïżœïżœ | ïżœïżœïżœïżœ:  21.6% | ETA: 8.8s
[895/4125] v=0.06, ïżœïżœ=-0.343, ïżœïżœ=7.00ïżœïżœ | ïżœïżœïżœïżœ:  21.7% | ETA: 8.9s
[900/4125] v=0.06, ïżœïżœ=-0.343, ïżœïżœ=12.00ïżœïżœ | ïżœïżœïżœïżœ:  21.8% | ETA: 9.1s
[905/4125] v=0.06, ïżœïżœ=-0.171, ïżœïżœ=-8.00ïżœïżœ | ïżœïżœïżœïżœ:  21.9% | ETA: 9.3s
[910/4125] v=0.06, ïżœïżœ=-0.171, ïżœïżœ=-3.00ïżœïżœ | ïżœïżœïżœïżœ:  22.1% | ETA: 9.4s
[915/4125] v=0.06, ïżœïżœ=-0.171, ïżœïżœ=2.00ïżœïżœ | ïżœïżœïżœïżœ:  22.2% | ETA: 9.5s
[920/4125] v=0.06, ïżœïżœ=-0.171, ïżœïżœ=7.00ïżœïżœ | ïżœïżœïżœïżœ:  22.3% | ETA: 9.7s
[925/4125] v=0.06, ïżœïżœ=-0.171, ïżœïżœ=12.00ïżœïżœ | ïżœïżœïżœïżœ:  22.4% | ETA: 9.8s
[930/4125] v=0.06, ïżœïżœ=0.000, ïżœïżœ=-8.00ïżœïżœ | ïżœïżœïżœïżœ:  22.5% | ETA: 9.9s
[935/4125] v=0.06, ïżœïżœ=0.000, ïżœïżœ=-3.00ïżœïżœ | ïżœïżœïżœïżœ:  22.7% | ETA: 9.9s
[940/4125] v=0.06, ïżœïżœ=0.000, ïżœïżœ=2.00ïżœïżœ | ïżœïżœïżœïżœ:  22.8% | ETA: 9.9s
[945/4125] v=0.06, ïżœïżœ=0.000, ïżœïżœ=7.00ïżœïżœ | ïżœïżœïżœïżœ:  22.9% | ETA: 9.9s
[950/4125] v=0.06, ïżœïżœ=0.000, ïżœïżœ=12.00ïżœïżœ | ïżœïżœïżœïżœ:  23.0% | ETA: 10.0s
[955/4125] v=0.06, ïżœïżœ=0.171, ïżœïżœ=-8.00ïżœïżœ | ïżœïżœïżœïżœ:  23.2% | ETA: 10.1s
[960/4125] v=0.06, ïżœïżœ=0.171, ïżœïżœ=-3.00ïżœïżœ | ïżœïżœïżœïżœ:  23.3% | ETA: 10.3s
[965/4125] v=0.06, ïżœïżœ=0.171, ïżœïżœ=2.00ïżœïżœ | ïżœïżœïżœïżœ:  23.4% | ETA: 10.3s
[970/4125] v=0.06, ïżœïżœ=0.171, ïżœïżœ=7.00ïżœïżœ | ïżœïżœïżœïżœ:  23.5% | ETA: 10.4s
[975/4125] v=0.06, ïżœïżœ=0.171, ïżœïżœ=12.00ïżœïżœ | ïżœïżœïżœïżœ:  23.6% | ETA: 10.6s
[980/4125] v=0.06, ïżœïżœ=0.343, ïżœïżœ=-8.00ïżœïżœ | ïżœïżœïżœïżœ:  23.8% | ETA: 10.7s
[985/4125] v=0.06, ïżœïżœ=0.343, ïżœïżœ=-3.00ïżœïżœ | ïżœïżœïżœïżœ:  23.9% | ETA: 10.8s
[990/4125] v=0.06, ïżœïżœ=0.343, ïżœïżœ=2.00ïżœïżœ | ïżœïżœïżœïżœ:  24.0% | ETA: 10.9s
[995/4125] v=0.06, ïżœïżœ=0.343, ïżœïżœ=7.00ïżœïżœ | ïżœïżœïżœïżœ:  24.1% | ETA: 11.0s
[1000/4125] v=0.06, ïżœïżœ=0.343, ïżœïżœ=12.00ïżœïżœ | ïżœïżœïżœïżœ:  24.2% | ETA: 11.1s
[1005/4125] v=0.06, ïżœïżœ=0.514, ïżœïżœ=-8.00ïżœïżœ | ïżœïżœïżœïżœ:  24.4% | ETA: 11.2s
[1010/4125] v=0.06, ïżœïżœ=0.514, ïżœïżœ=-3.00ïżœïżœ | ïżœïżœïżœïżœ:  24.5% | ETA: 11.3s
[1015/4125] v=0.06, ïżœïżœ=0.514, ïżœïżœ=2.00ïżœïżœ | ïżœïżœïżœïżœ:  24.6% | ETA: 11.5s
[1020/4125] v=0.06, ïżœïżœ=0.514, ïżœïżœ=7.00ïżœïżœ | ïżœïżœïżœïżœ:  24.7% | ETA: 11.7s
[1025/4125] v=0.06, ïżœïżœ=0.514, ïżœïżœ=12.00ïżœïżœ | ïżœïżœïżœïżœ:  24.8% | ETA: 11.8s
[1030/4125] v=0.06, ïżœïżœ=0.686, ïżœïżœ=-8.00ïżœïżœ | ïżœïżœïżœïżœ:  25.0% | ETA: 11.9s
[1035/4125] v=0.06, ïżœïżœ=0.686, ïżœïżœ=-3.00ïżœïżœ | ïżœïżœïżœïżœ:  25.1% | ETA: 12.1s
[1040/4125] v=0.06, ïżœïżœ=0.686, ïżœïżœ=2.00ïżœïżœ | ïżœïżœïżœïżœ:  25.2% | ETA: 12.2s
[1045/4125] v=0.06, ïżœïżœ=0.686, ïżœïżœ=7.00ïżœïżœ | ïżœïżœïżœïżœ:  25.3% | ETA: 12.3s
[1050/4125] v=0.06, ïżœïżœ=0.686, ïżœïżœ=12.00ïżœïżœ | ïżœïżœïżœïżœ:  25.5% | ETA: 12.4s
[1055/4125] v=0.06, ïżœïżœ=0.857, ïżœïżœ=-8.00ïżœïżœ | ïżœïżœïżœïżœ:  25.6% | ETA: 12.5s
[1060/4125] v=0.06, ïżœïżœ=0.857, ïżœïżœ=-3.00ïżœïżœ | ïżœïżœïżœïżœ:  25.7% | ETA: 12.6s
[1065/4125] v=0.06, ïżœïżœ=0.857, ïżœïżœ=2.00ïżœïżœ | ïżœïżœïżœïżœ:  25.8% | ETA: 12.7s
[1070/4125] v=0.06, ïżœïżœ=0.857, ïżœïżœ=7.00ïżœïżœ | ïżœïżœïżœïżœ:  25.9% | ETA: 12.8s
[1075/4125] v=0.06, ïżœïżœ=0.857, ïżœïżœ=12.00ïżœïżœ | ïżœïżœïżœïżœ:  26.1% | ETA: 12.9s
[1080/4125] v=0.06, ïżœïżœ=1.029, ïżœïżœ=-8.00ïżœïżœ | ïżœïżœïżœïżœ:  26.2% | ETA: 12.9s
[1085/4125] v=0.06, ïżœïżœ=1.029, ïżœïżœ=-3.00ïżœïżœ | ïżœïżœïżœïżœ:  26.3% | ETA: 13.1s
[1090/4125] v=0.06, ïżœïżœ=1.029, ïżœïżœ=2.00ïżœïżœ | ïżœïżœïżœïżœ:  26.4% | ETA: 13.2s
[1095/4125] v=0.06, ïżœïżœ=1.029, ïżœïżœ=7.00ïżœïżœ | ïżœïżœïżœïżœ:  26.5% | ETA: 13.3s
[1100/4125] v=0.06, ïżœïżœ=1.029, ïżœïżœ=12.00ïżœïżœ | ïżœïżœïżœïżœ:  26.7% | ETA: 13.4s
[1105/4125] v=0.06, ïżœïżœ=1.200, ïżœïżœ=-8.00ïżœïżœ | ïżœïżœïżœïżœ:  26.8% | ETA: 13.4s
[1110/4125] v=0.06, ïżœïżœ=1.200, ïżœïżœ=-3.00ïżœïżœ | ïżœïżœïżœïżœ:  26.9% | ETA: 13.5s
[1115/4125] v=0.06, ïżœïżœ=1.200, ïżœïżœ=2.00ïżœïżœ | ïżœïżœïżœïżœ:  27.0% | ETA: 13.6s
[1120/4125] v=0.06, ïżœïżœ=1.200, ïżœïżœ=7.00ïżœïżœ | ïżœïżœïżœïżœ:  27.2% | ETA: 13.7s
[1125/4125] v=0.06, ïżœïżœ=1.200, ïżœïżœ=12.00ïżœïżœ | ïżœïżœïżœïżœ:  27.3% | ETA: 13.8s
[1130/4125] v=0.08, ïżœïżœ=-1.200, ïżœïżœ=-8.00ïżœïżœ | ïżœïżœïżœïżœ:  27.4% | ETA: 13.8s
[1135/4125] v=0.08, ïżœïżœ=-1.200, ïżœïżœ=-3.00ïżœïżœ | ïżœïżœïżœïżœ:  27.5% | ETA: 13.9s
[1140/4125] v=0.08, ïżœïżœ=-1.200, ïżœïżœ=2.00ïżœïżœ | ïżœïżœïżœïżœ:  27.6% | ETA: 14.0s
[1145/4125] v=0.08, ïżœïżœ=-1.200, ïżœïżœ=7.00ïżœïżœ | ïżœïżœïżœïżœ:  27.8% | ETA: 14.0s
[1150/4125] v=0.08, ïżœïżœ=-1.200, ïżœïżœ=12.00ïżœïżœ | ïżœïżœïżœïżœ:  27.9% | ETA: 14.1s
[1155/4125] v=0.08, ïżœïżœ=-1.029, ïżœïżœ=-8.00ïżœïżœ | ïżœïżœïżœïżœ:  28.0% | ETA: 14.2s
[1160/4125] v=0.08, ïżœïżœ=-1.029, ïżœïżœ=-3.00ïżœïżœ | ïżœïżœïżœïżœ:  28.1% | ETA: 14.2s
[1165/4125] v=0.08, ïżœïżœ=-1.029, ïżœïżœ=2.00ïżœïżœ | ïżœïżœïżœïżœ:  28.2% | ETA: 14.3s
[1170/4125] v=0.08, ïżœïżœ=-1.029, ïżœïżœ=7.00ïżœïżœ | ïżœïżœïżœïżœ:  28.4% | ETA: 14.3s
[1175/4125] v=0.08, ïżœïżœ=-1.029, ïżœïżœ=12.00ïżœïżœ | ïżœïżœïżœïżœ:  28.5% | ETA: 14.4s
[1180/4125] v=0.08, ïżœïżœ=-0.857, ïżœïżœ=-8.00ïżœïżœ | ïżœïżœïżœïżœ:  28.6% | ETA: 14.4s
[1185/4125] v=0.08, ïżœïżœ=-0.857, ïżœïżœ=-3.00ïżœïżœ | ïżœïżœïżœïżœ:  28.7% | ETA: 14.5s
[1190/4125] v=0.08, ïżœïżœ=-0.857, ïżœïżœ=2.00ïżœïżœ | ïżœïżœïżœïżœ:  28.8% | ETA: 14.6s
[1195/4125] v=0.08, ïżœïżœ=-0.857, ïżœïżœ=7.00ïżœïżœ | ïżœïżœïżœïżœ:  29.0% | ETA: 14.6s
[1200/4125] v=0.08, ïżœïżœ=-0.857, ïżœïżœ=12.00ïżœïżœ | ïżœïżœïżœïżœ:  29.1% | ETA: 14.7s
[1205/4125] v=0.08, ïżœïżœ=-0.686, ïżœïżœ=-8.00ïżœïżœ | ïżœïżœïżœïżœ:  29.2% | ETA: 14.8s
[1210/4125] v=0.08, ïżœïżœ=-0.686, ïżœïżœ=-3.00ïżœïżœ | ïżœïżœïżœïżœ:  29.3% | ETA: 14.8s
[1215/4125] v=0.08, ïżœïżœ=-0.686, ïżœïżœ=2.00ïżœïżœ | ïżœïżœïżœïżœ:  29.5% | ETA: 14.9s
[1220/4125] v=0.08, ïżœïżœ=-0.686, ïżœïżœ=7.00ïżœïżœ | ïżœïżœïżœïżœ:  29.6% | ETA: 15.0s
[1225/4125] v=0.08, ïżœïżœ=-0.686, ïżœïżœ=12.00ïżœïżœ | ïżœïżœïżœïżœ:  29.7% | ETA: 15.1s
[1230/4125] v=0.08, ïżœïżœ=-0.514, ïżœïżœ=-8.00ïżœïżœ | ïżœïżœïżœïżœ:  29.8% | ETA: 15.1s
[1235/4125] v=0.08, ïżœïżœ=-0.514, ïżœïżœ=-3.00ïżœïżœ | ïżœïżœïżœïżœ:  29.9% | ETA: 15.2s
[1240/4125] v=0.08, ïżœïżœ=-0.514, ïżœïżœ=2.00ïżœïżœ | ïżœïżœïżœïżœ:  30.1% | ETA: 15.3s
[1245/4125] v=0.08, ïżœïżœ=-0.514, ïżœïżœ=7.00ïżœïżœ | ïżœïżœïżœïżœ:  30.2% | ETA: 15.3s
[1250/4125] v=0.08, ïżœïżœ=-0.514, ïżœïżœ=12.00ïżœïżœ | ïżœïżœïżœïżœ:  30.3% | ETA: 15.4s
[1255/4125] v=0.08, ïżœïżœ=-0.343, ïżœïżœ=-8.00ïżœïżœ | ïżœïżœïżœïżœ:  30.4% | ETA: 15.4s
[1260/4125] v=0.08, ïżœïżœ=-0.343, ïżœïżœ=-3.00ïżœïżœ | ïżœïżœïżœïżœ:  30.5% | ETA: 15.5s
[1265/4125] v=0.08, ïżœïżœ=-0.343, ïżœïżœ=2.00ïżœïżœ | ïżœïżœïżœïżœ:  30.7% | ETA: 15.5s
[1270/4125] v=0.08, ïżœïżœ=-0.343, ïżœïżœ=7.00ïżœïżœ | ïżœïżœïżœïżœ:  30.8% | ETA: 15.6s
[1275/4125] v=0.08, ïżœïżœ=-0.343, ïżœïżœ=12.00ïżœïżœ | ïżœïżœïżœïżœ:  30.9% | ETA: 15.6s
[1280/4125] v=0.08, ïżœïżœ=-0.171, ïżœïżœ=-8.00ïżœïżœ | ïżœïżœïżœïżœ:  31.0% | ETA: 15.7s
[1285/4125] v=0.08, ïżœïżœ=-0.171, ïżœïżœ=-3.00ïżœïżœ | ïżœïżœïżœïżœ:  31.2% | ETA: 15.8s
[1290/4125] v=0.08, ïżœïżœ=-0.171, ïżœïżœ=2.00ïżœïżœ | ïżœïżœïżœïżœ:  31.3% | ETA: 15.8s
[1295/4125] v=0.08, ïżœïżœ=-0.171, ïżœïżœ=7.00ïżœïżœ | ïżœïżœïżœïżœ:  31.4% | ETA: 15.8s
[1300/4125] v=0.08, ïżœïżœ=-0.171, ïżœïżœ=12.00ïżœïżœ | ïżœïżœïżœïżœ:  31.5% | ETA: 15.9s
[1305/4125] v=0.08, ïżœïżœ=0.000, ïżœïżœ=-8.00ïżœïżœ | ïżœïżœïżœïżœ:  31.6% | ETA: 15.9s
[1310/4125] v=0.08, ïżœïżœ=0.000, ïżœïżœ=-3.00ïżœïżœ | ïżœïżœïżœïżœ:  31.8% | ETA: 15.8s
[1315/4125] v=0.08, ïżœïżœ=0.000, ïżœïżœ=2.00ïżœïżœ | ïżœïżœïżœïżœ:  31.9% | ETA: 15.8s
[1320/4125] v=0.08, ïżœïżœ=0.000, ïżœïżœ=7.00ïżœïżœ | ïżœïżœïżœïżœ:  32.0% | ETA: 15.8s
[1325/4125] v=0.08, ïżœïżœ=0.000, ïżœïżœ=12.00ïżœïżœ | ïżœïżœïżœïżœ:  32.1% | ETA: 15.8s
[1330/4125] v=0.08, ïżœïżœ=0.171, ïżœïżœ=-8.00ïżœïżœ | ïżœïżœïżœïżœ:  32.2% | ETA: 15.8s
[1335/4125] v=0.08, ïżœïżœ=0.171, ïżœïżœ=-3.00ïżœïżœ | ïżœïżœïżœïżœ:  32.4% | ETA: 15.8s
[1340/4125] v=0.08, ïżœïżœ=0.171, ïżœïżœ=2.00ïżœïżœ | ïżœïżœïżœïżœ:  32.5% | ETA: 15.8s
[1345/4125] v=0.08, ïżœïżœ=0.171, ïżœïżœ=7.00ïżœïżœ | ïżœïżœïżœïżœ:  32.6% | ETA: 15.9s
[1350/4125] v=0.08, ïżœïżœ=0.171, ïżœïżœ=12.00ïżœïżœ | ïżœïżœïżœïżœ:  32.7% | ETA: 15.9s
[1355/4125] v=0.08, ïżœïżœ=0.343, ïżœïżœ=-8.00ïżœïżœ | ïżœïżœïżœïżœ:  32.8% | ETA: 16.0s
[1360/4125] v=0.08, ïżœïżœ=0.343, ïżœïżœ=-3.00ïżœïżœ | ïżœïżœïżœïżœ:  33.0% | ETA: 16.0s
[1365/4125] v=0.08, ïżœïżœ=0.343, ïżœïżœ=2.00ïżœïżœ | ïżœïżœïżœïżœ:  33.1% | ETA: 16.0s
[1370/4125] v=0.08, ïżœïżœ=0.343, ïżœïżœ=7.00ïżœïżœ | ïżœïżœïżœïżœ:  33.2% | ETA: 16.1s
[1375/4125] v=0.08, ïżœïżœ=0.343, ïżœïżœ=12.00ïżœïżœ | ïżœïżœïżœïżœ:  33.3% | ETA: 16.1s
[1380/4125] v=0.08, ïżœïżœ=0.514, ïżœïżœ=-8.00ïżœïżœ | ïżœïżœïżœïżœ:  33.5% | ETA: 16.1s
[1385/4125] v=0.08, ïżœïżœ=0.514, ïżœïżœ=-3.00ïżœïżœ | ïżœïżœïżœïżœ:  33.6% | ETA: 16.1s
[1390/4125] v=0.08, ïżœïżœ=0.514, ïżœïżœ=2.00ïżœïżœ | ïżœïżœïżœïżœ:  33.7% | ETA: 16.1s
[1395/4125] v=0.08, ïżœïżœ=0.514, ïżœïżœ=7.00ïżœïżœ | ïżœïżœïżœïżœ:  33.8% | ETA: 16.1s
[1400/4125] v=0.08, ïżœïżœ=0.514, ïżœïżœ=12.00ïżœïżœ | ïżœïżœïżœïżœ:  33.9% | ETA: 16.2s
[1405/4125] v=0.08, ïżœïżœ=0.686, ïżœïżœ=-8.00ïżœïżœ | ïżœïżœïżœïżœ:  34.1% | ETA: 16.2s
[1410/4125] v=0.08, ïżœïżœ=0.686, ïżœïżœ=-3.00ïżœïżœ | ïżœïżœïżœïżœ:  34.2% | ETA: 16.2s
[1415/4125] v=0.08, ïżœïżœ=0.686, ïżœïżœ=2.00ïżœïżœ | ïżœïżœïżœïżœ:  34.3% | ETA: 16.3s
[1420/4125] v=0.08, ïżœïżœ=0.686, ïżœïżœ=7.00ïżœïżœ | ïżœïżœïżœïżœ:  34.4% | ETA: 16.3s
[1425/4125] v=0.08, ïżœïżœ=0.686, ïżœïżœ=12.00ïżœïżœ | ïżœïżœïżœïżœ:  34.5% | ETA: 16.3s
[1430/4125] v=0.08, ïżœïżœ=0.857, ïżœïżœ=-8.00ïżœïżœ | ïżœïżœïżœïżœ:  34.7% | ETA: 16.4s
[1435/4125] v=0.08, ïżœïżœ=0.857, ïżœïżœ=-3.00ïżœïżœ | ïżœïżœïżœïżœ:  34.8% | ETA: 16.3s
[1440/4125] v=0.08, ïżœïżœ=0.857, ïżœïżœ=2.00ïżœïżœ | ïżœïżœïżœïżœ:  34.9% | ETA: 16.3s
[1445/4125] v=0.08, ïżœïżœ=0.857, ïżœïżœ=7.00ïżœïżœ | ïżœïżœïżœïżœ:  35.0% | ETA: 16.3s
[1450/4125] v=0.08, ïżœïżœ=0.857, ïżœïżœ=12.00ïżœïżœ | ïżœïżœïżœïżœ:  35.2% | ETA: 16.4s
[1455/4125] v=0.08, ïżœïżœ=1.029, ïżœïżœ=-8.00ïżœïżœ | ïżœïżœïżœïżœ:  35.3% | ETA: 16.4s
[1460/4125] v=0.08, ïżœïżœ=1.029, ïżœïżœ=-3.00ïżœïżœ | ïżœïżœïżœïżœ:  35.4% | ETA: 16.4s
[1465/4125] v=0.08, ïżœïżœ=1.029, ïżœïżœ=2.00ïżœïżœ | ïżœïżœïżœïżœ:  35.5% | ETA: 16.4s
[1470/4125] v=0.08, ïżœïżœ=1.029, ïżœïżœ=7.00ïżœïżœ | ïżœïżœïżœïżœ:  35.6% | ETA: 16.4s
[1475/4125] v=0.08, ïżœïżœ=1.029, ïżœïżœ=12.00ïżœïżœ | ïżœïżœïżœïżœ:  35.8% | ETA: 16.4s
[1480/4125] v=0.08, ïżœïżœ=1.200, ïżœïżœ=-8.00ïżœïżœ | ïżœïżœïżœïżœ:  35.9% | ETA: 16.4s
[1485/4125] v=0.08, ïżœïżœ=1.200, ïżœïżœ=-3.00ïżœïżœ | ïżœïżœïżœïżœ:  36.0% | ETA: 16.3s
[1490/4125] v=0.08, ïżœïżœ=1.200, ïżœïżœ=2.00ïżœïżœ | ïżœïżœïżœïżœ:  36.1% | ETA: 16.3s
[1495/4125] v=0.08, ïżœïżœ=1.200, ïżœïżœ=7.00ïżœïżœ | ïżœïżœïżœïżœ:  36.2% | ETA: 16.3s
[1500/4125] v=0.08, ïżœïżœ=1.200, ïżœïżœ=12.00ïżœïżœ | ïżœïżœïżœïżœ:  36.4% | ETA: 16.3s
[1505/4125] v=0.10, ïżœïżœ=-1.200, ïżœïżœ=-8.00ïżœïżœ | ïżœïżœïżœïżœ:  36.5% | ETA: 16.3s
[1510/4125] v=0.10, ïżœïżœ=-1.200, ïżœïżœ=-3.00ïżœïżœ | ïżœïżœïżœïżœ:  36.6% | ETA: 16.3s
[1515/4125] v=0.10, ïżœïżœ=-1.200, ïżœïżœ=2.00ïżœïżœ | ïżœïżœïżœïżœ:  36.7% | ETA: 16.3s
[1520/4125] v=0.10, ïżœïżœ=-1.200, ïżœïżœ=7.00ïżœïżœ | ïżœïżœïżœïżœ:  36.8% | ETA: 16.3s
[1525/4125] v=0.10, ïżœïżœ=-1.200, ïżœïżœ=12.00ïżœïżœ | ïżœïżœïżœïżœ:  37.0% | ETA: 16.3s
[1530/4125] v=0.10, ïżœïżœ=-1.029, ïżœïżœ=-8.00ïżœïżœ | ïżœïżœïżœïżœ:  37.1% | ETA: 16.3s
[1535/4125] v=0.10, ïżœïżœ=-1.029, ïżœïżœ=-3.00ïżœïżœ | ïżœïżœïżœïżœ:  37.2% | ETA: 16.3s
[1540/4125] v=0.10, ïżœïżœ=-1.029, ïżœïżœ=2.00ïżœïżœ | ïżœïżœïżœïżœ:  37.3% | ETA: 16.3s
[1545/4125] v=0.10, ïżœïżœ=-1.029, ïżœïżœ=7.00ïżœïżœ | ïżœïżœïżœïżœ:  37.5% | ETA: 16.3s
[1550/4125] v=0.10, ïżœïżœ=-1.029, ïżœïżœ=12.00ïżœïżœ | ïżœïżœïżœïżœ:  37.6% | ETA: 16.3s
[1555/4125] v=0.10, ïżœïżœ=-0.857, ïżœïżœ=-8.00ïżœïżœ | ïżœïżœïżœïżœ:  37.7% | ETA: 16.3s
[1560/4125] v=0.10, ïżœïżœ=-0.857, ïżœïżœ=-3.00ïżœïżœ | ïżœïżœïżœïżœ:  37.8% | ETA: 16.2s
[1565/4125] v=0.10, ïżœïżœ=-0.857, ïżœïżœ=2.00ïżœïżœ | ïżœïżœïżœïżœ:  37.9% | ETA: 16.2s
[1570/4125] v=0.10, ïżœïżœ=-0.857, ïżœïżœ=7.00ïżœïżœ | ïżœïżœïżœïżœ:  38.1% | ETA: 16.2s
[1575/4125] v=0.10, ïżœïżœ=-0.857, ïżœïżœ=12.00ïżœïżœ | ïżœïżœïżœïżœ:  38.2% | ETA: 16.2s
[1580/4125] v=0.10, ïżœïżœ=-0.686, ïżœïżœ=-8.00ïżœïżœ | ïżœïżœïżœïżœ:  38.3% | ETA: 16.2s
[1585/4125] v=0.10, ïżœïżœ=-0.686, ïżœïżœ=-3.00ïżœïżœ | ïżœïżœïżœïżœ:  38.4% | ETA: 16.2s
[1590/4125] v=0.10, ïżœïżœ=-0.686, ïżœïżœ=2.00ïżœïżœ | ïżœïżœïżœïżœ:  38.5% | ETA: 16.2s
[1595/4125] v=0.10, ïżœïżœ=-0.686, ïżœïżœ=7.00ïżœïżœ | ïżœïżœïżœïżœ:  38.7% | ETA: 16.2s
[1600/4125] v=0.10, ïżœïżœ=-0.686, ïżœïżœ=12.00ïżœïżœ | ïżœïżœïżœïżœ:  38.8% | ETA: 16.2s
[1605/4125] v=0.10, ïżœïżœ=-0.514, ïżœïżœ=-8.00ïżœïżœ | ïżœïżœïżœïżœ:  38.9% | ETA: 16.2s
[1610/4125] v=0.10, ïżœïżœ=-0.514, ïżœïżœ=-3.00ïżœïżœ | ïżœïżœïżœïżœ:  39.0% | ETA: 16.2s
[1615/4125] v=0.10, ïżœïżœ=-0.514, ïżœïżœ=2.00ïżœïżœ | ïżœïżœïżœïżœ:  39.2% | ETA: 16.2s
[1620/4125] v=0.10, ïżœïżœ=-0.514, ïżœïżœ=7.00ïżœïżœ | ïżœïżœïżœïżœ:  39.3% | ETA: 16.2s
[1625/4125] v=0.10, ïżœïżœ=-0.514, ïżœïżœ=12.00ïżœïżœ | ïżœïżœïżœïżœ:  39.4% | ETA: 16.2s
[1630/4125] v=0.10, ïżœïżœ=-0.343, ïżœïżœ=-8.00ïżœïżœ | ïżœïżœïżœïżœ:  39.5% | ETA: 16.2s
[1635/4125] v=0.10, ïżœïżœ=-0.343, ïżœïżœ=-3.00ïżœïżœ | ïżœïżœïżœïżœ:  39.6% | ETA: 16.2s
[1640/4125] v=0.10, ïżœïżœ=-0.343, ïżœïżœ=2.00ïżœïżœ | ïżœïżœïżœïżœ:  39.8% | ETA: 16.2s
[1645/4125] v=0.10, ïżœïżœ=-0.343, ïżœïżœ=7.00ïżœïżœ | ïżœïżœïżœïżœ:  39.9% | ETA: 16.2s
[1650/4125] v=0.10, ïżœïżœ=-0.343, ïżœïżœ=12.00ïżœïżœ | ïżœïżœïżœïżœ:  40.0% | ETA: 16.1s
[1655/4125] v=0.10, ïżœïżœ=-0.171, ïżœïżœ=-8.00ïżœïżœ | ïżœïżœïżœïżœ:  40.1% | ETA: 16.1s
[1660/4125] v=0.10, ïżœïżœ=-0.171, ïżœïżœ=-3.00ïżœïżœ | ïżœïżœïżœïżœ:  40.2% | ETA: 16.1s
[1665/4125] v=0.10, ïżœïżœ=-0.171, ïżœïżœ=2.00ïżœïżœ | ïżœïżœïżœïżœ:  40.4% | ETA: 16.1s
[1670/4125] v=0.10, ïżœïżœ=-0.171, ïżœïżœ=7.00ïżœïżœ | ïżœïżœïżœïżœ:  40.5% | ETA: 16.1s
[1675/4125] v=0.10, ïżœïżœ=-0.171, ïżœïżœ=12.00ïżœïżœ | ïżœïżœïżœïżœ:  40.6% | ETA: 16.1s
[1680/4125] v=0.10, ïżœïżœ=0.000, ïżœïżœ=-8.00ïżœïżœ | ïżœïżœïżœïżœ:  40.7% | ETA: 16.0s
[1685/4125] v=0.10, ïżœïżœ=0.000, ïżœïżœ=-3.00ïżœïżœ | ïżœïżœïżœïżœ:  40.8% | ETA: 16.0s
[1690/4125] v=0.10, ïżœïżœ=0.000, ïżœïżœ=2.00ïżœïżœ | ïżœïżœïżœïżœ:  41.0% | ETA: 15.9s
[1695/4125] v=0.10, ïżœïżœ=0.000, ïżœïżœ=7.00ïżœïżœ | ïżœïżœïżœïżœ:  41.1% | ETA: 15.9s
[1700/4125] v=0.10, ïżœïżœ=0.000, ïżœïżœ=12.00ïżœïżœ | ïżœïżœïżœïżœ:  41.2% | ETA: 15.9s
[1705/4125] v=0.10, ïżœïżœ=0.171, ïżœïżœ=-8.00ïżœïżœ | ïżœïżœïżœïżœ:  41.3% | ETA: 15.9s
[1710/4125] v=0.10, ïżœïżœ=0.171, ïżœïżœ=-3.00ïżœïżœ | ïżœïżœïżœïżœ:  41.5% | ETA: 15.9s
[1715/4125] v=0.10, ïżœïżœ=0.171, ïżœïżœ=2.00ïżœïżœ | ïżœïżœïżœïżœ:  41.6% | ETA: 15.9s
[1720/4125] v=0.10, ïżœïżœ=0.171, ïżœïżœ=7.00ïżœïżœ | ïżœïżœïżœïżœ:  41.7% | ETA: 15.9s
[1725/4125] v=0.10, ïżœïżœ=0.171, ïżœïżœ=12.00ïżœïżœ | ïżœïżœïżœïżœ:  41.8% | ETA: 15.9s
[1730/4125] v=0.10, ïżœïżœ=0.343, ïżœïżœ=-8.00ïżœïżœ | ïżœïżœïżœïżœ:  41.9% | ETA: 15.9s
[1735/4125] v=0.10, ïżœïżœ=0.343, ïżœïżœ=-3.00ïżœïżœ | ïżœïżœïżœïżœ:  42.1% | ETA: 15.9s
[1740/4125] v=0.10, ïżœïżœ=0.343, ïżœïżœ=2.00ïżœïżœ | ïżœïżœïżœïżœ:  42.2% | ETA: 15.9s
[1745/4125] v=0.10, ïżœïżœ=0.343, ïżœïżœ=7.00ïżœïżœ | ïżœïżœïżœïżœ:  42.3% | ETA: 15.9s
[1750/4125] v=0.10, ïżœïżœ=0.343, ïżœïżœ=12.00ïżœïżœ | ïżœïżœïżœïżœ:  42.4% | ETA: 15.9s
[1755/4125] v=0.10, ïżœïżœ=0.514, ïżœïżœ=-8.00ïżœïżœ | ïżœïżœïżœïżœ:  42.5% | ETA: 15.8s
[1760/4125] v=0.10, ïżœïżœ=0.514, ïżœïżœ=-3.00ïżœïżœ | ïżœïżœïżœïżœ:  42.7% | ETA: 15.8s
[1765/4125] v=0.10, ïżœïżœ=0.514, ïżœïżœ=2.00ïżœïżœ | ïżœïżœïżœïżœ:  42.8% | ETA: 15.8s
[1770/4125] v=0.10, ïżœïżœ=0.514, ïżœïżœ=7.00ïżœïżœ | ïżœïżœïżœïżœ:  42.9% | ETA: 15.8s
[1775/4125] v=0.10, ïżœïżœ=0.514, ïżœïżœ=12.00ïżœïżœ | ïżœïżœïżœïżœ:  43.0% | ETA: 15.8s
[1780/4125] v=0.10, ïżœïżœ=0.686, ïżœïżœ=-8.00ïżœïżœ | ïżœïżœïżœïżœ:  43.2% | ETA: 15.7s
[1785/4125] v=0.10, ïżœïżœ=0.686, ïżœïżœ=-3.00ïżœïżœ | ïżœïżœïżœïżœ:  43.3% | ETA: 15.7s
[1790/4125] v=0.10, ïżœïżœ=0.686, ïżœïżœ=2.00ïżœïżœ | ïżœïżœïżœïżœ:  43.4% | ETA: 15.7s
[1795/4125] v=0.10, ïżœïżœ=0.686, ïżœïżœ=7.00ïżœïżœ | ïżœïżœïżœïżœ:  43.5% | ETA: 15.7s
[1800/4125] v=0.10, ïżœïżœ=0.686, ïżœïżœ=12.00ïżœïżœ | ïżœïżœïżœïżœ:  43.6% | ETA: 15.7s
[1805/4125] v=0.10, ïżœïżœ=0.857, ïżœïżœ=-8.00ïżœïżœ | ïżœïżœïżœïżœ:  43.8% | ETA: 15.7s
[1810/4125] v=0.10, ïżœïżœ=0.857, ïżœïżœ=-3.00ïżœïżœ | ïżœïżœïżœïżœ:  43.9% | ETA: 15.7s
[1815/4125] v=0.10, ïżœïżœ=0.857, ïżœïżœ=2.00ïżœïżœ | ïżœïżœïżœïżœ:  44.0% | ETA: 15.7s
[1820/4125] v=0.10, ïżœïżœ=0.857, ïżœïżœ=7.00ïżœïżœ | ïżœïżœïżœïżœ:  44.1% | ETA: 15.6s
[1825/4125] v=0.10, ïżœïżœ=0.857, ïżœïżœ=12.00ïżœïżœ | ïżœïżœïżœïżœ:  44.2% | ETA: 15.6s
[1830/4125] v=0.10, ïżœïżœ=1.029, ïżœïżœ=-8.00ïżœïżœ | ïżœïżœïżœïżœ:  44.4% | ETA: 15.6s
[1835/4125] v=0.10, ïżœïżœ=1.029, ïżœïżœ=-3.00ïżœïżœ | ïżœïżœïżœïżœ:  44.5% | ETA: 15.6s
[1840/4125] v=0.10, ïżœïżœ=1.029, ïżœïżœ=2.00ïżœïżœ | ïżœïżœïżœïżœ:  44.6% | ETA: 15.6s
[1845/4125] v=0.10, ïżœïżœ=1.029, ïżœïżœ=7.00ïżœïżœ | ïżœïżœïżœïżœ:  44.7% | ETA: 15.5s
[1850/4125] v=0.10, ïżœïżœ=1.029, ïżœïżœ=12.00ïżœïżœ | ïżœïżœïżœïżœ:  44.8% | ETA: 15.5s
[1855/4125] v=0.10, ïżœïżœ=1.200, ïżœïżœ=-8.00ïżœïżœ | ïżœïżœïżœïżœ:  45.0% | ETA: 15.5s
[1860/4125] v=0.10, ïżœïżœ=1.200, ïżœïżœ=-3.00ïżœïżœ | ïżœïżœïżœïżœ:  45.1% | ETA: 15.5s
[1865/4125] v=0.10, ïżœïżœ=1.200, ïżœïżœ=2.00ïżœïżœ | ïżœïżœïżœïżœ:  45.2% | ETA: 15.4s
[1870/4125] v=0.10, ïżœïżœ=1.200, ïżœïżœ=7.00ïżœïżœ | ïżœïżœïżœïżœ:  45.3% | ETA: 15.4s
[1875/4125] v=0.10, ïżœïżœ=1.200, ïżœïżœ=12.00ïżœïżœ | ïżœïżœïżœïżœ:  45.5% | ETA: 15.4s
[1880/4125] v=0.14, ïżœïżœ=-1.200, ïżœïżœ=-8.00ïżœïżœ | ïżœïżœïżœïżœ:  45.6% | ETA: 15.4s
[1885/4125] v=0.14, ïżœïżœ=-1.200, ïżœïżœ=-3.00ïżœïżœ | ïżœïżœïżœïżœ:  45.7% | ETA: 15.4s
[1890/4125] v=0.14, ïżœïżœ=-1.200, ïżœïżœ=2.00ïżœïżœ | ïżœïżœïżœïżœ:  45.8% | ETA: 15.3s
[1895/4125] v=0.14, ïżœïżœ=-1.200, ïżœïżœ=7.00ïżœïżœ | ïżœïżœïżœïżœ:  45.9% | ETA: 15.3s
[1900/4125] v=0.14, ïżœïżœ=-1.200, ïżœïżœ=12.00ïżœïżœ | ïżœïżœïżœïżœ:  46.1% | ETA: 15.3s
[1905/4125] v=0.14, ïżœïżœ=-1.029, ïżœïżœ=-8.00ïżœïżœ | ïżœïżœïżœïżœ:  46.2% | ETA: 15.3s
[1910/4125] v=0.14, ïżœïżœ=-1.029, ïżœïżœ=-3.00ïżœïżœ | ïżœïżœïżœïżœ:  46.3% | ETA: 15.2s
[1915/4125] v=0.14, ïżœïżœ=-1.029, ïżœïżœ=2.00ïżœïżœ | ïżœïżœïżœïżœ:  46.4% | ETA: 15.2s
[1920/4125] v=0.14, ïżœïżœ=-1.029, ïżœïżœ=7.00ïżœïżœ | ïżœïżœïżœïżœ:  46.5% | ETA: 15.2s
[1925/4125] v=0.14, ïżœïżœ=-1.029, ïżœïżœ=12.00ïżœïżœ | ïżœïżœïżœïżœ:  46.7% | ETA: 15.1s
[1930/4125] v=0.14, ïżœïżœ=-0.857, ïżœïżœ=-8.00ïżœïżœ | ïżœïżœïżœïżœ:  46.8% | ETA: 15.1s
[1935/4125] v=0.14, ïżœïżœ=-0.857, ïżœïżœ=-3.00ïżœïżœ | ïżœïżœïżœïżœ:  46.9% | ETA: 15.1s
[1940/4125] v=0.14, ïżœïżœ=-0.857, ïżœïżœ=2.00ïżœïżœ | ïżœïżœïżœïżœ:  47.0% | ETA: 15.1s
[1945/4125] v=0.14, ïżœïżœ=-0.857, ïżœïżœ=7.00ïżœïżœ | ïżœïżœïżœïżœ:  47.2% | ETA: 15.1s
[1950/4125] v=0.14, ïżœïżœ=-0.857, ïżœïżœ=12.00ïżœïżœ | ïżœïżœïżœïżœ:  47.3% | ETA: 15.0s
[1955/4125] v=0.14, ïżœïżœ=-0.686, ïżœïżœ=-8.00ïżœïżœ | ïżœïżœïżœïżœ:  47.4% | ETA: 15.0s
[1960/4125] v=0.14, ïżœïżœ=-0.686, ïżœïżœ=-3.00ïżœïżœ | ïżœïżœïżœïżœ:  47.5% | ETA: 15.0s
[1965/4125] v=0.14, ïżœïżœ=-0.686, ïżœïżœ=2.00ïżœïżœ | ïżœïżœïżœïżœ:  47.6% | ETA: 15.0s
[1970/4125] v=0.14, ïżœïżœ=-0.686, ïżœïżœ=7.00ïżœïżœ | ïżœïżœïżœïżœ:  47.8% | ETA: 14.9s
[1975/4125] v=0.14, ïżœïżœ=-0.686, ïżœïżœ=12.00ïżœïżœ | ïżœïżœïżœïżœ:  47.9% | ETA: 14.9s
[1980/4125] v=0.14, ïżœïżœ=-0.514, ïżœïżœ=-8.00ïżœïżœ | ïżœïżœïżœïżœ:  48.0% | ETA: 14.9s
[1985/4125] v=0.14, ïżœïżœ=-0.514, ïżœïżœ=-3.00ïżœïżœ | ïżœïżœïżœïżœ:  48.1% | ETA: 14.9s
[1990/4125] v=0.14, ïżœïżœ=-0.514, ïżœïżœ=2.00ïżœïżœ | ïżœïżœïżœïżœ:  48.2% | ETA: 14.9s
[1995/4125] v=0.14, ïżœïżœ=-0.514, ïżœïżœ=7.00ïżœïżœ | ïżœïżœïżœïżœ:  48.4% | ETA: 14.8s
[2000/4125] v=0.14, ïżœïżœ=-0.514, ïżœïżœ=12.00ïżœïżœ | ïżœïżœïżœïżœ:  48.5% | ETA: 14.8s
[2005/4125] v=0.14, ïżœïżœ=-0.343, ïżœïżœ=-8.00ïżœïżœ | ïżœïżœïżœïżœ:  48.6% | ETA: 14.8s
[2010/4125] v=0.14, ïżœïżœ=-0.343, ïżœïżœ=-3.00ïżœïżœ | ïżœïżœïżœïżœ:  48.7% | ETA: 14.8s
[2015/4125] v=0.14, ïżœïżœ=-0.343, ïżœïżœ=2.00ïżœïżœ | ïżœïżœïżœïżœ:  48.8% | ETA: 14.8s
[2020/4125] v=0.14, ïżœïżœ=-0.343, ïżœïżœ=7.00ïżœïżœ | ïżœïżœïżœïżœ:  49.0% | ETA: 14.7s
[2025/4125] v=0.14, ïżœïżœ=-0.343, ïżœïżœ=12.00ïżœïżœ | ïżœïżœïżœïżœ:  49.1% | ETA: 14.7s
[2030/4125] v=0.14, ïżœïżœ=-0.171, ïżœïżœ=-8.00ïżœïżœ | ïżœïżœïżœïżœ:  49.2% | ETA: 14.7s
[2035/4125] v=0.14, ïżœïżœ=-0.171, ïżœïżœ=-3.00ïżœïżœ | ïżœïżœïżœïżœ:  49.3% | ETA: 14.7s
[2040/4125] v=0.14, ïżœïżœ=-0.171, ïżœïżœ=2.00ïżœïżœ | ïżœïżœïżœïżœ:  49.5% | ETA: 14.7s
[2045/4125] v=0.14, ïżœïżœ=-0.171, ïżœïżœ=7.00ïżœïżœ | ïżœïżœïżœïżœ:  49.6% | ETA: 14.7s
[2050/4125] v=0.14, ïżœïżœ=-0.171, ïżœïżœ=12.00ïżœïżœ | ïżœïżœïżœïżœ:  49.7% | ETA: 14.6s
[2055/4125] v=0.14, ïżœïżœ=0.000, ïżœïżœ=-8.00ïżœïżœ | ïżœïżœïżœïżœ:  49.8% | ETA: 14.6s
[2060/4125] v=0.14, ïżœïżœ=0.000, ïżœïżœ=-3.00ïżœïżœ | ïżœïżœïżœïżœ:  49.9% | ETA: 14.5s
[2065/4125] v=0.14, ïżœïżœ=0.000, ïżœïżœ=2.00ïżœïżœ | ïżœïżœïżœïżœ:  50.1% | ETA: 14.5s
[2070/4125] v=0.14, ïżœïżœ=0.000, ïżœïżœ=7.00ïżœïżœ | ïżœïżœïżœïżœ:  50.2% | ETA: 14.5s
[2075/4125] v=0.14, ïżœïżœ=0.000, ïżœïżœ=12.00ïżœïżœ | ïżœïżœïżœïżœ:  50.3% | ETA: 14.4s
[2080/4125] v=0.14, ïżœïżœ=0.171, ïżœïżœ=-8.00ïżœïżœ | ïżœïżœïżœïżœ:  50.4% | ETA: 14.4s
[2085/4125] v=0.14, ïżœïżœ=0.171, ïżœïżœ=-3.00ïżœïżœ | ïżœïżœïżœïżœ:  50.5% | ETA: 14.4s
[2090/4125] v=0.14, ïżœïżœ=0.171, ïżœïżœ=2.00ïżœïżœ | ïżœïżœïżœïżœ:  50.7% | ETA: 14.4s
[2095/4125] v=0.14, ïżœïżœ=0.171, ïżœïżœ=7.00ïżœïżœ | ïżœïżœïżœïżœ:  50.8% | ETA: 14.3s
[2100/4125] v=0.14, ïżœïżœ=0.171, ïżœïżœ=12.00ïżœïżœ | ïżœïżœïżœïżœ:  50.9% | ETA: 14.3s
[2105/4125] v=0.14, ïżœïżœ=0.343, ïżœïżœ=-8.00ïżœïżœ | ïżœïżœïżœïżœ:  51.0% | ETA: 14.3s
[2110/4125] v=0.14, ïżœïżœ=0.343, ïżœïżœ=-3.00ïżœïżœ | ïżœïżœïżœïżœ:  51.2% | ETA: 14.2s
[2115/4125] v=0.14, ïżœïżœ=0.343, ïżœïżœ=2.00ïżœïżœ | ïżœïżœïżœïżœ:  51.3% | ETA: 14.2s
[2120/4125] v=0.14, ïżœïżœ=0.343, ïżœïżœ=7.00ïżœïżœ | ïżœïżœïżœïżœ:  51.4% | ETA: 14.2s
[2125/4125] v=0.14, ïżœïżœ=0.343, ïżœïżœ=12.00ïżœïżœ | ïżœïżœïżœïżœ:  51.5% | ETA: 14.2s
[2130/4125] v=0.14, ïżœïżœ=0.514, ïżœïżœ=-8.00ïżœïżœ | ïżœïżœïżœïżœ:  51.6% | ETA: 14.1s
[2135/4125] v=0.14, ïżœïżœ=0.514, ïżœïżœ=-3.00ïżœïżœ | ïżœïżœïżœïżœ:  51.8% | ETA: 14.1s
[2140/4125] v=0.14, ïżœïżœ=0.514, ïżœïżœ=2.00ïżœïżœ | ïżœïżœïżœïżœ:  51.9% | ETA: 14.1s
[2145/4125] v=0.14, ïżœïżœ=0.514, ïżœïżœ=7.00ïżœïżœ | ïżœïżœïżœïżœ:  52.0% | ETA: 14.1s
[2150/4125] v=0.14, ïżœïżœ=0.514, ïżœïżœ=12.00ïżœïżœ | ïżœïżœïżœïżœ:  52.1% | ETA: 14.0s
[2155/4125] v=0.14, ïżœïżœ=0.686, ïżœïżœ=-8.00ïżœïżœ | ïżœïżœïżœïżœ:  52.2% | ETA: 14.0s
[2160/4125] v=0.14, ïżœïżœ=0.686, ïżœïżœ=-3.00ïżœïżœ | ïżœïżœïżœïżœ:  52.4% | ETA: 14.0s
[2165/4125] v=0.14, ïżœïżœ=0.686, ïżœïżœ=2.00ïżœïżœ | ïżœïżœïżœïżœ:  52.5% | ETA: 14.0s
[2170/4125] v=0.14, ïżœïżœ=0.686, ïżœïżœ=7.00ïżœïżœ | ïżœïżœïżœïżœ:  52.6% | ETA: 14.0s
[2175/4125] v=0.14, ïżœïżœ=0.686, ïżœïżœ=12.00ïżœïżœ | ïżœïżœïżœïżœ:  52.7% | ETA: 13.9s
[2180/4125] v=0.14, ïżœïżœ=0.857, ïżœïżœ=-8.00ïżœïżœ | ïżœïżœïżœïżœ:  52.8% | ETA: 13.9s
[2185/4125] v=0.14, ïżœïżœ=0.857, ïżœïżœ=-3.00ïżœïżœ | ïżœïżœïżœïżœ:  53.0% | ETA: 13.9s
[2190/4125] v=0.14, ïżœïżœ=0.857, ïżœïżœ=2.00ïżœïżœ | ïżœïżœïżœïżœ:  53.1% | ETA: 13.9s
[2195/4125] v=0.14, ïżœïżœ=0.857, ïżœïżœ=7.00ïżœïżœ | ïżœïżœïżœïżœ:  53.2% | ETA: 13.8s
[2200/4125] v=0.14, ïżœïżœ=0.857, ïżœïżœ=12.00ïżœïżœ | ïżœïżœïżœïżœ:  53.3% | ETA: 13.8s
[2205/4125] v=0.14, ïżœïżœ=1.029, ïżœïżœ=-8.00ïżœïżœ | ïżœïżœïżœïżœ:  53.5% | ETA: 13.8s
[2210/4125] v=0.14, ïżœïżœ=1.029, ïżœïżœ=-3.00ïżœïżœ | ïżœïżœïżœïżœ:  53.6% | ETA: 13.8s
[2215/4125] v=0.14, ïżœïżœ=1.029, ïżœïżœ=2.00ïżœïżœ | ïżœïżœïżœïżœ:  53.7% | ETA: 13.8s
[2220/4125] v=0.14, ïżœïżœ=1.029, ïżœïżœ=7.00ïżœïżœ | ïżœïżœïżœïżœ:  53.8% | ETA: 13.7s
[2225/4125] v=0.14, ïżœïżœ=1.029, ïżœïżœ=12.00ïżœïżœ | ïżœïżœïżœïżœ:  53.9% | ETA: 13.7s
[2230/4125] v=0.14, ïżœïżœ=1.200, ïżœïżœ=-8.00ïżœïżœ | ïżœïżœïżœïżœ:  54.1% | ETA: 13.7s
[2235/4125] v=0.14, ïżœïżœ=1.200, ïżœïżœ=-3.00ïżœïżœ | ïżœïżœïżœïżœ:  54.2% | ETA: 13.7s
[2240/4125] v=0.14, ïżœïżœ=1.200, ïżœïżœ=2.00ïżœïżœ | ïżœïżœïżœïżœ:  54.3% | ETA: 13.6s
[2245/4125] v=0.14, ïżœïżœ=1.200, ïżœïżœ=7.00ïżœïżœ | ïżœïżœïżœïżœ:  54.4% | ETA: 13.6s
[2250/4125] v=0.14, ïżœïżœ=1.200, ïżœïżœ=12.00ïżœïżœ | ïżœïżœïżœïżœ:  54.5% | ETA: 13.6s
[2255/4125] v=0.20, ïżœïżœ=-1.200, ïżœïżœ=-8.00ïżœïżœ | ïżœïżœïżœïżœ:  54.7% | ETA: 13.5s
[2260/4125] v=0.20, ïżœïżœ=-1.200, ïżœïżœ=-3.00ïżœïżœ | ïżœïżœïżœïżœ:  54.8% | ETA: 13.5s
[2265/4125] v=0.20, ïżœïżœ=-1.200, ïżœïżœ=2.00ïżœïżœ | ïżœïżœïżœïżœ:  54.9% | ETA: 13.5s
[2270/4125] v=0.20, ïżœïżœ=-1.200, ïżœïżœ=7.00ïżœïżœ | ïżœïżœïżœïżœ:  55.0% | ETA: 13.4s
[2275/4125] v=0.20, ïżœïżœ=-1.200, ïżœïżœ=12.00ïżœïżœ | ïżœïżœïżœïżœ:  55.2% | ETA: 13.4s
[2280/4125] v=0.20, ïżœïżœ=-1.029, ïżœïżœ=-8.00ïżœïżœ | ïżœïżœïżœïżœ:  55.3% | ETA: 13.4s
[2285/4125] v=0.20, ïżœïżœ=-1.029, ïżœïżœ=-3.00ïżœïżœ | ïżœïżœïżœïżœ:  55.4% | ETA: 13.3s
[2290/4125] v=0.20, ïżœïżœ=-1.029, ïżœïżœ=2.00ïżœïżœ | ïżœïżœïżœïżœ:  55.5% | ETA: 13.3s
[2295/4125] v=0.20, ïżœïżœ=-1.029, ïżœïżœ=7.00ïżœïżœ | ïżœïżœïżœïżœ:  55.6% | ETA: 13.3s
[2300/4125] v=0.20, ïżœïżœ=-1.029, ïżœïżœ=12.00ïżœïżœ | ïżœïżœïżœïżœ:  55.8% | ETA: 13.3s
[2305/4125] v=0.20, ïżœïżœ=-0.857, ïżœïżœ=-8.00ïżœïżœ | ïżœïżœïżœïżœ:  55.9% | ETA: 13.2s
[2310/4125] v=0.20, ïżœïżœ=-0.857, ïżœïżœ=-3.00ïżœïżœ | ïżœïżœïżœïżœ:  56.0% | ETA: 13.2s
[2315/4125] v=0.20, ïżœïżœ=-0.857, ïżœïżœ=2.00ïżœïżœ | ïżœïżœïżœïżœ:  56.1% | ETA: 13.2s
[2320/4125] v=0.20, ïżœïżœ=-0.857, ïżœïżœ=7.00ïżœïżœ | ïżœïżœïżœïżœ:  56.2% | ETA: 13.1s
[2325/4125] v=0.20, ïżœïżœ=-0.857, ïżœïżœ=12.00ïżœïżœ | ïżœïżœïżœïżœ:  56.4% | ETA: 13.1s
[2330/4125] v=0.20, ïżœïżœ=-0.686, ïżœïżœ=-8.00ïżœïżœ | ïżœïżœïżœïżœ:  56.5% | ETA: 13.1s
[2335/4125] v=0.20, ïżœïżœ=-0.686, ïżœïżœ=-3.00ïżœïżœ | ïżœïżœïżœïżœ:  56.6% | ETA: 13.1s
[2340/4125] v=0.20, ïżœïżœ=-0.686, ïżœïżœ=2.00ïżœïżœ | ïżœïżœïżœïżœ:  56.7% | ETA: 13.0s
[2345/4125] v=0.20, ïżœïżœ=-0.686, ïżœïżœ=7.00ïżœïżœ | ïżœïżœïżœïżœ:  56.8% | ETA: 13.0s
[2350/4125] v=0.20, ïżœïżœ=-0.686, ïżœïżœ=12.00ïżœïżœ | ïżœïżœïżœïżœ:  57.0% | ETA: 13.0s
[2355/4125] v=0.20, ïżœïżœ=-0.514, ïżœïżœ=-8.00ïżœïżœ | ïżœïżœïżœïżœ:  57.1% | ETA: 13.0s
[2360/4125] v=0.20, ïżœïżœ=-0.514, ïżœïżœ=-3.00ïżœïżœ | ïżœïżœïżœïżœ:  57.2% | ETA: 12.9s
[2365/4125] v=0.20, ïżœïżœ=-0.514, ïżœïżœ=2.00ïżœïżœ | ïżœïżœïżœïżœ:  57.3% | ETA: 12.9s
[2370/4125] v=0.20, ïżœïżœ=-0.514, ïżœïżœ=7.00ïżœïżœ | ïżœïżœïżœïżœ:  57.5% | ETA: 12.9s
[2375/4125] v=0.20, ïżœïżœ=-0.514, ïżœïżœ=12.00ïżœïżœ | ïżœïżœïżœïżœ:  57.6% | ETA: 12.9s
[2380/4125] v=0.20, ïżœïżœ=-0.343, ïżœïżœ=-8.00ïżœïżœ | ïżœïżœïżœïżœ:  57.7% | ETA: 12.8s
[2385/4125] v=0.20, ïżœïżœ=-0.343, ïżœïżœ=-3.00ïżœïżœ | ïżœïżœïżœïżœ:  57.8% | ETA: 12.8s
[2390/4125] v=0.20, ïżœïżœ=-0.343, ïżœïżœ=2.00ïżœïżœ | ïżœïżœïżœïżœ:  57.9% | ETA: 12.8s
[2395/4125] v=0.20, ïżœïżœ=-0.343, ïżœïżœ=7.00ïżœïżœ | ïżœïżœïżœïżœ:  58.1% | ETA: 12.8s
[2400/4125] v=0.20, ïżœïżœ=-0.343, ïżœïżœ=12.00ïżœïżœ | ïżœïżœïżœïżœ:  58.2% | ETA: 12.7s
[2405/4125] v=0.20, ïżœïżœ=-0.171, ïżœïżœ=-8.00ïżœïżœ | ïżœïżœïżœïżœ:  58.3% | ETA: 12.7s
[2410/4125] v=0.20, ïżœïżœ=-0.171, ïżœïżœ=-3.00ïżœïżœ | ïżœïżœïżœïżœ:  58.4% | ETA: 12.7s
[2415/4125] v=0.20, ïżœïżœ=-0.171, ïżœïżœ=2.00ïżœïżœ | ïżœïżœïżœïżœ:  58.5% | ETA: 12.7s
[2420/4125] v=0.20, ïżœïżœ=-0.171, ïżœïżœ=7.00ïżœïżœ | ïżœïżœïżœïżœ:  58.7% | ETA: 12.6s
[2425/4125] v=0.20, ïżœïżœ=-0.171, ïżœïżœ=12.00ïżœïżœ | ïżœïżœïżœïżœ:  58.8% | ETA: 12.6s
[2430/4125] v=0.20, ïżœïżœ=0.000, ïżœïżœ=-8.00ïżœïżœ | ïżœïżœïżœïżœ:  58.9% | ETA: 12.6s
[2435/4125] v=0.20, ïżœïżœ=0.000, ïżœïżœ=-3.00ïżœïżœ | ïżœïżœïżœïżœ:  59.0% | ETA: 12.5s
[2440/4125] v=0.20, ïżœïżœ=0.000, ïżœïżœ=2.00ïżœïżœ | ïżœïżœïżœïżœ:  59.2% | ETA: 12.5s
[2445/4125] v=0.20, ïżœïżœ=0.000, ïżœïżœ=7.00ïżœïżœ | ïżœïżœïżœïżœ:  59.3% | ETA: 12.4s
[2450/4125] v=0.20, ïżœïżœ=0.000, ïżœïżœ=12.00ïżœïżœ | ïżœïżœïżœïżœ:  59.4% | ETA: 12.4s
[2455/4125] v=0.20, ïżœïżœ=0.171, ïżœïżœ=-8.00ïżœïżœ | ïżœïżœïżœïżœ:  59.5% | ETA: 12.3s
[2460/4125] v=0.20, ïżœïżœ=0.171, ïżœïżœ=-3.00ïżœïżœ | ïżœïżœïżœïżœ:  59.6% | ETA: 12.3s
[2465/4125] v=0.20, ïżœïżœ=0.171, ïżœïżœ=2.00ïżœïżœ | ïżœïżœïżœïżœ:  59.8% | ETA: 12.3s
[2470/4125] v=0.20, ïżœïżœ=0.171, ïżœïżœ=7.00ïżœïżœ | ïżœïżœïżœïżœ:  59.9% | ETA: 12.3s
[2475/4125] v=0.20, ïżœïżœ=0.171, ïżœïżœ=12.00ïżœïżœ | ïżœïżœïżœïżœ:  60.0% | ETA: 12.2s
[2480/4125] v=0.20, ïżœïżœ=0.343, ïżœïżœ=-8.00ïżœïżœ | ïżœïżœïżœïżœ:  60.1% | ETA: 12.2s
[2485/4125] v=0.20, ïżœïżœ=0.343, ïżœïżœ=-3.00ïżœïżœ | ïżœïżœïżœïżœ:  60.2% | ETA: 12.2s
[2490/4125] v=0.20, ïżœïżœ=0.343, ïżœïżœ=2.00ïżœïżœ | ïżœïżœïżœïżœ:  60.4% | ETA: 12.1s
[2495/4125] v=0.20, ïżœïżœ=0.343, ïżœïżœ=7.00ïżœïżœ | ïżœïżœïżœïżœ:  60.5% | ETA: 12.1s
[2500/4125] v=0.20, ïżœïżœ=0.343, ïżœïżœ=12.00ïżœïżœ | ïżœïżœïżœïżœ:  60.6% | ETA: 12.1s
[2505/4125] v=0.20, ïżœïżœ=0.514, ïżœïżœ=-8.00ïżœïżœ | ïżœïżœïżœïżœ:  60.7% | ETA: 12.1s
[2510/4125] v=0.20, ïżœïżœ=0.514, ïżœïżœ=-3.00ïżœïżœ | ïżœïżœïżœïżœ:  60.8% | ETA: 12.0s
[2515/4125] v=0.20, ïżœïżœ=0.514, ïżœïżœ=2.00ïżœïżœ | ïżœïżœïżœïżœ:  61.0% | ETA: 12.0s
[2520/4125] v=0.20, ïżœïżœ=0.514, ïżœïżœ=7.00ïżœïżœ | ïżœïżœïżœïżœ:  61.1% | ETA: 12.0s
[2525/4125] v=0.20, ïżœïżœ=0.514, ïżœïżœ=12.00ïżœïżœ | ïżœïżœïżœïżœ:  61.2% | ETA: 11.9s
[2530/4125] v=0.20, ïżœïżœ=0.686, ïżœïżœ=-8.00ïżœïżœ | ïżœïżœïżœïżœ:  61.3% | ETA: 11.9s
[2535/4125] v=0.20, ïżœïżœ=0.686, ïżœïżœ=-3.00ïżœïżœ | ïżœïżœïżœïżœ:  61.5% | ETA: 11.9s
[2540/4125] v=0.20, ïżœïżœ=0.686, ïżœïżœ=2.00ïżœïżœ | ïżœïżœïżœïżœ:  61.6% | ETA: 11.8s
[2545/4125] v=0.20, ïżœïżœ=0.686, ïżœïżœ=7.00ïżœïżœ | ïżœïżœïżœïżœ:  61.7% | ETA: 11.8s
[2550/4125] v=0.20, ïżœïżœ=0.686, ïżœïżœ=12.00ïżœïżœ | ïżœïżœïżœïżœ:  61.8% | ETA: 11.8s
[2555/4125] v=0.20, ïżœïżœ=0.857, ïżœïżœ=-8.00ïżœïżœ | ïżœïżœïżœïżœ:  61.9% | ETA: 11.8s
[2560/4125] v=0.20, ïżœïżœ=0.857, ïżœïżœ=-3.00ïżœïżœ | ïżœïżœïżœïżœ:  62.1% | ETA: 11.7s
[2565/4125] v=0.20, ïżœïżœ=0.857, ïżœïżœ=2.00ïżœïżœ | ïżœïżœïżœïżœ:  62.2% | ETA: 11.7s
[2570/4125] v=0.20, ïżœïżœ=0.857, ïżœïżœ=7.00ïżœïżœ | ïżœïżœïżœïżœ:  62.3% | ETA: 11.7s
[2575/4125] v=0.20, ïżœïżœ=0.857, ïżœïżœ=12.00ïżœïżœ | ïżœïżœïżœïżœ:  62.4% | ETA: 11.6s
[2580/4125] v=0.20, ïżœïżœ=1.029, ïżœïżœ=-8.00ïżœïżœ | ïżœïżœïżœïżœ:  62.5% | ETA: 11.6s
[2585/4125] v=0.20, ïżœïżœ=1.029, ïżœïżœ=-3.00ïżœïżœ | ïżœïżœïżœïżœ:  62.7% | ETA: 11.6s
[2590/4125] v=0.20, ïżœïżœ=1.029, ïżœïżœ=2.00ïżœïżœ | ïżœïżœïżœïżœ:  62.8% | ETA: 11.6s
[2595/4125] v=0.20, ïżœïżœ=1.029, ïżœïżœ=7.00ïżœïżœ | ïżœïżœïżœïżœ:  62.9% | ETA: 11.5s
[2600/4125] v=0.20, ïżœïżœ=1.029, ïżœïżœ=12.00ïżœïżœ | ïżœïżœïżœïżœ:  63.0% | ETA: 11.5s
[2605/4125] v=0.20, ïżœïżœ=1.200, ïżœïżœ=-8.00ïżœïżœ | ïżœïżœïżœïżœ:  63.2% | ETA: 11.5s
[2610/4125] v=0.20, ïżœïżœ=1.200, ïżœïżœ=-3.00ïżœïżœ | ïżœïżœïżœïżœ:  63.3% | ETA: 11.4s
[2615/4125] v=0.20, ïżœïżœ=1.200, ïżœïżœ=2.00ïżœïżœ | ïżœïżœïżœïżœ:  63.4% | ETA: 11.4s
[2620/4125] v=0.20, ïżœïżœ=1.200, ïżœïżœ=7.00ïżœïżœ | ïżœïżœïżœïżœ:  63.5% | ETA: 11.3s
[2625/4125] v=0.20, ïżœïżœ=1.200, ïżœïżœ=12.00ïżœïżœ | ïżœïżœïżœïżœ:  63.6% | ETA: 11.3s
[2630/4125] v=0.35, ïżœïżœ=-1.200, ïżœïżœ=-8.00ïżœïżœ | ïżœïżœïżœïżœ:  63.8% | ETA: 11.3s
[2635/4125] v=0.35, ïżœïżœ=-1.200, ïżœïżœ=-3.00ïżœïżœ | ïżœïżœïżœïżœ:  63.9% | ETA: 11.3s
[2640/4125] v=0.35, ïżœïżœ=-1.200, ïżœïżœ=2.00ïżœïżœ | ïżœïżœïżœïżœ:  64.0% | ETA: 11.2s
[2645/4125] v=0.35, ïżœïżœ=-1.200, ïżœïżœ=7.00ïżœïżœ | ïżœïżœïżœïżœ:  64.1% | ETA: 11.2s
[2650/4125] v=0.35, ïżœïżœ=-1.200, ïżœïżœ=12.00ïżœïżœ | ïżœïżœïżœïżœ:  64.2% | ETA: 11.2s
[2655/4125] v=0.35, ïżœïżœ=-1.029, ïżœïżœ=-8.00ïżœïżœ | ïżœïżœïżœïżœ:  64.4% | ETA: 11.1s
[2660/4125] v=0.35, ïżœïżœ=-1.029, ïżœïżœ=-3.00ïżœïżœ | ïżœïżœïżœïżœ:  64.5% | ETA: 11.1s
[2665/4125] v=0.35, ïżœïżœ=-1.029, ïżœïżœ=2.00ïżœïżœ | ïżœïżœïżœïżœ:  64.6% | ETA: 11.0s
[2670/4125] v=0.35, ïżœïżœ=-1.029, ïżœïżœ=7.00ïżœïżœ | ïżœïżœïżœïżœ:  64.7% | ETA: 11.0s
[2675/4125] v=0.35, ïżœïżœ=-1.029, ïżœïżœ=12.00ïżœïżœ | ïżœïżœïżœïżœ:  64.8% | ETA: 11.0s
[2680/4125] v=0.35, ïżœïżœ=-0.857, ïżœïżœ=-8.00ïżœïżœ | ïżœïżœïżœïżœ:  65.0% | ETA: 10.9s
[2685/4125] v=0.35, ïżœïżœ=-0.857, ïżœïżœ=-3.00ïżœïżœ | ïżœïżœïżœïżœ:  65.1% | ETA: 10.9s
[2690/4125] v=0.35, ïżœïżœ=-0.857, ïżœïżœ=2.00ïżœïżœ | ïżœïżœïżœïżœ:  65.2% | ETA: 10.9s
[2695/4125] v=0.35, ïżœïżœ=-0.857, ïżœïżœ=7.00ïżœïżœ | ïżœïżœïżœïżœ:  65.3% | ETA: 10.8s
[2700/4125] v=0.35, ïżœïżœ=-0.857, ïżœïżœ=12.00ïżœïżœ | ïżœïżœïżœïżœ:  65.5% | ETA: 10.8s
[2705/4125] v=0.35, ïżœïżœ=-0.686, ïżœïżœ=-8.00ïżœïżœ | ïżœïżœïżœïżœ:  65.6% | ETA: 10.8s
[2710/4125] v=0.35, ïżœïżœ=-0.686, ïżœïżœ=-3.00ïżœïżœ | ïżœïżœïżœïżœ:  65.7% | ETA: 10.7s
[2715/4125] v=0.35, ïżœïżœ=-0.686, ïżœïżœ=2.00ïżœïżœ | ïżœïżœïżœïżœ:  65.8% | ETA: 10.7s
[2720/4125] v=0.35, ïżœïżœ=-0.686, ïżœïżœ=7.00ïżœïżœ | ïżœïżœïżœïżœ:  65.9% | ETA: 10.7s
[2725/4125] v=0.35, ïżœïżœ=-0.686, ïżœïżœ=12.00ïżœïżœ | ïżœïżœïżœïżœ:  66.1% | ETA: 10.6s
[2730/4125] v=0.35, ïżœïżœ=-0.514, ïżœïżœ=-8.00ïżœïżœ | ïżœïżœïżœïżœ:  66.2% | ETA: 10.6s
[2735/4125] v=0.35, ïżœïżœ=-0.514, ïżœïżœ=-3.00ïżœïżœ | ïżœïżœïżœïżœ:  66.3% | ETA: 10.6s
[2740/4125] v=0.35, ïżœïżœ=-0.514, ïżœïżœ=2.00ïżœïżœ | ïżœïżœïżœïżœ:  66.4% | ETA: 10.5s
[2745/4125] v=0.35, ïżœïżœ=-0.514, ïżœïżœ=7.00ïżœïżœ | ïżœïżœïżœïżœ:  66.5% | ETA: 10.5s
[2750/4125] v=0.35, ïżœïżœ=-0.514, ïżœïżœ=12.00ïżœïżœ | ïżœïżœïżœïżœ:  66.7% | ETA: 10.5s
[2755/4125] v=0.35, ïżœïżœ=-0.343, ïżœïżœ=-8.00ïżœïżœ | ïżœïżœïżœïżœ:  66.8% | ETA: 10.4s
[2760/4125] v=0.35, ïżœïżœ=-0.343, ïżœïżœ=-3.00ïżœïżœ | ïżœïżœïżœïżœ:  66.9% | ETA: 10.4s
[2765/4125] v=0.35, ïżœïżœ=-0.343, ïżœïżœ=2.00ïżœïżœ | ïżœïżœïżœïżœ:  67.0% | ETA: 10.4s
[2770/4125] v=0.35, ïżœïżœ=-0.343, ïżœïżœ=7.00ïżœïżœ | ïżœïżœïżœïżœ:  67.2% | ETA: 10.3s
[2775/4125] v=0.35, ïżœïżœ=-0.343, ïżœïżœ=12.00ïżœïżœ | ïżœïżœïżœïżœ:  67.3% | ETA: 10.3s
[2780/4125] v=0.35, ïżœïżœ=-0.171, ïżœïżœ=-8.00ïżœïżœ | ïżœïżœïżœïżœ:  67.4% | ETA: 10.3s
[2785/4125] v=0.35, ïżœïżœ=-0.171, ïżœïżœ=-3.00ïżœïżœ | ïżœïżœïżœïżœ:  67.5% | ETA: 10.2s
[2790/4125] v=0.35, ïżœïżœ=-0.171, ïżœïżœ=2.00ïżœïżœ | ïżœïżœïżœïżœ:  67.6% | ETA: 10.2s
[2795/4125] v=0.35, ïżœïżœ=-0.171, ïżœïżœ=7.00ïżœïżœ | ïżœïżœïżœïżœ:  67.8% | ETA: 10.2s
[2800/4125] v=0.35, ïżœïżœ=-0.171, ïżœïżœ=12.00ïżœïżœ | ïżœïżœïżœïżœ:  67.9% | ETA: 10.1s
[2805/4125] v=0.35, ïżœïżœ=0.000, ïżœïżœ=-8.00ïżœïżœ | ïżœïżœïżœïżœ:  68.0% | ETA: 10.1s
[2810/4125] v=0.35, ïżœïżœ=0.000, ïżœïżœ=-3.00ïżœïżœ | ïżœïżœïżœïżœ:  68.1% | ETA: 10.0s
[2815/4125] v=0.35, ïżœïżœ=0.000, ïżœïżœ=2.00ïżœïżœ | ïżœïżœïżœïżœ:  68.2% | ETA: 10.0s
[2820/4125] v=0.35, ïżœïżœ=0.000, ïżœïżœ=7.00ïżœïżœ | ïżœïżœïżœïżœ:  68.4% | ETA: 9.9s
[2825/4125] v=0.35, ïżœïżœ=0.000, ïżœïżœ=12.00ïżœïżœ | ïżœïżœïżœïżœ:  68.5% | ETA: 9.9s
[2830/4125] v=0.35, ïżœïżœ=0.171, ïżœïżœ=-8.00ïżœïżœ | ïżœïżœïżœïżœ:  68.6% | ETA: 9.8s
[2835/4125] v=0.35, ïżœïżœ=0.171, ïżœïżœ=-3.00ïżœïżœ | ïżœïżœïżœïżœ:  68.7% | ETA: 9.8s
[2840/4125] v=0.35, ïżœïżœ=0.171, ïżœïżœ=2.00ïżœïżœ | ïżœïżœïżœïżœ:  68.8% | ETA: 9.8s
[2845/4125] v=0.35, ïżœïżœ=0.171, ïżœïżœ=7.00ïżœïżœ | ïżœïżœïżœïżœ:  69.0% | ETA: 9.7s
[2850/4125] v=0.35, ïżœïżœ=0.171, ïżœïżœ=12.00ïżœïżœ | ïżœïżœïżœïżœ:  69.1% | ETA: 9.7s
[2855/4125] v=0.35, ïżœïżœ=0.343, ïżœïżœ=-8.00ïżœïżœ | ïżœïżœïżœïżœ:  69.2% | ETA: 9.7s
[2860/4125] v=0.35, ïżœïżœ=0.343, ïżœïżœ=-3.00ïżœïżœ | ïżœïżœïżœïżœ:  69.3% | ETA: 9.6s
[2865/4125] v=0.35, ïżœïżœ=0.343, ïżœïżœ=2.00ïżœïżœ | ïżœïżœïżœïżœ:  69.5% | ETA: 9.6s
[2870/4125] v=0.35, ïżœïżœ=0.343, ïżœïżœ=7.00ïżœïżœ | ïżœïżœïżœïżœ:  69.6% | ETA: 9.6s
[2875/4125] v=0.35, ïżœïżœ=0.343, ïżœïżœ=12.00ïżœïżœ | ïżœïżœïżœïżœ:  69.7% | ETA: 9.5s
[2880/4125] v=0.35, ïżœïżœ=0.514, ïżœïżœ=-8.00ïżœïżœ | ïżœïżœïżœïżœ:  69.8% | ETA: 9.5s
[2885/4125] v=0.35, ïżœïżœ=0.514, ïżœïżœ=-3.00ïżœïżœ | ïżœïżœïżœïżœ:  69.9% | ETA: 9.5s
[2890/4125] v=0.35, ïżœïżœ=0.514, ïżœïżœ=2.00ïżœïżœ | ïżœïżœïżœïżœ:  70.1% | ETA: 9.4s
[2895/4125] v=0.35, ïżœïżœ=0.514, ïżœïżœ=7.00ïżœïżœ | ïżœïżœïżœïżœ:  70.2% | ETA: 9.4s
[2900/4125] v=0.35, ïżœïżœ=0.514, ïżœïżœ=12.00ïżœïżœ | ïżœïżœïżœïżœ:  70.3% | ETA: 9.4s
[2905/4125] v=0.35, ïżœïżœ=0.686, ïżœïżœ=-8.00ïżœïżœ | ïżœïżœïżœïżœ:  70.4% | ETA: 9.3s
[2910/4125] v=0.35, ïżœïżœ=0.686, ïżœïżœ=-3.00ïżœïżœ | ïżœïżœïżœïżœ:  70.5% | ETA: 9.3s
[2915/4125] v=0.35, ïżœïżœ=0.686, ïżœïżœ=2.00ïżœïżœ | ïżœïżœïżœïżœ:  70.7% | ETA: 9.2s
[2920/4125] v=0.35, ïżœïżœ=0.686, ïżœïżœ=7.00ïżœïżœ | ïżœïżœïżœïżœ:  70.8% | ETA: 9.2s
[2925/4125] v=0.35, ïżœïżœ=0.686, ïżœïżœ=12.00ïżœïżœ | ïżœïżœïżœïżœ:  70.9% | ETA: 9.2s
[2930/4125] v=0.35, ïżœïżœ=0.857, ïżœïżœ=-8.00ïżœïżœ | ïżœïżœïżœïżœ:  71.0% | ETA: 9.1s
[2935/4125] v=0.35, ïżœïżœ=0.857, ïżœïżœ=-3.00ïżœïżœ | ïżœïżœïżœïżœ:  71.2% | ETA: 9.1s
[2940/4125] v=0.35, ïżœïżœ=0.857, ïżœïżœ=2.00ïżœïżœ | ïżœïżœïżœïżœ:  71.3% | ETA: 9.1s
[2945/4125] v=0.35, ïżœïżœ=0.857, ïżœïżœ=7.00ïżœïżœ | ïżœïżœïżœïżœ:  71.4% | ETA: 9.0s
[2950/4125] v=0.35, ïżœïżœ=0.857, ïżœïżœ=12.00ïżœïżœ | ïżœïżœïżœïżœ:  71.5% | ETA: 9.0s
[2955/4125] v=0.35, ïżœïżœ=1.029, ïżœïżœ=-8.00ïżœïżœ | ïżœïżœïżœïżœ:  71.6% | ETA: 9.0s
[2960/4125] v=0.35, ïżœïżœ=1.029, ïżœïżœ=-3.00ïżœïżœ | ïżœïżœïżœïżœ:  71.8% | ETA: 8.9s
[2965/4125] v=0.35, ïżœïżœ=1.029, ïżœïżœ=2.00ïżœïżœ | ïżœïżœïżœïżœ:  71.9% | ETA: 8.9s
[2970/4125] v=0.35, ïżœïżœ=1.029, ïżœïżœ=7.00ïżœïżœ | ïżœïżœïżœïżœ:  72.0% | ETA: 8.8s
[2975/4125] v=0.35, ïżœïżœ=1.029, ïżœïżœ=12.00ïżœïżœ | ïżœïżœïżœïżœ:  72.1% | ETA: 8.8s
[2980/4125] v=0.35, ïżœïżœ=1.200, ïżœïżœ=-8.00ïżœïżœ | ïżœïżœïżœïżœ:  72.2% | ETA: 8.8s
[2985/4125] v=0.35, ïżœïżœ=1.200, ïżœïżœ=-3.00ïżœïżœ | ïżœïżœïżœïżœ:  72.4% | ETA: 8.7s
[2990/4125] v=0.35, ïżœïżœ=1.200, ïżœïżœ=2.00ïżœïżœ | ïżœïżœïżœïżœ:  72.5% | ETA: 8.7s
[2995/4125] v=0.35, ïżœïżœ=1.200, ïżœïżœ=7.00ïżœïżœ | ïżœïżœïżœïżœ:  72.6% | ETA: 8.7s
[3000/4125] v=0.35, ïżœïżœ=1.200, ïżœïżœ=12.00ïżœïżœ | ïżœïżœïżœïżœ:  72.7% | ETA: 8.6s
[3005/4125] v=0.60, ïżœïżœ=-1.200, ïżœïżœ=-8.00ïżœïżœ | ïżœïżœïżœïżœ:  72.8% | ETA: 8.6s
[3010/4125] v=0.60, ïżœïżœ=-1.200, ïżœïżœ=-3.00ïżœïżœ | ïżœïżœïżœïżœ:  73.0% | ETA: 8.6s
[3015/4125] v=0.60, ïżœïżœ=-1.200, ïżœïżœ=2.00ïżœïżœ | ïżœïżœïżœïżœ:  73.1% | ETA: 8.5s
[3020/4125] v=0.60, ïżœïżœ=-1.200, ïżœïżœ=7.00ïżœïżœ | ïżœïżœïżœïżœ:  73.2% | ETA: 8.5s
[3025/4125] v=0.60, ïżœïżœ=-1.200, ïżœïżœ=12.00ïżœïżœ | ïżœïżœïżœïżœ:  73.3% | ETA: 8.4s
[3030/4125] v=0.60, ïżœïżœ=-1.029, ïżœïżœ=-8.00ïżœïżœ | ïżœïżœïżœïżœ:  73.5% | ETA: 8.4s
[3035/4125] v=0.60, ïżœïżœ=-1.029, ïżœïżœ=-3.00ïżœïżœ | ïżœïżœïżœïżœ:  73.6% | ETA: 8.4s
[3040/4125] v=0.60, ïżœïżœ=-1.029, ïżœïżœ=2.00ïżœïżœ | ïżœïżœïżœïżœ:  73.7% | ETA: 8.3s
[3045/4125] v=0.60, ïżœïżœ=-1.029, ïżœïżœ=7.00ïżœïżœ | ïżœïżœïżœïżœ:  73.8% | ETA: 8.3s
[3050/4125] v=0.60, ïżœïżœ=-1.029, ïżœïżœ=12.00ïżœïżœ | ïżœïżœïżœïżœ:  73.9% | ETA: 8.3s
[3055/4125] v=0.60, ïżœïżœ=-0.857, ïżœïżœ=-8.00ïżœïżœ | ïżœïżœïżœïżœ:  74.1% | ETA: 8.2s
[3060/4125] v=0.60, ïżœïżœ=-0.857, ïżœïżœ=-3.00ïżœïżœ | ïżœïżœïżœïżœ:  74.2% | ETA: 8.2s
[3065/4125] v=0.60, ïżœïżœ=-0.857, ïżœïżœ=2.00ïżœïżœ | ïżœïżœïżœïżœ:  74.3% | ETA: 8.2s
[3070/4125] v=0.60, ïżœïżœ=-0.857, ïżœïżœ=7.00ïżœïżœ | ïżœïżœïżœïżœ:  74.4% | ETA: 8.1s
[3075/4125] v=0.60, ïżœïżœ=-0.857, ïżœïżœ=12.00ïżœïżœ | ïżœïżœïżœïżœ:  74.5% | ETA: 8.1s
[3080/4125] v=0.60, ïżœïżœ=-0.686, ïżœïżœ=-8.00ïżœïżœ | ïżœïżœïżœïżœ:  74.7% | ETA: 8.1s
[3085/4125] v=0.60, ïżœïżœ=-0.686, ïżœïżœ=-3.00ïżœïżœ | ïżœïżœïżœïżœ:  74.8% | ETA: 8.0s
[3090/4125] v=0.60, ïżœïżœ=-0.686, ïżœïżœ=2.00ïżœïżœ | ïżœïżœïżœïżœ:  74.9% | ETA: 8.0s
[3095/4125] v=0.60, ïżœïżœ=-0.686, ïżœïżœ=7.00ïżœïżœ | ïżœïżœïżœïżœ:  75.0% | ETA: 8.0s
[3100/4125] v=0.60, ïżœïżœ=-0.686, ïżœïżœ=12.00ïżœïżœ | ïżœïżœïżœïżœ:  75.2% | ETA: 7.9s
[3105/4125] v=0.60, ïżœïżœ=-0.514, ïżœïżœ=-8.00ïżœïżœ | ïżœïżœïżœïżœ:  75.3% | ETA: 7.9s
[3110/4125] v=0.60, ïżœïżœ=-0.514, ïżœïżœ=-3.00ïżœïżœ | ïżœïżœïżœïżœ:  75.4% | ETA: 7.9s
[3115/4125] v=0.60, ïżœïżœ=-0.514, ïżœïżœ=2.00ïżœïżœ | ïżœïżœïżœïżœ:  75.5% | ETA: 7.8s
[3120/4125] v=0.60, ïżœïżœ=-0.514, ïżœïżœ=7.00ïżœïżœ | ïżœïżœïżœïżœ:  75.6% | ETA: 7.8s
[3125/4125] v=0.60, ïżœïżœ=-0.514, ïżœïżœ=12.00ïżœïżœ | ïżœïżœïżœïżœ:  75.8% | ETA: 7.7s
[3130/4125] v=0.60, ïżœïżœ=-0.343, ïżœïżœ=-8.00ïżœïżœ | ïżœïżœïżœïżœ:  75.9% | ETA: 7.7s
[3135/4125] v=0.60, ïżœïżœ=-0.343, ïżœïżœ=-3.00ïżœïżœ | ïżœïżœïżœïżœ:  76.0% | ETA: 7.7s
[3140/4125] v=0.60, ïżœïżœ=-0.343, ïżœïżœ=2.00ïżœïżœ | ïżœïżœïżœïżœ:  76.1% | ETA: 7.6s
[3145/4125] v=0.60, ïżœïżœ=-0.343, ïżœïżœ=7.00ïżœïżœ | ïżœïżœïżœïżœ:  76.2% | ETA: 7.6s
[3150/4125] v=0.60, ïżœïżœ=-0.343, ïżœïżœ=12.00ïżœïżœ | ïżœïżœïżœïżœ:  76.4% | ETA: 7.6s
[3155/4125] v=0.60, ïżœïżœ=-0.171, ïżœïżœ=-8.00ïżœïżœ | ïżœïżœïżœïżœ:  76.5% | ETA: 7.5s
[3160/4125] v=0.60, ïżœïżœ=-0.171, ïżœïżœ=-3.00ïżœïżœ | ïżœïżœïżœïżœ:  76.6% | ETA: 7.5s
[3165/4125] v=0.60, ïżœïżœ=-0.171, ïżœïżœ=2.00ïżœïżœ | ïżœïżœïżœïżœ:  76.7% | ETA: 7.4s
[3170/4125] v=0.60, ïżœïżœ=-0.171, ïżœïżœ=7.00ïżœïżœ | ïżœïżœïżœïżœ:  76.8% | ETA: 7.4s
[3175/4125] v=0.60, ïżœïżœ=-0.171, ïżœïżœ=12.00ïżœïżœ | ïżœïżœïżœïżœ:  77.0% | ETA: 7.4s
[3180/4125] v=0.60, ïżœïżœ=0.000, ïżœïżœ=-8.00ïżœïżœ | ïżœïżœïżœïżœ:  77.1% | ETA: 7.3s
[3185/4125] v=0.60, ïżœïżœ=0.000, ïżœïżœ=-3.00ïżœïżœ | ïżœïżœïżœïżœ:  77.2% | ETA: 7.3s
[3190/4125] v=0.60, ïżœïżœ=0.000, ïżœïżœ=2.00ïżœïżœ | ïżœïżœïżœïżœ:  77.3% | ETA: 7.2s
[3195/4125] v=0.60, ïżœïżœ=0.000, ïżœïżœ=7.00ïżœïżœ | ïżœïżœïżœïżœ:  77.5% | ETA: 7.2s
[3200/4125] v=0.60, ïżœïżœ=0.000, ïżœïżœ=12.00ïżœïżœ | ïżœïżœïżœïżœ:  77.6% | ETA: 7.2s
[3205/4125] v=0.60, ïżœïżœ=0.171, ïżœïżœ=-8.00ïżœïżœ | ïżœïżœïżœïżœ:  77.7% | ETA: 7.1s
[3210/4125] v=0.60, ïżœïżœ=0.171, ïżœïżœ=-3.00ïżœïżœ | ïżœïżœïżœïżœ:  77.8% | ETA: 7.1s
[3215/4125] v=0.60, ïżœïżœ=0.171, ïżœïżœ=2.00ïżœïżœ | ïżœïżœïżœïżœ:  77.9% | ETA: 7.0s
[3220/4125] v=0.60, ïżœïżœ=0.171, ïżœïżœ=7.00ïżœïżœ | ïżœïżœïżœïżœ:  78.1% | ETA: 7.0s
[3225/4125] v=0.60, ïżœïżœ=0.171, ïżœïżœ=12.00ïżœïżœ | ïżœïżœïżœïżœ:  78.2% | ETA: 7.0s
[3230/4125] v=0.60, ïżœïżœ=0.343, ïżœïżœ=-8.00ïżœïżœ | ïżœïżœïżœïżœ:  78.3% | ETA: 6.9s
[3235/4125] v=0.60, ïżœïżœ=0.343, ïżœïżœ=-3.00ïżœïżœ | ïżœïżœïżœïżœ:  78.4% | ETA: 6.9s
[3240/4125] v=0.60, ïżœïżœ=0.343, ïżœïżœ=2.00ïżœïżœ | ïżœïżœïżœïżœ:  78.5% | ETA: 6.9s
[3245/4125] v=0.60, ïżœïżœ=0.343, ïżœïżœ=7.00ïżœïżœ | ïżœïżœïżœïżœ:  78.7% | ETA: 6.8s
[3250/4125] v=0.60, ïżœïżœ=0.343, ïżœïżœ=12.00ïżœïżœ | ïżœïżœïżœïżœ:  78.8% | ETA: 6.8s
[3255/4125] v=0.60, ïżœïżœ=0.514, ïżœïżœ=-8.00ïżœïżœ | ïżœïżœïżœïżœ:  78.9% | ETA: 6.8s
[3260/4125] v=0.60, ïżœïżœ=0.514, ïżœïżœ=-3.00ïżœïżœ | ïżœïżœïżœïżœ:  79.0% | ETA: 6.7s
[3265/4125] v=0.60, ïżœïżœ=0.514, ïżœïżœ=2.00ïżœïżœ | ïżœïżœïżœïżœ:  79.2% | ETA: 6.7s
[3270/4125] v=0.60, ïżœïżœ=0.514, ïżœïżœ=7.00ïżœïżœ | ïżœïżœïżœïżœ:  79.3% | ETA: 6.7s
[3275/4125] v=0.60, ïżœïżœ=0.514, ïżœïżœ=12.00ïżœïżœ | ïżœïżœïżœïżœ:  79.4% | ETA: 6.6s
[3280/4125] v=0.60, ïżœïżœ=0.686, ïżœïżœ=-8.00ïżœïżœ | ïżœïżœïżœïżœ:  79.5% | ETA: 6.6s
[3285/4125] v=0.60, ïżœïżœ=0.686, ïżœïżœ=-3.00ïżœïżœ | ïżœïżœïżœïżœ:  79.6% | ETA: 6.6s
[3290/4125] v=0.60, ïżœïżœ=0.686, ïżœïżœ=2.00ïżœïżœ | ïżœïżœïżœïżœ:  79.8% | ETA: 6.5s
[3295/4125] v=0.60, ïżœïżœ=0.686, ïżœïżœ=7.00ïżœïżœ | ïżœïżœïżœïżœ:  79.9% | ETA: 6.5s
[3300/4125] v=0.60, ïżœïżœ=0.686, ïżœïżœ=12.00ïżœïżœ | ïżœïżœïżœïżœ:  80.0% | ETA: 6.4s
[3305/4125] v=0.60, ïżœïżœ=0.857, ïżœïżœ=-8.00ïżœïżœ | ïżœïżœïżœïżœ:  80.1% | ETA: 6.4s
[3310/4125] v=0.60, ïżœïżœ=0.857, ïżœïżœ=-3.00ïżœïżœ | ïżœïżœïżœïżœ:  80.2% | ETA: 6.4s
[3315/4125] v=0.60, ïżœïżœ=0.857, ïżœïżœ=2.00ïżœïżœ | ïżœïżœïżœïżœ:  80.4% | ETA: 6.3s
[3320/4125] v=0.60, ïżœïżœ=0.857, ïżœïżœ=7.00ïżœïżœ | ïżœïżœïżœïżœ:  80.5% | ETA: 6.3s
[3325/4125] v=0.60, ïżœïżœ=0.857, ïżœïżœ=12.00ïżœïżœ | ïżœïżœïżœïżœ:  80.6% | ETA: 6.3s
[3330/4125] v=0.60, ïżœïżœ=1.029, ïżœïżœ=-8.00ïżœïżœ | ïżœïżœïżœïżœ:  80.7% | ETA: 6.2s
[3335/4125] v=0.60, ïżœïżœ=1.029, ïżœïżœ=-3.00ïżœïżœ | ïżœïżœïżœïżœ:  80.8% | ETA: 6.2s
[3340/4125] v=0.60, ïżœïżœ=1.029, ïżœïżœ=2.00ïżœïżœ | ïżœïżœïżœïżœ:  81.0% | ETA: 6.1s
[3345/4125] v=0.60, ïżœïżœ=1.029, ïżœïżœ=7.00ïżœïżœ | ïżœïżœïżœïżœ:  81.1% | ETA: 6.1s
[3350/4125] v=0.60, ïżœïżœ=1.029, ïżœïżœ=12.00ïżœïżœ | ïżœïżœïżœïżœ:  81.2% | ETA: 6.1s
[3355/4125] v=0.60, ïżœïżœ=1.200, ïżœïżœ=-8.00ïżœïżœ | ïżœïżœïżœïżœ:  81.3% | ETA: 6.0s
[3360/4125] v=0.60, ïżœïżœ=1.200, ïżœïżœ=-3.00ïżœïżœ | ïżœïżœïżœïżœ:  81.5% | ETA: 6.0s
[3365/4125] v=0.60, ïżœïżœ=1.200, ïżœïżœ=2.00ïżœïżœ | ïżœïżœïżœïżœ:  81.6% | ETA: 6.0s
[3370/4125] v=0.60, ïżœïżœ=1.200, ïżœïżœ=7.00ïżœïżœ | ïżœïżœïżœïżœ:  81.7% | ETA: 5.9s
[3375/4125] v=0.60, ïżœïżœ=1.200, ïżœïżœ=12.00ïżœïżœ | ïżœïżœïżœïżœ:  81.8% | ETA: 5.9s
[3380/4125] v=1.00, ïżœïżœ=-1.200, ïżœïżœ=-8.00ïżœïżœ | ïżœïżœïżœïżœ:  81.9% | ETA: 5.8s
[3385/4125] v=1.00, ïżœïżœ=-1.200, ïżœïżœ=-3.00ïżœïżœ | ïżœïżœïżœïżœ:  82.1% | ETA: 5.8s
[3390/4125] v=1.00, ïżœïżœ=-1.200, ïżœïżœ=2.00ïżœïżœ | ïżœïżœïżœïżœ:  82.2% | ETA: 5.8s
[3395/4125] v=1.00, ïżœïżœ=-1.200, ïżœïżœ=7.00ïżœïżœ | ïżœïżœïżœïżœ:  82.3% | ETA: 5.7s
[3400/4125] v=1.00, ïżœïżœ=-1.200, ïżœïżœ=12.00ïżœïżœ | ïżœïżœïżœïżœ:  82.4% | ETA: 5.7s
[3405/4125] v=1.00, ïżœïżœ=-1.029, ïżœïżœ=-8.00ïżœïżœ | ïżœïżœïżœïżœ:  82.5% | ETA: 5.7s
[3410/4125] v=1.00, ïżœïżœ=-1.029, ïżœïżœ=-3.00ïżœïżœ | ïżœïżœïżœïżœ:  82.7% | ETA: 5.6s
[3415/4125] v=1.00, ïżœïżœ=-1.029, ïżœïżœ=2.00ïżœïżœ | ïżœïżœïżœïżœ:  82.8% | ETA: 5.6s
[3420/4125] v=1.00, ïżœïżœ=-1.029, ïżœïżœ=7.00ïżœïżœ | ïżœïżœïżœïżœ:  82.9% | ETA: 5.5s
[3425/4125] v=1.00, ïżœïżœ=-1.029, ïżœïżœ=12.00ïżœïżœ | ïżœïżœïżœïżœ:  83.0% | ETA: 5.5s
[3430/4125] v=1.00, ïżœïżœ=-0.857, ïżœïżœ=-8.00ïżœïżœ | ïżœïżœïżœïżœ:  83.2% | ETA: 5.5s
[3435/4125] v=1.00, ïżœïżœ=-0.857, ïżœïżœ=-3.00ïżœïżœ | ïżœïżœïżœïżœ:  83.3% | ETA: 5.4s
[3440/4125] v=1.00, ïżœïżœ=-0.857, ïżœïżœ=2.00ïżœïżœ | ïżœïżœïżœïżœ:  83.4% | ETA: 5.4s
[3445/4125] v=1.00, ïżœïżœ=-0.857, ïżœïżœ=7.00ïżœïżœ | ïżœïżœïżœïżœ:  83.5% | ETA: 5.4s
[3450/4125] v=1.00, ïżœïżœ=-0.857, ïżœïżœ=12.00ïżœïżœ | ïżœïżœïżœïżœ:  83.6% | ETA: 5.3s
[3455/4125] v=1.00, ïżœïżœ=-0.686, ïżœïżœ=-8.00ïżœïżœ | ïżœïżœïżœïżœ:  83.8% | ETA: 5.3s
[3460/4125] v=1.00, ïżœïżœ=-0.686, ïżœïżœ=-3.00ïżœïżœ | ïżœïżœïżœïżœ:  83.9% | ETA: 5.2s
[3465/4125] v=1.00, ïżœïżœ=-0.686, ïżœïżœ=2.00ïżœïżœ | ïżœïżœïżœïżœ:  84.0% | ETA: 5.2s
[3470/4125] v=1.00, ïżœïżœ=-0.686, ïżœïżœ=7.00ïżœïżœ | ïżœïżœïżœïżœ:  84.1% | ETA: 5.2s
[3475/4125] v=1.00, ïżœïżœ=-0.686, ïżœïżœ=12.00ïżœïżœ | ïżœïżœïżœïżœ:  84.2% | ETA: 5.1s
[3480/4125] v=1.00, ïżœïżœ=-0.514, ïżœïżœ=-8.00ïżœïżœ | ïżœïżœïżœïżœ:  84.4% | ETA: 5.1s
[3485/4125] v=1.00, ïżœïżœ=-0.514, ïżœïżœ=-3.00ïżœïżœ | ïżœïżœïżœïżœ:  84.5% | ETA: 5.1s
[3490/4125] v=1.00, ïżœïżœ=-0.514, ïżœïżœ=2.00ïżœïżœ | ïżœïżœïżœïżœ:  84.6% | ETA: 5.0s
[3495/4125] v=1.00, ïżœïżœ=-0.514, ïżœïżœ=7.00ïżœïżœ | ïżœïżœïżœïżœ:  84.7% | ETA: 5.0s
[3500/4125] v=1.00, ïżœïżœ=-0.514, ïżœïżœ=12.00ïżœïżœ | ïżœïżœïżœïżœ:  84.8% | ETA: 4.9s
[3505/4125] v=1.00, ïżœïżœ=-0.343, ïżœïżœ=-8.00ïżœïżœ | ïżœïżœïżœïżœ:  85.0% | ETA: 4.9s
[3510/4125] v=1.00, ïżœïżœ=-0.343, ïżœïżœ=-3.00ïżœïżœ | ïżœïżœïżœïżœ:  85.1% | ETA: 4.9s
[3515/4125] v=1.00, ïżœïżœ=-0.343, ïżœïżœ=2.00ïżœïżœ | ïżœïżœïżœïżœ:  85.2% | ETA: 4.8s
[3520/4125] v=1.00, ïżœïżœ=-0.343, ïżœïżœ=7.00ïżœïżœ | ïżœïżœïżœïżœ:  85.3% | ETA: 4.8s
[3525/4125] v=1.00, ïżœïżœ=-0.343, ïżœïżœ=12.00ïżœïżœ | ïżœïżœïżœïżœ:  85.5% | ETA: 4.8s
[3530/4125] v=1.00, ïżœïżœ=-0.171, ïżœïżœ=-8.00ïżœïżœ | ïżœïżœïżœïżœ:  85.6% | ETA: 4.7s
[3535/4125] v=1.00, ïżœïżœ=-0.171, ïżœïżœ=-3.00ïżœïżœ | ïżœïżœïżœïżœ:  85.7% | ETA: 4.7s
[3540/4125] v=1.00, ïżœïżœ=-0.171, ïżœïżœ=2.00ïżœïżœ | ïżœïżœïżœïżœ:  85.8% | ETA: 4.6s
[3545/4125] v=1.00, ïżœïżœ=-0.171, ïżœïżœ=7.00ïżœïżœ | ïżœïżœïżœïżœ:  85.9% | ETA: 4.6s
[3550/4125] v=1.00, ïżœïżœ=-0.171, ïżœïżœ=12.00ïżœïżœ | ïżœïżœïżœïżœ:  86.1% | ETA: 4.6s
[3555/4125] v=1.00, ïżœïżœ=0.000, ïżœïżœ=-8.00ïżœïżœ | ïżœïżœïżœïżœ:  86.2% | ETA: 4.5s
[3560/4125] v=1.00, ïżœïżœ=0.000, ïżœïżœ=-3.00ïżœïżœ | ïżœïżœïżœïżœ:  86.3% | ETA: 4.5s
[3565/4125] v=1.00, ïżœïżœ=0.000, ïżœïżœ=2.00ïżœïżœ | ïżœïżœïżœïżœ:  86.4% | ETA: 4.4s
[3570/4125] v=1.00, ïżœïżœ=0.000, ïżœïżœ=7.00ïżœïżœ | ïżœïżœïżœïżœ:  86.5% | ETA: 4.4s
[3575/4125] v=1.00, ïżœïżœ=0.000, ïżœïżœ=12.00ïżœïżœ | ïżœïżœïżœïżœ:  86.7% | ETA: 4.3s
[3580/4125] v=1.00, ïżœïżœ=0.171, ïżœïżœ=-8.00ïżœïżœ | ïżœïżœïżœïżœ:  86.8% | ETA: 4.3s
[3585/4125] v=1.00, ïżœïżœ=0.171, ïżœïżœ=-3.00ïżœïżœ | ïżœïżœïżœïżœ:  86.9% | ETA: 4.3s
[3590/4125] v=1.00, ïżœïżœ=0.171, ïżœïżœ=2.00ïżœïżœ | ïżœïżœïżœïżœ:  87.0% | ETA: 4.2s
[3595/4125] v=1.00, ïżœïżœ=0.171, ïżœïżœ=7.00ïżœïżœ | ïżœïżœïżœïżœ:  87.2% | ETA: 4.2s
[3600/4125] v=1.00, ïżœïżœ=0.171, ïżœïżœ=12.00ïżœïżœ | ïżœïżœïżœïżœ:  87.3% | ETA: 4.2s
[3605/4125] v=1.00, ïżœïżœ=0.343, ïżœïżœ=-8.00ïżœïżœ | ïżœïżœïżœïżœ:  87.4% | ETA: 4.1s
[3610/4125] v=1.00, ïżœïżœ=0.343, ïżœïżœ=-3.00ïżœïżœ | ïżœïżœïżœïżœ:  87.5% | ETA: 4.1s
[3615/4125] v=1.00, ïżœïżœ=0.343, ïżœïżœ=2.00ïżœïżœ | ïżœïżœïżœïżœ:  87.6% | ETA: 4.0s
[3620/4125] v=1.00, ïżœïżœ=0.343, ïżœïżœ=7.00ïżœïżœ | ïżœïżœïżœïżœ:  87.8% | ETA: 4.0s
[3625/4125] v=1.00, ïżœïżœ=0.343, ïżœïżœ=12.00ïżœïżœ | ïżœïżœïżœïżœ:  87.9% | ETA: 4.0s
[3630/4125] v=1.00, ïżœïżœ=0.514, ïżœïżœ=-8.00ïżœïżœ | ïżœïżœïżœïżœ:  88.0% | ETA: 3.9s
[3635/4125] v=1.00, ïżœïżœ=0.514, ïżœïżœ=-3.00ïżœïżœ | ïżœïżœïżœïżœ:  88.1% | ETA: 3.9s
[3640/4125] v=1.00, ïżœïżœ=0.514, ïżœïżœ=2.00ïżœïżœ | ïżœïżœïżœïżœ:  88.2% | ETA: 3.8s
[3645/4125] v=1.00, ïżœïżœ=0.514, ïżœïżœ=7.00ïżœïżœ | ïżœïżœïżœïżœ:  88.4% | ETA: 3.8s
[3650/4125] v=1.00, ïżœïżœ=0.514, ïżœïżœ=12.00ïżœïżœ | ïżœïżœïżœïżœ:  88.5% | ETA: 3.8s
[3655/4125] v=1.00, ïżœïżœ=0.686, ïżœïżœ=-8.00ïżœïżœ | ïżœïżœïżœïżœ:  88.6% | ETA: 3.7s
[3660/4125] v=1.00, ïżœïżœ=0.686, ïżœïżœ=-3.00ïżœïżœ | ïżœïżœïżœïżœ:  88.7% | ETA: 3.7s
[3665/4125] v=1.00, ïżœïżœ=0.686, ïżœïżœ=2.00ïżœïżœ | ïżœïżœïżœïżœ:  88.8% | ETA: 3.7s
[3670/4125] v=1.00, ïżœïżœ=0.686, ïżœïżœ=7.00ïżœïżœ | ïżœïżœïżœïżœ:  89.0% | ETA: 3.6s
[3675/4125] v=1.00, ïżœïżœ=0.686, ïżœïżœ=12.00ïżœïżœ | ïżœïżœïżœïżœ:  89.1% | ETA: 3.6s
[3680/4125] v=1.00, ïżœïżœ=0.857, ïżœïżœ=-8.00ïżœïżœ | ïżœïżœïżœïżœ:  89.2% | ETA: 3.5s
[3685/4125] v=1.00, ïżœïżœ=0.857, ïżœïżœ=-3.00ïżœïżœ | ïżœïżœïżœïżœ:  89.3% | ETA: 3.5s
[3690/4125] v=1.00, ïżœïżœ=0.857, ïżœïżœ=2.00ïżœïżœ | ïżœïżœïżœïżœ:  89.5% | ETA: 3.5s
[3695/4125] v=1.00, ïżœïżœ=0.857, ïżœïżœ=7.00ïżœïżœ | ïżœïżœïżœïżœ:  89.6% | ETA: 3.4s
[3700/4125] v=1.00, ïżœïżœ=0.857, ïżœïżœ=12.00ïżœïżœ | ïżœïżœïżœïżœ:  89.7% | ETA: 3.4s
[3705/4125] v=1.00, ïżœïżœ=1.029, ïżœïżœ=-8.00ïżœïżœ | ïżœïżœïżœïżœ:  89.8% | ETA: 3.3s
[3710/4125] v=1.00, ïżœïżœ=1.029, ïżœïżœ=-3.00ïżœïżœ | ïżœïżœïżœïżœ:  89.9% | ETA: 3.3s
[3715/4125] v=1.00, ïżœïżœ=1.029, ïżœïżœ=2.00ïżœïżœ | ïżœïżœïżœïżœ:  90.1% | ETA: 3.3s
[3720/4125] v=1.00, ïżœïżœ=1.029, ïżœïżœ=7.00ïżœïżœ | ïżœïżœïżœïżœ:  90.2% | ETA: 3.2s
[3725/4125] v=1.00, ïżœïżœ=1.029, ïżœïżœ=12.00ïżœïżœ | ïżœïżœïżœïżœ:  90.3% | ETA: 3.2s
[3730/4125] v=1.00, ïżœïżœ=1.200, ïżœïżœ=-8.00ïżœïżœ | ïżœïżœïżœïżœ:  90.4% | ETA: 3.1s
[3735/4125] v=1.00, ïżœïżœ=1.200, ïżœïżœ=-3.00ïżœïżœ | ïżœïżœïżœïżœ:  90.5% | ETA: 3.1s
[3740/4125] v=1.00, ïżœïżœ=1.200, ïżœïżœ=2.00ïżœïżœ | ïżœïżœïżœïżœ:  90.7% | ETA: 3.1s
[3745/4125] v=1.00, ïżœïżœ=1.200, ïżœïżœ=7.00ïżœïżœ | ïżœïżœïżœïżœ:  90.8% | ETA: 3.0s
[3750/4125] v=1.00, ïżœïżœ=1.200, ïżœïżœ=12.00ïżœïżœ | ïżœïżœïżœïżœ:  90.9% | ETA: 3.0s
[3755/4125] v=1.20, ïżœïżœ=-1.200, ïżœïżœ=-8.00ïżœïżœ | ïżœïżœïżœïżœ:  91.0% | ETA: 3.0s
[3760/4125] v=1.20, ïżœïżœ=-1.200, ïżœïżœ=-3.00ïżœïżœ | ïżœïżœïżœïżœ:  91.2% | ETA: 2.9s
[3765/4125] v=1.20, ïżœïżœ=-1.200, ïżœïżœ=2.00ïżœïżœ | ïżœïżœïżœïżœ:  91.3% | ETA: 2.9s
[3770/4125] v=1.20, ïżœïżœ=-1.200, ïżœïżœ=7.00ïżœïżœ | ïżœïżœïżœïżœ:  91.4% | ETA: 2.8s
[3775/4125] v=1.20, ïżœïżœ=-1.200, ïżœïżœ=12.00ïżœïżœ | ïżœïżœïżœïżœ:  91.5% | ETA: 2.8s
[3780/4125] v=1.20, ïżœïżœ=-1.029, ïżœïżœ=-8.00ïżœïżœ | ïżœïżœïżœïżœ:  91.6% | ETA: 2.8s
[3785/4125] v=1.20, ïżœïżœ=-1.029, ïżœïżœ=-3.00ïżœïżœ | ïżœïżœïżœïżœ:  91.8% | ETA: 2.7s
[3790/4125] v=1.20, ïżœïżœ=-1.029, ïżœïżœ=2.00ïżœïżœ | ïżœïżœïżœïżœ:  91.9% | ETA: 2.7s
[3795/4125] v=1.20, ïżœïżœ=-1.029, ïżœïżœ=7.00ïżœïżœ | ïżœïżœïżœïżœ:  92.0% | ETA: 2.6s
[3800/4125] v=1.20, ïżœïżœ=-1.029, ïżœïżœ=12.00ïżœïżœ | ïżœïżœïżœïżœ:  92.1% | ETA: 2.6s
[3805/4125] v=1.20, ïżœïżœ=-0.857, ïżœïżœ=-8.00ïżœïżœ | ïżœïżœïżœïżœ:  92.2% | ETA: 2.6s
[3810/4125] v=1.20, ïżœïżœ=-0.857, ïżœïżœ=-3.00ïżœïżœ | ïżœïżœïżœïżœ:  92.4% | ETA: 2.5s
[3815/4125] v=1.20, ïżœïżœ=-0.857, ïżœïżœ=2.00ïżœïżœ | ïżœïżœïżœïżœ:  92.5% | ETA: 2.5s
[3820/4125] v=1.20, ïżœïżœ=-0.857, ïżœïżœ=7.00ïżœïżœ | ïżœïżœïżœïżœ:  92.6% | ETA: 2.5s
[3825/4125] v=1.20, ïżœïżœ=-0.857, ïżœïżœ=12.00ïżœïżœ | ïżœïżœïżœïżœ:  92.7% | ETA: 2.4s
[3830/4125] v=1.20, ïżœïżœ=-0.686, ïżœïżœ=-8.00ïżœïżœ | ïżœïżœïżœïżœ:  92.8% | ETA: 2.4s
[3835/4125] v=1.20, ïżœïżœ=-0.686, ïżœïżœ=-3.00ïżœïżœ | ïżœïżœïżœïżœ:  93.0% | ETA: 2.3s
[3840/4125] v=1.20, ïżœïżœ=-0.686, ïżœïżœ=2.00ïżœïżœ | ïżœïżœïżœïżœ:  93.1% | ETA: 2.3s
[3845/4125] v=1.20, ïżœïżœ=-0.686, ïżœïżœ=7.00ïżœïżœ | ïżœïżœïżœïżœ:  93.2% | ETA: 2.3s
[3850/4125] v=1.20, ïżœïżœ=-0.686, ïżœïżœ=12.00ïżœïżœ | ïżœïżœïżœïżœ:  93.3% | ETA: 2.2s
[3855/4125] v=1.20, ïżœïżœ=-0.514, ïżœïżœ=-8.00ïżœïżœ | ïżœïżœïżœïżœ:  93.5% | ETA: 2.2s
[3860/4125] v=1.20, ïżœïżœ=-0.514, ïżœïżœ=-3.00ïżœïżœ | ïżœïżœïżœïżœ:  93.6% | ETA: 2.1s
[3865/4125] v=1.20, ïżœïżœ=-0.514, ïżœïżœ=2.00ïżœïżœ | ïżœïżœïżœïżœ:  93.7% | ETA: 2.1s
[3870/4125] v=1.20, ïżœïżœ=-0.514, ïżœïżœ=7.00ïżœïżœ | ïżœïżœïżœïżœ:  93.8% | ETA: 2.1s
[3875/4125] v=1.20, ïżœïżœ=-0.514, ïżœïżœ=12.00ïżœïżœ | ïżœïżœïżœïżœ:  93.9% | ETA: 2.0s
[3880/4125] v=1.20, ïżœïżœ=-0.343, ïżœïżœ=-8.00ïżœïżœ | ïżœïżœïżœïżœ:  94.1% | ETA: 2.0s
[3885/4125] v=1.20, ïżœïżœ=-0.343, ïżœïżœ=-3.00ïżœïżœ | ïżœïżœïżœïżœ:  94.2% | ETA: 1.9s
[3890/4125] v=1.20, ïżœïżœ=-0.343, ïżœïżœ=2.00ïżœïżœ | ïżœïżœïżœïżœ:  94.3% | ETA: 1.9s
[3895/4125] v=1.20, ïżœïżœ=-0.343, ïżœïżœ=7.00ïżœïżœ | ïżœïżœïżœïżœ:  94.4% | ETA: 1.9s
[3900/4125] v=1.20, ïżœïżœ=-0.343, ïżœïżœ=12.00ïżœïżœ | ïżœïżœïżœïżœ:  94.5% | ETA: 1.8s
[3905/4125] v=1.20, ïżœïżœ=-0.171, ïżœïżœ=-8.00ïżœïżœ | ïżœïżœïżœïżœ:  94.7% | ETA: 1.8s
[3910/4125] v=1.20, ïżœïżœ=-0.171, ïżœïżœ=-3.00ïżœïżœ | ïżœïżœïżœïżœ:  94.8% | ETA: 1.7s
[3915/4125] v=1.20, ïżœïżœ=-0.171, ïżœïżœ=2.00ïżœïżœ | ïżœïżœïżœïżœ:  94.9% | ETA: 1.7s
[3920/4125] v=1.20, ïżœïżœ=-0.171, ïżœïżœ=7.00ïżœïżœ | ïżœïżœïżœïżœ:  95.0% | ETA: 1.7s
[3925/4125] v=1.20, ïżœïżœ=-0.171, ïżœïżœ=12.00ïżœïżœ | ïżœïżœïżœïżœ:  95.2% | ETA: 1.6s
[3930/4125] v=1.20, ïżœïżœ=0.000, ïżœïżœ=-8.00ïżœïżœ | ïżœïżœïżœïżœ:  95.3% | ETA: 1.6s
[3935/4125] v=1.20, ïżœïżœ=0.000, ïżœïżœ=-3.00ïżœïżœ | ïżœïżœïżœïżœ:  95.4% | ETA: 1.5s
[3940/4125] v=1.20, ïżœïżœ=0.000, ïżœïżœ=2.00ïżœïżœ | ïżœïżœïżœïżœ:  95.5% | ETA: 1.5s
[3945/4125] v=1.20, ïżœïżœ=0.000, ïżœïżœ=7.00ïżœïżœ | ïżœïżœïżœïżœ:  95.6% | ETA: 1.5s
[3950/4125] v=1.20, ïżœïżœ=0.000, ïżœïżœ=12.00ïżœïżœ | ïżœïżœïżœïżœ:  95.8% | ETA: 1.4s
[3955/4125] v=1.20, ïżœïżœ=0.171, ïżœïżœ=-8.00ïżœïżœ | ïżœïżœïżœïżœ:  95.9% | ETA: 1.4s
[3960/4125] v=1.20, ïżœïżœ=0.171, ïżœïżœ=-3.00ïżœïżœ | ïżœïżœïżœïżœ:  96.0% | ETA: 1.3s
[3965/4125] v=1.20, ïżœïżœ=0.171, ïżœïżœ=2.00ïżœïżœ | ïżœïżœïżœïżœ:  96.1% | ETA: 1.3s
[3970/4125] v=1.20, ïżœïżœ=0.171, ïżœïżœ=7.00ïżœïżœ | ïżœïżœïżœïżœ:  96.2% | ETA: 1.2s
[3975/4125] v=1.20, ïżœïżœ=0.171, ïżœïżœ=12.00ïżœïżœ | ïżœïżœïżœïżœ:  96.4% | ETA: 1.2s
[3980/4125] v=1.20, ïżœïżœ=0.343, ïżœïżœ=-8.00ïżœïżœ | ïżœïżœïżœïżœ:  96.5% | ETA: 1.2s
[3985/4125] v=1.20, ïżœïżœ=0.343, ïżœïżœ=-3.00ïżœïżœ | ïżœïżœïżœïżœ:  96.6% | ETA: 1.1s
[3990/4125] v=1.20, ïżœïżœ=0.343, ïżœïżœ=2.00ïżœïżœ | ïżœïżœïżœïżœ:  96.7% | ETA: 1.1s
[3995/4125] v=1.20, ïżœïżœ=0.343, ïżœïżœ=7.00ïżœïżœ | ïżœïżœïżœïżœ:  96.8% | ETA: 1.0s
[4000/4125] v=1.20, ïżœïżœ=0.343, ïżœïżœ=12.00ïżœïżœ | ïżœïżœïżœïżœ:  97.0% | ETA: 1.0s
[4005/4125] v=1.20, ïżœïżœ=0.514, ïżœïżœ=-8.00ïżœïżœ | ïżœïżœïżœïżœ:  97.1% | ETA: 1.0s
[4010/4125] v=1.20, ïżœïżœ=0.514, ïżœïżœ=-3.00ïżœïżœ | ïżœïżœïżœïżœ:  97.2% | ETA: 0.9s
[4015/4125] v=1.20, ïżœïżœ=0.514, ïżœïżœ=2.00ïżœïżœ | ïżœïżœïżœïżœ:  97.3% | ETA: 0.9s
[4020/4125] v=1.20, ïżœïżœ=0.514, ïżœïżœ=7.00ïżœïżœ | ïżœïżœïżœïżœ:  97.5% | ETA: 0.8s
[4025/4125] v=1.20, ïżœïżœ=0.514, ïżœïżœ=12.00ïżœïżœ | ïżœïżœïżœïżœ:  97.6% | ETA: 0.8s
[4030/4125] v=1.20, ïżœïżœ=0.686, ïżœïżœ=-8.00ïżœïżœ | ïżœïżœïżœïżœ:  97.7% | ETA: 0.8s
[4035/4125] v=1.20, ïżœïżœ=0.686, ïżœïżœ=-3.00ïżœïżœ | ïżœïżœïżœïżœ:  97.8% | ETA: 0.7s
[4040/4125] v=1.20, ïżœïżœ=0.686, ïżœïżœ=2.00ïżœïżœ | ïżœïżœïżœïżœ:  97.9% | ETA: 0.7s
[4045/4125] v=1.20, ïżœïżœ=0.686, ïżœïżœ=7.00ïżœïżœ | ïżœïżœïżœïżœ:  98.1% | ETA: 0.6s
[4050/4125] v=1.20, ïżœïżœ=0.686, ïżœïżœ=12.00ïżœïżœ | ïżœïżœïżœïżœ:  98.2% | ETA: 0.6s
[4055/4125] v=1.20, ïżœïżœ=0.857, ïżœïżœ=-8.00ïżœïżœ | ïżœïżœïżœïżœ:  98.3% | ETA: 0.6s
[4060/4125] v=1.20, ïżœïżœ=0.857, ïżœïżœ=-3.00ïżœïżœ | ïżœïżœïżœïżœ:  98.4% | ETA: 0.5s
[4065/4125] v=1.20, ïżœïżœ=0.857, ïżœïżœ=2.00ïżœïżœ | ïżœïżœïżœïżœ:  98.5% | ETA: 0.5s
[4070/4125] v=1.20, ïżœïżœ=0.857, ïżœïżœ=7.00ïżœïżœ | ïżœïżœïżœïżœ:  98.7% | ETA: 0.4s
[4075/4125] v=1.20, ïżœïżœ=0.857, ïżœïżœ=12.00ïżœïżœ | ïżœïżœïżœïżœ:  98.8% | ETA: 0.4s
[4080/4125] v=1.20, ïżœïżœ=1.029, ïżœïżœ=-8.00ïżœïżœ | ïżœïżœïżœïżœ:  98.9% | ETA: 0.4s
[4085/4125] v=1.20, ïżœïżœ=1.029, ïżœïżœ=-3.00ïżœïżœ | ïżœïżœïżœïżœ:  99.0% | ETA: 0.3s
[4090/4125] v=1.20, ïżœïżœ=1.029, ïżœïżœ=2.00ïżœïżœ | ïżœïżœïżœïżœ:  99.2% | ETA: 0.3s
[4095/4125] v=1.20, ïżœïżœ=1.029, ïżœïżœ=7.00ïżœïżœ | ïżœïżœïżœïżœ:  99.3% | ETA: 0.2s
[4100/4125] v=1.20, ïżœïżœ=1.029, ïżœïżœ=12.00ïżœïżœ | ïżœïżœïżœïżœ:  99.4% | ETA: 0.2s
[4105/4125] v=1.20, ïżœïżœ=1.200, ïżœïżœ=-8.00ïżœïżœ | ïżœïżœïżœïżœ:  99.5% | ETA: 0.2s
[4110/4125] v=1.20, ïżœïżœ=1.200, ïżœïżœ=-3.00ïżœïżœ | ïżœïżœïżœïżœ:  99.6% | ETA: 0.1s
[4115/4125] v=1.20, ïżœïżœ=1.200, ïżœïżœ=2.00ïżœïżœ | ïżœïżœïżœïżœ:  99.8% | ETA: 0.1s
[4120/4125] v=1.20, ïżœïżœ=1.200, ïżœïżœ=7.00ïżœïżœ | ïżœïżœïżœïżœ:  99.9% | ETA: 0.0s
[4125/4125] v=1.20, ïżœïżœ=1.200, ïżœïżœ=12.00ïżœïżœ | ïżœïżœïżœïżœ: 100.0% | ETA: 0.0s

========== ïżœïżœïżœÔ»ïżœïżœïżœïżœ ==========
ïżœÜșïżœÊ±: 33.32 ïżœïżœ
ÆœïżœïżœĂżïżœïżœ: 0.008 ïżœïżœ
================================

========== ïżœÈ¶ïżœïżœïżœĐŁïżœïżœ ==========
ïżœïżœïżœïżœ: ïżœïżœïżœÈ¶ïżœïżœïżœ (i=1,j=1,k=25): max|eig|=2.375176
ïżœïżœïżœïżœ: ïżœïżœïżœÈ¶ïżœïżœïżœ (i=1,j=2,k=25): max|eig|=2.375176
ïżœïżœïżœïżœ: ïżœïżœïżœÈ¶ïżœïżœïżœ (i=1,j=3,k=25): max|eig|=2.375176
ïżœïżœïżœïżœ: ïżœïżœïżœÈ¶ïżœïżœïżœ (i=1,j=4,k=25): max|eig|=2.375176
ïżœïżœïżœïżœ: ïżœïżœïżœÈ¶ïżœïżœïżœ (i=1,j=5,k=25): max|eig|=2.375176
ïżœïżœïżœÈ¶ïżœïżœïżœïżœïżœïżœïżœ: 173 / 4125
ïżœßœïżœ(ïżœïżœïżœïżœïżœïżœïżœïżœ)ïżœïżœïżœïżœïżœïżœ: 3908 / 4125
================================

========== ïżœïżœïżœïżœïżœïżœïżœ ==========
ïżœïżœïżœæ”œ: E:\Matlab\Simulink\S-Function_16\data\models\plant_grid_test.mat
ïżœÄŒïżœïżœïżœĐĄ: 0.22 MB
==============================

========== ïżœïżœïżœïżœïżœïżœïżœÔ»ïżœïżœïżœïżœÌœïżœïżœïżœ ==========

  ïżœïżœïżœÔ»ïżœïżœïżœÉŁïżœ
  ïżœïżœïżœĘżïżœÎŹïżœïżœ: A(11ïżœïżœ15ïżœïżœ25ïżœïżœ4ïżœïżœ4)
  ïżœïżœïżœÈ¶ïżœïżœïżœïżœïżœ: 173 / 4125

  ïżœïżœïżœïżœïżœïżœïżœĘżâ”œ E:\Matlab\Simulink\S-Function_16\data\models\lin_agv_db.mat...
  ïżœïżœ ïżœŃ±ïżœïżœïżœ (0.14 MB, Ts=0.010s)

ïżœïżœïżœïżœïżœïżœ4/5ïżœïżœïżœïżœïżœïżœMPCïżœïżœïżœïżœïżœïżœ...
  ? ïżœŃŒïżœïżœŰ±ïżœÒ¶ËčïżœĆ»ïżœÈšïżœïżœ (maps_best.mat)
========== MPCïżœïżœïżœïżœïżœïżœïżœïżœïżœ ==========
ïżœïżœïżœïżœïżœïżœïżœïżœ: 0.010 s
Ô€ïżœïżœÊ±ïżœïżœ: Np = 150 ïżœïżœ (1.50 s)
ïżœïżœïżœïżœÊ±ïżœïżœ: Nc = 50 ïżœïżœ (0.50 s)
ŚŽÌŹÎŹïżœïżœ: nx = 4
ïżœïżœïżœïżœÎŹïżœïżœ: nu = 2
ïżœïżœïżœÎŹïżœïżœ: ny = 4
===================================

========== ïżœïżœŚŒïżœïżœïżœïżœïżœïżœ ==========
v0 = 0.14 m/s
ïżœïżœ0 = 0.000 rad/sïżœïżœïżœĐ·ïżœïżœĆŁïżœ
ïżœïżœ0 = 0.00ïżœïżœ
================================

========== ïżœïżœïżœïżœïżœïżœïżœ ==========
MV (ïżœïżœïżœĘ±ïżœïżœïżœ): [1:2] = [F_cmd, omega_cmd]
MD (ïżœïżœïżœïżœïżœĆ¶ïżœ): [3] = [theta]
==============================

-->"Weights.ManipulatedVariables" is empty. Assuming default 0.00000.
-->"Weights.ManipulatedVariablesRate" is empty. Assuming default 0.10000.
-->"Weights.OutputVariables" is empty. Assuming default 1.00000.
   for output(s) y1 y2 and zero weight for output(s) y3 y4 
========== Èšïżœïżœïżœïżœïżœïżœ ==========
ïżœïżœïżœÈšïżœïżœ Q = [63.05, 48.07, 29.51, 1.23]
ïżœïżœïżœïżœÈšïżœïżœ R = [7.364e-04, 5.202e-04]
ïżœïżœïżœïżœÈšïżœïżœ dR = [3.436e-03, 2.212e-01]
==============================

========== ÔŒïżœïżœïżœïżœïżœïżœ ==========
ïżœïżœïżœïżœÔŒïżœïżœ:
  F_cmd ïżœïżœ [-600.0, 600.0] N
  omega_cmd ïżœïżœ [-1.20, 1.20] rad/s
ïżœïżœïżœïżœïżœïżœïżœïżœÔŒïżœïżœ:
  ïżœïżœF ïżœïżœ [-400.0, 400.0] N/step
  ïżœïżœïżœïżœ ïżœïżœ [-0.90, 0.90] (rad/s)/step
ïżœïżœïżœïżœïżœÔŒïżœïżœ:
  e_y ïżœïżœ [-1.00, 1.00] m (ïżœïżœÔŒïżœïżœÈšïżœïżœ: 1.0e+04)
  e_psi ïżœïżœ [-0.50, 0.50] rad (ïżœïżœÔŒïżœïżœÈšïżœïżœ: 1.5e+04)
  e_v, e_omegaïżœïżœïżœïżœÔŒïżœïżœïżœïżœïżœïżœïżœïżœïżœïżœâČ»ïżœïżœïżœĐŁïżœ
==============================

========== ïżœïżœïżœïżœÓłïżœïżœ ==========
rho ïżœïżœÎ§:
  v ïżœïżœ [0.02, 1.20] m/s
  ïżœïżœ ïżœïżœ [-1.200, 1.200] rad/sïżœïżœïżœĐ·ïżœïżœĆŁïżœ
  ïżœïżœ ïżœïżœ [-12.00, 12.00]ïżœïżœ
ÈšïżœŰČïżœÖ”: ïżœïżœïżœïżœ (Q, R, dR ïżœÉ±ïżœ; alpha/betaïżœïżœŚŽ, factor=false)
  ŚąïżœâŁșïżœïżœSimulinkïżœïżœïżœïżœÊœÊčïżœĂŁïżœïżœïżœïżœâČżÈšïżœŰ¶ËżÚŁïżœïżœïżœĆ±ïżœïżœĐžïżœïżœïżœ
ÔŒïżœïżœïżœïżœÖ”: Ö§ïżœïżœ scale_* ïżœë·¶Î§ïżœïżœÖ”ïżœïżœïżœïżœ |ïżœïżœ| ïżœïżœïżœïżœïżœïżœ
==============================

========== MPCïżœïżœïżœïżœïżœïżœïżœïżœïżœïżœïżœïżœïżœ ==========
ïżœïżœïżœïżœïżœïżœïżœïżœïżœïżœ: ïżœïżœÒ»ïżœïżœïżœïżœÓŠMPC
ïżœïżœïżœßžïżœïżœïżœ: Ö§ïżœÖŁïżœÍšïżœïżœ mpc_update_from_rho.mïżœïżœ
ïżœïżœïżœÎżïżœ: [0; 0; 0; 0]ïżœïżœïżœïżœïżœïżœïżœïżœïżœïżœïżœÆŁïżœ
refïżœïżœïżœïżœïżœïżœÔŒ: SimulinkïżœïżœrefïżœËżÚ±ïżœïżœïżœïżœ[0;0;0;0]
ïżœïżœïżœïżœïżœĆ¶ïżœ: thetaïżœïżœïżœÂ¶ÈœïżœÇ°ïżœïżœïżœïżœ
ïżœĆ¶ïżœïżœïżœïżœïżœ: ÍšïżœïżœMDÍšïżœïżœïżœïżœÇ°Ô€ïżœïżœïżœÂ¶ïżœÓ°ïżœïżœ
==========================================

  ??????????(??): NaN ms
  MPCïżœïżœïżœïżœïżœïżœïżœïżœïżœïżœïżœïżœÉŁïżœ
  Ô€ïżœïżœÊ±ïżœïżœ: 1.50 s
  ïżœïżœïżœïżœÊ±ïżœïżœ: 0.50 s

  ïżœïżœ ctrl.mat ïżœŃ±ïżœïżœïżœ: E:\Matlab\Simulink\S-Function_16\data\models\ctrl.mat

ïżœïżœïżœïżœïżœïżœ5/5ïżœïżœïżœïżœïżœïżœïżœïżœïżœïżœÄŁïżœÍžïżœïżœïżœ...
  ïżœïżœïżœïżœ5ïżœïżœïżœïżœïżœïżœïżœïżœ:
  [1] ïżœïżœ=[1.00, +0.000, +0.00ïżœïżœ] ïżœïżœ rho_n=[0.831, 0.500, 0.500], max|eig(A)|=1.000
  [2] ïżœïżœ=[1.00, +0.100, +0.00ïżœïżœ] ïżœïżœ rho_n=[0.831, 0.542, 0.500], max|eig(A)|=1.000
  [3] ïżœïżœ=[1.00, -0.100, +0.00ïżœïżœ] ïżœïżœ rho_n=[0.831, 0.458, 0.500], max|eig(A)|=1.000
  [4] ïżœïżœ=[0.90, +0.150, +2.86ïżœïżœ] ïżœïżœ rho_n=[0.746, 0.562, 0.619], max|eig(A)|=1.000
  [5] ïżœïżœ=[1.10, -0.050, -1.72ïżœïżœ] ïżœïżœ rho_n=[0.915, 0.479, 0.428], max|eig(A)|=1.000

ïżœïżœïżœÔłïżœïżœÔŒïżœéĄżïżœïżœŚȘ vs ïżœïżœŚȘïżœïżœÄŁïżœÍČïżœïżœïżœ
  ïżœïżœA(+ïżœïżœ) - A(-ïżœïżœ)ïżœïżœ_F = 4.850e-02
  ïżœïżœB(+ïżœïżœ) - B(-ïżœïżœ)ïżœïżœ_F = 1.001e-05
  ? ÄŁïżœïżœïżœïżœÈ·ïżœïżœïżœïżœïżœïżœïżœïżœŚȘïżœïżœïżœĐ·ïżœïżœĆŠïżœïżœïżœĐ§ïżœïżœ

ïżœïżœïżœïżœïżœÓ»ïżœïżœïżœïżœïżœŚŒÄŁïżœÍŒïżœïżœïżœÖČïżœ
  ïżœïżœóŒ«”ïżœÄŁ: 1.000000
  ïżœïżœ ïżœßœïżœïżœÈ¶ïżœïżœïżœïżœïżœïżœïżœïżœïżœïżœïżœ/ïżœïżœïżœÖŒïżœïżœïżœïżœïżœ z=1ïżœïżœ

========================================
  ïżœïżœïżœïżœïżœïżœïżœÌČïżœïżœïżœïżœïżœÉŁïżœ
========================================
ïżœïżœïżœÉ”ïżœïżœÄŒïżœ:
  - plant_grid_test.mat (LPVÄŁïżœïżœïżœïżœïżœĘżïżœ)

ÊčïżœïżœË”ïżœïżœ:
  1. ïżœïżœ Simulink ïżœïżœÊčïżœïżœ Adaptive MPC ïżœïżœ
  2. ïżœïżœïżœïżœ"ïżœÔ¶ïżœïżœïżœÄŁïżœÍžïżœïżœÂșïżœïżœïżœ"ïżœïżœïżœïżœ mpc_update_from_rho
  3. ïżœïżœïżœïżœïżœïżœÈ±ïżœïżœïżœ rho = [v; omega; theta]ïżœïżœŚąïżœâŁșomegaïżœĐ·ïżœïżœĆŁïżœ
  4. MPCïżœïżœïżœÔ¶ïżœïżœïżœÖ”ïżœïżœïżœïżœÔ€ïżœïżœÄŁïżœÍŁïżœïżœïżœïżœïżœïżœÔČïżœÖ”ïżœïżœ

ïżœïżœÒ»ïżœïżœ:
  - ïżœïżœïżœïżœïżœïżœïżœïżœïżœÜ¶ïżœïżœïżœïżœïżœßŸïżœïżœïżœ
  - ÊčïżœĂ±ïżœÒ¶ËčïżœĆ»ïżœïżœïżœïżœïżœÈšïżœïżœ
  - ïżœïżœïżœÉ”ïżœïżœïżœïżœïżœïżœïżœSimulinkïżœïżœïżœïżœ
========================================
