
===== START modern_tcn_theta_calib_w1p0_lam055_f100_nf200_seed21 2026-05-07 23:05:27 =====
[ModernTCN theta finetune] start
  base=results\modern_tcn\modern_tcn_v4_turn_focus_A_seed21\modern_tcn_seed21.pt
  dataset=data\tcn\ModernTCN_dataset_v4_industrial.mat
  train/val/test=63022/13141/13596
  output=E:\Matlab\Simulink\S-Function_16\results\modern_tcn\modern_tcn_theta_calib_w1p0_lam055_f100_nf200_seed21
  device=cuda
  trainable_params=288
  theta_weight neg/pos=1.000/1.000
  epoch 001 train=0.01048 val=0.08380 theta=0.5335 pos6_8=1.1651 neg8_6=0.4644 flat_p95=0.9593 flat_bias=0.0743 score=0.13174
  epoch 005 train=0.00937 val=0.08380 theta=0.5533 pos6_8=1.1006 neg8_6=0.3345 flat_p95=0.9810 flat_bias=-0.0466 score=0.13234
[ModernTCN theta finetune] early stop epoch=9, best_epoch=1
[ModernTCN theta finetune] done
  checkpoint=E:\Matlab\Simulink\S-Function_16\results\modern_tcn\modern_tcn_theta_calib_w1p0_lam055_f100_nf200_seed21\modern_tcn_seed21.pt
  theta=0.4679 deg
  theta_pos_6_8=0.9694 deg
  theta_neg_8_6=0.7361 deg
  flat_p95=1.0065 deg
  flat_bias=0.0606 deg
  near_flat_p95=0.8474 deg
  main=0.9867 turn=0.9529
===== END modern_tcn_theta_calib_w1p0_lam055_f100_nf200_seed21 2026-05-07 23:06:32 =====
