
===== START modern_tcn_theta_calib_uflast_w1p0_lam100_f100_nf200_seed21 2026-05-07 23:32:12 =====
[ModernTCN theta finetune] start
  base=results\modern_tcn\modern_tcn_v4_turn_focus_A_seed21\modern_tcn_seed21.pt
  dataset=data\tcn\ModernTCN_dataset_v4_industrial.mat
  train/val/test=63022/13141/13596
  output=E:\Matlab\Simulink\S-Function_16\results\modern_tcn\modern_tcn_theta_calib_uflast_w1p0_lam100_f100_nf200_seed21
  device=cuda
  trainable_params=19232
  theta_weight neg/pos=1.000/1.000
  epoch 001 train=0.00769 val=0.09838 theta=0.4643 pos6_8=1.0358 neg8_6=0.3867 flat_p95=1.0128 flat_bias=0.0767 score=0.14892
  epoch 005 train=0.00590 val=0.11392 theta=0.4766 pos6_8=0.7993 neg8_6=0.3461 flat_p95=1.0837 flat_bias=0.2539 score=0.20394
[ModernTCN theta finetune] early stop epoch=9, best_epoch=1
[ModernTCN theta finetune] done
  checkpoint=E:\Matlab\Simulink\S-Function_16\results\modern_tcn\modern_tcn_theta_calib_uflast_w1p0_lam100_f100_nf200_seed21\modern_tcn_seed21.pt
  theta=0.4184 deg
  theta_pos_6_8=0.8247 deg
  theta_neg_8_6=0.5424 deg
  flat_p95=1.0533 deg
  flat_bias=0.0671 deg
  near_flat_p95=0.8827 deg
  main=0.9870 turn=0.9523
===== END modern_tcn_theta_calib_uflast_w1p0_lam100_f100_nf200_seed21 2026-05-07 23:33:10 =====
