
===== START modern_tcn_theta_calib_w1p0_lam075_f150_nf300_seed21 2026-05-07 23:08:30 =====
[ModernTCN theta finetune] start
  base=results\modern_tcn\modern_tcn_v4_turn_focus_A_seed21\modern_tcn_seed21.pt
  dataset=data\tcn\ModernTCN_dataset_v4_industrial.mat
  train/val/test=63022/13141/13596
  output=E:\Matlab\Simulink\S-Function_16\results\modern_tcn\modern_tcn_theta_calib_w1p0_lam075_f150_nf300_seed21
  device=cuda
  trainable_params=288
  theta_weight neg/pos=1.000/1.000
  epoch 001 train=0.01130 val=0.08428 theta=0.6151 pos6_8=0.9431 neg8_6=0.6697 flat_p95=1.3001 flat_bias=0.3858 score=0.29189
  epoch 005 train=0.00974 val=0.08395 theta=0.5815 pos6_8=0.9510 neg8_6=0.3878 flat_p95=1.0428 flat_bias=0.0904 score=0.15047
  epoch 010 train=0.01015 val=0.08400 theta=0.6835 pos6_8=0.8680 neg8_6=0.6730 flat_p95=1.0436 flat_bias=0.1169 score=0.15388
[ModernTCN theta finetune] early stop epoch=10, best_epoch=2
[ModernTCN theta finetune] done
  checkpoint=E:\Matlab\Simulink\S-Function_16\results\modern_tcn\modern_tcn_theta_calib_w1p0_lam075_f150_nf300_seed21\modern_tcn_seed21.pt
  theta=0.5188 deg
  theta_pos_6_8=1.2278 deg
  theta_neg_8_6=0.5435 deg
  flat_p95=0.9761 deg
  flat_bias=0.0148 deg
  near_flat_p95=0.8420 deg
  main=0.9867 turn=0.9529
===== END modern_tcn_theta_calib_w1p0_lam075_f150_nf300_seed21 2026-05-07 23:09:38 =====
