
===== START modern_tcn_theta_calib_w1p0_lam075_f100_nf200_seed21 2026-05-07 23:06:32 =====
[ModernTCN theta finetune] start
  base=results\modern_tcn\modern_tcn_v4_turn_focus_A_seed21\modern_tcn_seed21.pt
  dataset=data\tcn\ModernTCN_dataset_v4_industrial.mat
  train/val/test=63022/13141/13596
  output=E:\Matlab\Simulink\S-Function_16\results\modern_tcn\modern_tcn_theta_calib_w1p0_lam075_f100_nf200_seed21
  device=cuda
  trainable_params=288
  theta_weight neg/pos=1.000/1.000
  epoch 001 train=0.01023 val=0.08397 theta=0.5515 pos6_8=0.8896 neg8_6=0.5644 flat_p95=1.1730 flat_bias=0.2676 score=0.21517
  epoch 005 train=0.00962 val=0.08388 theta=0.5207 pos6_8=0.9020 neg8_6=0.3710 flat_p95=1.0931 flat_bias=0.1568 score=0.16868
  epoch 010 train=0.00936 val=0.08393 theta=0.6561 pos6_8=1.0045 neg8_6=0.4578 flat_p95=1.1450 flat_bias=0.1071 score=0.19354
  epoch 015 train=0.00931 val=0.08387 theta=0.5779 pos6_8=1.1794 neg8_6=0.5049 flat_p95=1.0702 flat_bias=-0.0982 score=0.16122
[ModernTCN theta finetune] early stop epoch=19, best_epoch=11
[ModernTCN theta finetune] done
  checkpoint=E:\Matlab\Simulink\S-Function_16\results\modern_tcn\modern_tcn_theta_calib_w1p0_lam075_f100_nf200_seed21\modern_tcn_seed21.pt
  theta=0.5168 deg
  theta_pos_6_8=1.2236 deg
  theta_neg_8_6=0.4556 deg
  flat_p95=1.1162 deg
  flat_bias=0.1154 deg
  near_flat_p95=1.1702 deg
  main=0.9867 turn=0.9529
===== END modern_tcn_theta_calib_w1p0_lam075_f100_nf200_seed21 2026-05-07 23:08:30 =====
