
===== START modern_tcn_theta_calib_w1p0p125_lam075_f100_nf200_seed21 2026-05-07 23:13:01 =====
[ModernTCN theta finetune] start
  base=results\modern_tcn\modern_tcn_v4_turn_focus_A_seed21\modern_tcn_seed21.pt
  dataset=data\tcn\ModernTCN_dataset_v4_industrial.mat
  train/val/test=63022/13141/13596
  output=E:\Matlab\Simulink\S-Function_16\results\modern_tcn\modern_tcn_theta_calib_w1p0p125_lam075_f100_nf200_seed21
  device=cuda
  trainable_params=288
  theta_weight neg/pos=1.000/1.250
  epoch 001 train=0.01030 val=0.08393 theta=0.5417 pos6_8=0.8819 neg8_6=0.5661 flat_p95=1.1403 flat_bias=0.2193 score=0.19210
  epoch 005 train=0.00941 val=0.08392 theta=0.5082 pos6_8=0.8340 neg8_6=0.3556 flat_p95=1.1249 flat_bias=0.1832 score=0.18107
  epoch 010 train=0.00937 val=0.08392 theta=0.6400 pos6_8=0.9960 neg8_6=0.4825 flat_p95=1.0950 flat_bias=0.0843 score=0.17305
  epoch 015 train=0.00931 val=0.08387 theta=0.5468 pos6_8=1.0883 neg8_6=0.4830 flat_p95=1.0673 flat_bias=-0.1039 score=0.15913
[ModernTCN theta finetune] early stop epoch=19, best_epoch=11
[ModernTCN theta finetune] done
  checkpoint=E:\Matlab\Simulink\S-Function_16\results\modern_tcn\modern_tcn_theta_calib_w1p0p125_lam075_f100_nf200_seed21\modern_tcn_seed21.pt
  theta=0.5240 deg
  theta_pos_6_8=1.2450 deg
  theta_neg_8_6=0.4607 deg
  flat_p95=1.1042 deg
  flat_bias=0.1240 deg
  near_flat_p95=1.1485 deg
  main=0.9867 turn=0.9529
===== END modern_tcn_theta_calib_w1p0p125_lam075_f100_nf200_seed21 2026-05-07 23:14:39 =====
