
===== START modern_tcn_theta_calib_w1p0_lam100_f150_nf300_seed21 2026-05-07 23:11:25 =====
[ModernTCN theta finetune] start
  base=results\modern_tcn\modern_tcn_v4_turn_focus_A_seed21\modern_tcn_seed21.pt
  dataset=data\tcn\ModernTCN_dataset_v4_industrial.mat
  train/val/test=63022/13141/13596
  output=E:\Matlab\Simulink\S-Function_16\results\modern_tcn\modern_tcn_theta_calib_w1p0_lam100_f150_nf300_seed21
  device=cuda
  trainable_params=288
  theta_weight neg/pos=1.000/1.000
  epoch 001 train=0.01149 val=0.08428 theta=0.5393 pos6_8=1.0057 neg8_6=0.4245 flat_p95=1.2920 flat_bias=0.3697 score=0.28313
  epoch 005 train=0.00946 val=0.08414 theta=0.5146 pos6_8=0.8250 neg8_6=0.3597 flat_p95=1.1820 flat_bias=0.2604 score=0.21638
  epoch 010 train=0.00956 val=0.08405 theta=0.5937 pos6_8=0.9816 neg8_6=0.4189 flat_p95=1.1358 flat_bias=0.1607 score=0.18814
  epoch 015 train=0.00943 val=0.08401 theta=0.5699 pos6_8=1.1997 neg8_6=0.4598 flat_p95=1.0405 flat_bias=-0.0692 score=0.14926
[ModernTCN theta finetune] early stop epoch=17, best_epoch=9
[ModernTCN theta finetune] done
  checkpoint=E:\Matlab\Simulink\S-Function_16\results\modern_tcn\modern_tcn_theta_calib_w1p0_lam100_f150_nf300_seed21\modern_tcn_seed21.pt
  theta=0.4817 deg
  theta_pos_6_8=0.9279 deg
  theta_neg_8_6=0.5860 deg
  flat_p95=1.0041 deg
  flat_bias=-0.0965 deg
  near_flat_p95=0.8260 deg
  main=0.9867 turn=0.9529
===== END modern_tcn_theta_calib_w1p0_lam100_f150_nf300_seed21 2026-05-07 23:13:01 =====
