
===== START modern_tcn_theta_calib_w1p0_lam100_f100_nf200_seed21 2026-05-07 23:09:38 =====
[ModernTCN theta finetune] start
  base=results\modern_tcn\modern_tcn_v4_turn_focus_A_seed21\modern_tcn_seed21.pt
  dataset=data\tcn\ModernTCN_dataset_v4_industrial.mat
  train/val/test=63022/13141/13596
  output=E:\Matlab\Simulink\S-Function_16\results\modern_tcn\modern_tcn_theta_calib_w1p0_lam100_f100_nf200_seed21
  device=cuda
  trainable_params=288
  theta_weight neg/pos=1.000/1.000
  epoch 001 train=0.01025 val=0.08406 theta=0.5282 pos6_8=0.7763 neg8_6=0.5227 flat_p95=1.3191 flat_bias=0.2716 score=0.27384
  epoch 005 train=0.00948 val=0.08411 theta=0.5378 pos6_8=0.6951 neg8_6=0.3728 flat_p95=1.4428 flat_bias=0.2554 score=0.32036
  epoch 010 train=0.00940 val=0.08394 theta=0.5570 pos6_8=1.0669 neg8_6=0.4170 flat_p95=1.1673 flat_bias=-0.0538 score=0.19952
  epoch 015 train=0.00935 val=0.08395 theta=0.5753 pos6_8=1.0992 neg8_6=0.5581 flat_p95=1.1353 flat_bias=-0.1056 score=0.18724
[ModernTCN theta finetune] early stop epoch=17, best_epoch=9
[ModernTCN theta finetune] done
  checkpoint=E:\Matlab\Simulink\S-Function_16\results\modern_tcn\modern_tcn_theta_calib_w1p0_lam100_f100_nf200_seed21\modern_tcn_seed21.pt
  theta=0.4590 deg
  theta_pos_6_8=0.8530 deg
  theta_neg_8_6=0.5434 deg
  flat_p95=1.0853 deg
  flat_bias=-0.0349 deg
  near_flat_p95=0.8873 deg
  main=0.9867 turn=0.9529
===== END modern_tcn_theta_calib_w1p0_lam100_f100_nf200_seed21 2026-05-07 23:11:25 =====
